The target system is: Generic - 1 - 
The host system is: Linux - 4.15.0-30deepin-generic - x86_64
Compiling the C compiler identification source file "CMakeCCompilerId.c" succeeded.
Compiler: /home/alchemic_ronin/STM32/gcc-arm-none-eabi-9-2019-q4-major/bin/arm-none-eabi-gcc 
Build flags: -mcpu=cortex-m4;;-mthumb;-mthumb-interwork;-ffunction-sections;-fdata-sections;;;;;-g;-fno-common;-fmessage-length=0;-specs=nosys.specs;-specs=nano.specs;-std=gnu99
Id flags:  

The output was:
0


Compilation of the C compiler identification source "CMakeCCompilerId.c" produced "a.out"

The C compiler identification is GNU, found in "/home/alchemic_ronin/Documents/-STM32-RoboMaster-/RoboMaster05-1/cmake-build-debug/CMakeFiles/3.15.3/CompilerIdC/a.out"

Compiling the CXX compiler identification source file "CMakeCXXCompilerId.cpp" succeeded.
Compiler: /home/alchemic_ronin/STM32/gcc-arm-none-eabi-9-2019-q4-major/bin/arm-none-eabi-g++ 
Build flags: -mcpu=cortex-m4;;-mthumb;-mthumb-interwork;-ffunction-sections;-fdata-sections;;;;;-g;-fno-common;-fmessage-length=0;-specs=nosys.specs;-specs=nano.specs;-std=c++11
Id flags:  

The output was:
0


Compilation of the CXX compiler identification source "CMakeCXXCompilerId.cpp" produced "a.out"

The CXX compiler identification is GNU, found in "/home/alchemic_ronin/Documents/-STM32-RoboMaster-/RoboMaster05-1/cmake-build-debug/CMakeFiles/3.15.3/CompilerIdCXX/a.out"

Checking whether the ASM compiler is GNU using "--version" matched "(GNU assembler)|(GCC)|(Free Software Foundation)":
arm-none-eabi-gcc (GNU Tools for Arm Embedded Processors 9-2019-q4-major) 9.2.1 20191025 (release) [ARM/arm-9-branch revision 277599]
Copyright (C) 2019 Free Software Foundation, Inc.
This is free software; see the source for copying conditions.  There is NO
warranty; not even for MERCHANTABILITY or FITNESS FOR A PARTICULAR PURPOSE.

Detecting C compiler ABI info compiled with the following output:
Change Dir: /home/alchemic_ronin/Documents/-STM32-RoboMaster-/RoboMaster05-1/cmake-build-debug/CMakeFiles/CMakeTmp

Run Build Command(s):/usr/bin/make cmTC_89b21/fast && /usr/bin/make -f CMakeFiles/cmTC_89b21.dir/build.make CMakeFiles/cmTC_89b21.dir/build
make[1]: Entering directory '/home/alchemic_ronin/Documents/-STM32-RoboMaster-/RoboMaster05-1/cmake-build-debug/CMakeFiles/CMakeTmp'
Building C object CMakeFiles/cmTC_89b21.dir/CMakeCCompilerABI.c.obj
/home/alchemic_ronin/STM32/gcc-arm-none-eabi-9-2019-q4-major/bin/arm-none-eabi-gcc   -mcpu=cortex-m4  -mthumb -mthumb-interwork -ffunction-sections -fdata-sections     -g -fno-common -fmessage-length=0 -specs=nosys.specs -specs=nano.specs -std=gnu99    -v -o CMakeFiles/cmTC_89b21.dir/CMakeCCompilerABI.c.obj   -c /opt/clion-2019.3.4/bin/cmake/linux/share/cmake-3.15/Modules/CMakeCCompilerABI.c
Using built-in specs.
Reading specs from /home/alchemic_ronin/STM32/gcc-arm-none-eabi-9-2019-q4-major/bin/../lib/gcc/arm-none-eabi/9.2.1/../../../../arm-none-eabi/lib/nosys.specs
rename spec link_gcc_c_sequence to nosys_link_gcc_c_sequence
Reading specs from /home/alchemic_ronin/STM32/gcc-arm-none-eabi-9-2019-q4-major/bin/../lib/gcc/arm-none-eabi/9.2.1/../../../../arm-none-eabi/lib/nano.specs
rename spec link to nano_link
rename spec link_gcc_c_sequence to nano_link_gcc_c_sequence
rename spec cpp_unique_options to nano_cpp_unique_options
COLLECT_GCC=/home/alchemic_ronin/STM32/gcc-arm-none-eabi-9-2019-q4-major/bin/arm-none-eabi-gcc
Target: arm-none-eabi
Configured with: /mnt/workspace/workspace/GCC-9-pipeline/jenkins-GCC-9-pipeline-100_20191030_1572397542/src/gcc/configure --target=arm-none-eabi --prefix=/mnt/workspace/workspace/GCC-9-pipeline/jenkins-GCC-9-pipeline-100_20191030_1572397542/install-native --libexecdir=/mnt/workspace/workspace/GCC-9-pipeline/jenkins-GCC-9-pipeline-100_20191030_1572397542/install-native/lib --infodir=/mnt/workspace/workspace/GCC-9-pipeline/jenkins-GCC-9-pipeline-100_20191030_1572397542/install-native/share/doc/gcc-arm-none-eabi/info --mandir=/mnt/workspace/workspace/GCC-9-pipeline/jenkins-GCC-9-pipeline-100_20191030_1572397542/install-native/share/doc/gcc-arm-none-eabi/man --htmldir=/mnt/workspace/workspace/GCC-9-pipeline/jenkins-GCC-9-pipeline-100_20191030_1572397542/install-native/share/doc/gcc-arm-none-eabi/html --pdfdir=/mnt/workspace/workspace/GCC-9-pipeline/jenkins-GCC-9-pipeline-100_20191030_1572397542/install-native/share/doc/gcc-arm-none-eabi/pdf --enable-languages=c,c++ --enable-plugins --disable-decimal-float --disable-libffi --disable-libgomp --disable-libmudflap --disable-libquadmath --disable-libssp --disable-libstdcxx-pch --disable-nls --disable-shared --disable-threads --disable-tls --with-gnu-as --with-gnu-ld --with-newlib --with-headers=yes --with-python-dir=share/gcc-arm-none-eabi --with-sysroot=/mnt/workspace/workspace/GCC-9-pipeline/jenkins-GCC-9-pipeline-100_20191030_1572397542/install-native/arm-none-eabi --build=x86_64-linux-gnu --host=x86_64-linux-gnu --with-gmp=/mnt/workspace/workspace/GCC-9-pipeline/jenkins-GCC-9-pipeline-100_20191030_1572397542/build-native/host-libs/usr --with-mpfr=/mnt/workspace/workspace/GCC-9-pipeline/jenkins-GCC-9-pipeline-100_20191030_1572397542/build-native/host-libs/usr --with-mpc=/mnt/workspace/workspace/GCC-9-pipeline/jenkins-GCC-9-pipeline-100_20191030_1572397542/build-native/host-libs/usr --with-isl=/mnt/workspace/workspace/GCC-9-pipeline/jenkins-GCC-9-pipeline-100_20191030_1572397542/build-native/host-libs/usr --with-libelf=/mnt/workspace/workspace/GCC-9-pipeline/jenkins-GCC-9-pipeline-100_20191030_1572397542/build-native/host-libs/usr --with-host-libstdcxx='-static-libgcc -Wl,-Bstatic,-lstdc++,-Bdynamic -lm' --with-pkgversion='GNU Tools for Arm Embedded Processors 9-2019-q4-major' --with-multilib-list=rmprofile
Thread model: single
gcc version 9.2.1 20191025 (release) [ARM/arm-9-branch revision 277599] (GNU Tools for Arm Embedded Processors 9-2019-q4-major) 
COLLECT_GCC_OPTIONS='-mcpu=cortex-m4' '-mthumb' '-mthumb-interwork' '-ffunction-sections' '-fdata-sections' '-g' '-fno-common' '-fmessage-length=0' '-specs=nosys.specs' '-specs=nano.specs' '-std=gnu99' '-v' '-o' 'CMakeFiles/cmTC_89b21.dir/CMakeCCompilerABI.c.obj' '-c' '-mfloat-abi=soft' '-march=armv7e-m'
 /home/alchemic_ronin/STM32/gcc-arm-none-eabi-9-2019-q4-major/bin/../lib/gcc/arm-none-eabi/9.2.1/cc1 -isystem =/include/newlib-nano -quiet -v -imultilib thumb/v7e-m/nofp -iprefix /home/alchemic_ronin/STM32/gcc-arm-none-eabi-9-2019-q4-major/bin/../lib/gcc/arm-none-eabi/9.2.1/ -isysroot /home/alchemic_ronin/STM32/gcc-arm-none-eabi-9-2019-q4-major/bin/../arm-none-eabi -D__USES_INITFINI__ /opt/clion-2019.3.4/bin/cmake/linux/share/cmake-3.15/Modules/CMakeCCompilerABI.c -quiet -dumpbase CMakeCCompilerABI.c -mcpu=cortex-m4 -mthumb -mthumb-interwork -mfloat-abi=soft -march=armv7e-m -auxbase-strip CMakeFiles/cmTC_89b21.dir/CMakeCCompilerABI.c.obj -g -std=gnu99 -version -ffunction-sections -fdata-sections -fno-common -fmessage-length=0 -o /tmp/ccYyJFFe.s
GNU C99 (GNU Tools for Arm Embedded Processors 9-2019-q4-major) version 9.2.1 20191025 (release) [ARM/arm-9-branch revision 277599] (arm-none-eabi)
	compiled by GNU C version 4.8.4, GMP version 6.1.0, MPFR version 3.1.4, MPC version 1.0.3, isl version isl-0.18-GMP

GGC heuristics: --param ggc-min-expand=100 --param ggc-min-heapsize=131072
ignoring duplicate directory "/home/alchemic_ronin/STM32/gcc-arm-none-eabi-9-2019-q4-major/bin/../lib/gcc/../../lib/gcc/arm-none-eabi/9.2.1/include"
ignoring nonexistent directory "/home/alchemic_ronin/STM32/gcc-arm-none-eabi-9-2019-q4-major/bin/../arm-none-eabi/usr/local/include"
ignoring duplicate directory "/home/alchemic_ronin/STM32/gcc-arm-none-eabi-9-2019-q4-major/bin/../lib/gcc/../../lib/gcc/arm-none-eabi/9.2.1/include-fixed"
ignoring duplicate directory "/home/alchemic_ronin/STM32/gcc-arm-none-eabi-9-2019-q4-major/bin/../lib/gcc/../../lib/gcc/arm-none-eabi/9.2.1/../../../../arm-none-eabi/include"
ignoring nonexistent directory "/home/alchemic_ronin/STM32/gcc-arm-none-eabi-9-2019-q4-major/bin/../arm-none-eabi/usr/include"
#include "..." search starts here:
#include <...> search starts here:
 /home/alchemic_ronin/STM32/gcc-arm-none-eabi-9-2019-q4-major/bin/../arm-none-eabi/include/newlib-nano
 /home/alchemic_ronin/STM32/gcc-arm-none-eabi-9-2019-q4-major/bin/../lib/gcc/arm-none-eabi/9.2.1/include
 /home/alchemic_ronin/STM32/gcc-arm-none-eabi-9-2019-q4-major/bin/../lib/gcc/arm-none-eabi/9.2.1/include-fixed
 /home/alchemic_ronin/STM32/gcc-arm-none-eabi-9-2019-q4-major/bin/../lib/gcc/arm-none-eabi/9.2.1/../../../../arm-none-eabi/include
End of search list.
GNU C99 (GNU Tools for Arm Embedded Processors 9-2019-q4-major) version 9.2.1 20191025 (release) [ARM/arm-9-branch revision 277599] (arm-none-eabi)
	compiled by GNU C version 4.8.4, GMP version 6.1.0, MPFR version 3.1.4, MPC version 1.0.3, isl version isl-0.18-GMP

GGC heuristics: --param ggc-min-expand=100 --param ggc-min-heapsize=131072
Compiler executable checksum: 4381e146d4f016ae8e44a645dba65184
COLLECT_GCC_OPTIONS='-mcpu=cortex-m4' '-mthumb' '-mthumb-interwork' '-ffunction-sections' '-fdata-sections' '-g' '-fno-common' '-fmessage-length=0' '-specs=nosys.specs' '-specs=nano.specs' '-std=gnu99' '-v' '-o' 'CMakeFiles/cmTC_89b21.dir/CMakeCCompilerABI.c.obj' '-c' '-mfloat-abi=soft' '-march=armv7e-m'
 /home/alchemic_ronin/STM32/gcc-arm-none-eabi-9-2019-q4-major/bin/../lib/gcc/arm-none-eabi/9.2.1/../../../../arm-none-eabi/bin/as -v -march=armv7e-m -mthumb-interwork -mfloat-abi=soft -meabi=5 -o CMakeFiles/cmTC_89b21.dir/CMakeCCompilerABI.c.obj /tmp/ccYyJFFe.s
GNU assembler version 2.33.1 (arm-none-eabi) using BFD version (GNU Tools for Arm Embedded Processors 9-2019-q4-major) 2.33.1.20191025
COMPILER_PATH=/home/alchemic_ronin/STM32/gcc-arm-none-eabi-9-2019-q4-major/bin/../lib/gcc/arm-none-eabi/9.2.1/:/home/alchemic_ronin/STM32/gcc-arm-none-eabi-9-2019-q4-major/bin/../lib/gcc/:/home/alchemic_ronin/STM32/gcc-arm-none-eabi-9-2019-q4-major/bin/../lib/gcc/arm-none-eabi/9.2.1/../../../../arm-none-eabi/bin/
LIBRARY_PATH=/home/alchemic_ronin/STM32/gcc-arm-none-eabi-9-2019-q4-major/bin/../lib/gcc/arm-none-eabi/9.2.1/thumb/v7e-m/nofp/:/home/alchemic_ronin/STM32/gcc-arm-none-eabi-9-2019-q4-major/bin/../lib/gcc/arm-none-eabi/9.2.1/../../../../arm-none-eabi/lib/thumb/v7e-m/nofp/:/home/alchemic_ronin/STM32/gcc-arm-none-eabi-9-2019-q4-major/bin/../arm-none-eabi/lib/thumb/v7e-m/nofp/:/home/alchemic_ronin/STM32/gcc-arm-none-eabi-9-2019-q4-major/bin/../lib/gcc/arm-none-eabi/9.2.1/:/home/alchemic_ronin/STM32/gcc-arm-none-eabi-9-2019-q4-major/bin/../lib/gcc/:/home/alchemic_ronin/STM32/gcc-arm-none-eabi-9-2019-q4-major/bin/../lib/gcc/arm-none-eabi/9.2.1/../../../../arm-none-eabi/lib/:/home/alchemic_ronin/STM32/gcc-arm-none-eabi-9-2019-q4-major/bin/../arm-none-eabi/lib/
COLLECT_GCC_OPTIONS='-mcpu=cortex-m4' '-mthumb' '-mthumb-interwork' '-ffunction-sections' '-fdata-sections' '-g' '-fno-common' '-fmessage-length=0' '-specs=nosys.specs' '-specs=nano.specs' '-std=gnu99' '-v' '-o' 'CMakeFiles/cmTC_89b21.dir/CMakeCCompilerABI.c.obj' '-c' '-mfloat-abi=soft' '-march=armv7e-m'
Linking C executable cmTC_89b21
/opt/clion-2019.3.4/bin/cmake/linux/bin/cmake -E cmake_link_script CMakeFiles/cmTC_89b21.dir/link.txt --verbose=1
/home/alchemic_ronin/STM32/gcc-arm-none-eabi-9-2019-q4-major/bin/arm-none-eabi-gcc -mcpu=cortex-m4  -mthumb -mthumb-interwork -ffunction-sections -fdata-sections     -g -fno-common -fmessage-length=0 -specs=nosys.specs -specs=nano.specs -std=gnu99   -Wl,-gc-sections,--print-memory-usage -T /home/alchemic_ronin/Documents/-STM32-RoboMaster-/RoboMaster05-1/STM32F427IIHx_FLASH.ld -v CMakeFiles/cmTC_89b21.dir/CMakeCCompilerABI.c.obj  -o cmTC_89b21 
Using built-in specs.
Reading specs from /home/alchemic_ronin/STM32/gcc-arm-none-eabi-9-2019-q4-major/bin/../lib/gcc/arm-none-eabi/9.2.1/../../../../arm-none-eabi/lib/nosys.specs
rename spec link_gcc_c_sequence to nosys_link_gcc_c_sequence
Reading specs from /home/alchemic_ronin/STM32/gcc-arm-none-eabi-9-2019-q4-major/bin/../lib/gcc/arm-none-eabi/9.2.1/../../../../arm-none-eabi/lib/nano.specs
rename spec link to nano_link
rename spec link_gcc_c_sequence to nano_link_gcc_c_sequence
rename spec cpp_unique_options to nano_cpp_unique_options
COLLECT_GCC=/home/alchemic_ronin/STM32/gcc-arm-none-eabi-9-2019-q4-major/bin/arm-none-eabi-gcc
COLLECT_LTO_WRAPPER=/home/alchemic_ronin/STM32/gcc-arm-none-eabi-9-2019-q4-major/bin/../lib/gcc/arm-none-eabi/9.2.1/lto-wrapper
Target: arm-none-eabi
Configured with: /mnt/workspace/workspace/GCC-9-pipeline/jenkins-GCC-9-pipeline-100_20191030_1572397542/src/gcc/configure --target=arm-none-eabi --prefix=/mnt/workspace/workspace/GCC-9-pipeline/jenkins-GCC-9-pipeline-100_20191030_1572397542/install-native --libexecdir=/mnt/workspace/workspace/GCC-9-pipeline/jenkins-GCC-9-pipeline-100_20191030_1572397542/install-native/lib --infodir=/mnt/workspace/workspace/GCC-9-pipeline/jenkins-GCC-9-pipeline-100_20191030_1572397542/install-native/share/doc/gcc-arm-none-eabi/info --mandir=/mnt/workspace/workspace/GCC-9-pipeline/jenkins-GCC-9-pipeline-100_20191030_1572397542/install-native/share/doc/gcc-arm-none-eabi/man --htmldir=/mnt/workspace/workspace/GCC-9-pipeline/jenkins-GCC-9-pipeline-100_20191030_1572397542/install-native/share/doc/gcc-arm-none-eabi/html --pdfdir=/mnt/workspace/workspace/GCC-9-pipeline/jenkins-GCC-9-pipeline-100_20191030_1572397542/install-native/share/doc/gcc-arm-none-eabi/pdf --enable-languages=c,c++ --enable-plugins --disable-decimal-float --disable-libffi --disable-libgomp --disable-libmudflap --disable-libquadmath --disable-libssp --disable-libstdcxx-pch --disable-nls --disable-shared --disable-threads --disable-tls --with-gnu-as --with-gnu-ld --with-newlib --with-headers=yes --with-python-dir=share/gcc-arm-none-eabi --with-sysroot=/mnt/workspace/workspace/GCC-9-pipeline/jenkins-GCC-9-pipeline-100_20191030_1572397542/install-native/arm-none-eabi --build=x86_64-linux-gnu --host=x86_64-linux-gnu --with-gmp=/mnt/workspace/workspace/GCC-9-pipeline/jenkins-GCC-9-pipeline-100_20191030_1572397542/build-native/host-libs/usr --with-mpfr=/mnt/workspace/workspace/GCC-9-pipeline/jenkins-GCC-9-pipeline-100_20191030_1572397542/build-native/host-libs/usr --with-mpc=/mnt/workspace/workspace/GCC-9-pipeline/jenkins-GCC-9-pipeline-100_20191030_1572397542/build-native/host-libs/usr --with-isl=/mnt/workspace/workspace/GCC-9-pipeline/jenkins-GCC-9-pipeline-100_20191030_1572397542/build-native/host-libs/usr --with-libelf=/mnt/workspace/workspace/GCC-9-pipeline/jenkins-GCC-9-pipeline-100_20191030_1572397542/build-native/host-libs/usr --with-host-libstdcxx='-static-libgcc -Wl,-Bstatic,-lstdc++,-Bdynamic -lm' --with-pkgversion='GNU Tools for Arm Embedded Processors 9-2019-q4-major' --with-multilib-list=rmprofile
Thread model: single
gcc version 9.2.1 20191025 (release) [ARM/arm-9-branch revision 277599] (GNU Tools for Arm Embedded Processors 9-2019-q4-major) 
COMPILER_PATH=/home/alchemic_ronin/STM32/gcc-arm-none-eabi-9-2019-q4-major/bin/../lib/gcc/arm-none-eabi/9.2.1/:/home/alchemic_ronin/STM32/gcc-arm-none-eabi-9-2019-q4-major/bin/../lib/gcc/:/home/alchemic_ronin/STM32/gcc-arm-none-eabi-9-2019-q4-major/bin/../lib/gcc/arm-none-eabi/9.2.1/../../../../arm-none-eabi/bin/
LIBRARY_PATH=/home/alchemic_ronin/STM32/gcc-arm-none-eabi-9-2019-q4-major/bin/../lib/gcc/arm-none-eabi/9.2.1/thumb/v7e-m/nofp/:/home/alchemic_ronin/STM32/gcc-arm-none-eabi-9-2019-q4-major/bin/../lib/gcc/arm-none-eabi/9.2.1/../../../../arm-none-eabi/lib/thumb/v7e-m/nofp/:/home/alchemic_ronin/STM32/gcc-arm-none-eabi-9-2019-q4-major/bin/../arm-none-eabi/lib/thumb/v7e-m/nofp/:/home/alchemic_ronin/STM32/gcc-arm-none-eabi-9-2019-q4-major/bin/../lib/gcc/arm-none-eabi/9.2.1/:/home/alchemic_ronin/STM32/gcc-arm-none-eabi-9-2019-q4-major/bin/../lib/gcc/:/home/alchemic_ronin/STM32/gcc-arm-none-eabi-9-2019-q4-major/bin/../lib/gcc/arm-none-eabi/9.2.1/../../../../arm-none-eabi/lib/:/home/alchemic_ronin/STM32/gcc-arm-none-eabi-9-2019-q4-major/bin/../arm-none-eabi/lib/
COLLECT_GCC_OPTIONS='-mcpu=cortex-m4' '-mthumb' '-mthumb-interwork' '-ffunction-sections' '-fdata-sections' '-g' '-fno-common' '-fmessage-length=0' '-specs=nosys.specs' '-specs=nano.specs' '-std=gnu99' '-T' '/home/alchemic_ronin/Documents/-STM32-RoboMaster-/RoboMaster05-1/STM32F427IIHx_FLASH.ld' '-v' '-o' 'cmTC_89b21' '-mfloat-abi=soft' '-march=armv7e-m'
 /home/alchemic_ronin/STM32/gcc-arm-none-eabi-9-2019-q4-major/bin/../lib/gcc/arm-none-eabi/9.2.1/collect2 -plugin /home/alchemic_ronin/STM32/gcc-arm-none-eabi-9-2019-q4-major/bin/../lib/gcc/arm-none-eabi/9.2.1/liblto_plugin.so -plugin-opt=/home/alchemic_ronin/STM32/gcc-arm-none-eabi-9-2019-q4-major/bin/../lib/gcc/arm-none-eabi/9.2.1/lto-wrapper -plugin-opt=-fresolution=/tmp/cc4xHCLg.res -plugin-opt=-pass-through=-lgcc -plugin-opt=-pass-through=-lg_nano -plugin-opt=-pass-through=-lc_nano -plugin-opt=-pass-through=-lgcc -plugin-opt=-pass-through=-lc_nano -plugin-opt=-pass-through=-lnosys -plugin-opt=-pass-through=-lgcc -plugin-opt=-pass-through=-lc_nano -plugin-opt=-pass-through=-lnosys --sysroot=/home/alchemic_ronin/STM32/gcc-arm-none-eabi-9-2019-q4-major/bin/../arm-none-eabi -X -o cmTC_89b21 /home/alchemic_ronin/STM32/gcc-arm-none-eabi-9-2019-q4-major/bin/../lib/gcc/arm-none-eabi/9.2.1/thumb/v7e-m/nofp/crti.o /home/alchemic_ronin/STM32/gcc-arm-none-eabi-9-2019-q4-major/bin/../lib/gcc/arm-none-eabi/9.2.1/thumb/v7e-m/nofp/crtbegin.o /home/alchemic_ronin/STM32/gcc-arm-none-eabi-9-2019-q4-major/bin/../lib/gcc/arm-none-eabi/9.2.1/../../../../arm-none-eabi/lib/thumb/v7e-m/nofp/crt0.o -L/home/alchemic_ronin/STM32/gcc-arm-none-eabi-9-2019-q4-major/bin/../lib/gcc/arm-none-eabi/9.2.1/thumb/v7e-m/nofp -L/home/alchemic_ronin/STM32/gcc-arm-none-eabi-9-2019-q4-major/bin/../lib/gcc/arm-none-eabi/9.2.1/../../../../arm-none-eabi/lib/thumb/v7e-m/nofp -L/home/alchemic_ronin/STM32/gcc-arm-none-eabi-9-2019-q4-major/bin/../arm-none-eabi/lib/thumb/v7e-m/nofp -L/home/alchemic_ronin/STM32/gcc-arm-none-eabi-9-2019-q4-major/bin/../lib/gcc/arm-none-eabi/9.2.1 -L/home/alchemic_ronin/STM32/gcc-arm-none-eabi-9-2019-q4-major/bin/../lib/gcc -L/home/alchemic_ronin/STM32/gcc-arm-none-eabi-9-2019-q4-major/bin/../lib/gcc/arm-none-eabi/9.2.1/../../../../arm-none-eabi/lib -L/home/alchemic_ronin/STM32/gcc-arm-none-eabi-9-2019-q4-major/bin/../arm-none-eabi/lib -gc-sections --print-memory-usage CMakeFiles/cmTC_89b21.dir/CMakeCCompilerABI.c.obj --start-group -lgcc -lg_nano -lc_nano --end-group --start-group -lgcc -lc_nano -lnosys --end-group --start-group -lgcc -lc_nano -lnosys --end-group /home/alchemic_ronin/STM32/gcc-arm-none-eabi-9-2019-q4-major/bin/../lib/gcc/arm-none-eabi/9.2.1/thumb/v7e-m/nofp/crtend.o /home/alchemic_ronin/STM32/gcc-arm-none-eabi-9-2019-q4-major/bin/../lib/gcc/arm-none-eabi/9.2.1/thumb/v7e-m/nofp/crtn.o -T /home/alchemic_ronin/Documents/-STM32-RoboMaster-/RoboMaster05-1/STM32F427IIHx_FLASH.ld
Memory region         Used Size  Region Size  %age Used
             RAM:        1568 B       192 KB      0.80%
          CCMRAM:          0 GB        64 KB      0.00%
           FLASH:          96 B         2 MB      0.00/home/alchemic_ronin/STM32/gcc-arm-none-eabi-9-2019-q4-major/bin/../lib/gcc/arm-none-eabi/9.2.1/../../../../arm-none-eabi/bin/ld: warning: cannot find entry symbol Reset_Handler; defaulting to 0000000008000000
%
COLLECT_GCC_OPTIONS='-mcpu=cortex-m4' '-mthumb' '-mthumb-interwork' '-ffunction-sections' '-fdata-sections' '-g' '-fno-common' '-fmessage-length=0' '-specs=nosys.specs' '-specs=nano.specs' '-std=gnu99' '-T' '/home/alchemic_ronin/Documents/-STM32-RoboMaster-/RoboMaster05-1/STM32F427IIHx_FLASH.ld' '-v' '-o' 'cmTC_89b21' '-mfloat-abi=soft' '-march=armv7e-m'
make[1]: Leaving directory '/home/alchemic_ronin/Documents/-STM32-RoboMaster-/RoboMaster05-1/cmake-build-debug/CMakeFiles/CMakeTmp'



Parsed C implicit include dir info from above output: rv=done
  found start of include info
  found start of implicit include info
    add: [/home/alchemic_ronin/STM32/gcc-arm-none-eabi-9-2019-q4-major/bin/../arm-none-eabi/include/newlib-nano]
    add: [/home/alchemic_ronin/STM32/gcc-arm-none-eabi-9-2019-q4-major/bin/../lib/gcc/arm-none-eabi/9.2.1/include]
    add: [/home/alchemic_ronin/STM32/gcc-arm-none-eabi-9-2019-q4-major/bin/../lib/gcc/arm-none-eabi/9.2.1/include-fixed]
    add: [/home/alchemic_ronin/STM32/gcc-arm-none-eabi-9-2019-q4-major/bin/../lib/gcc/arm-none-eabi/9.2.1/../../../../arm-none-eabi/include]
  end of search list found
  collapse include dir [/home/alchemic_ronin/STM32/gcc-arm-none-eabi-9-2019-q4-major/bin/../arm-none-eabi/include/newlib-nano] ==> [/home/alchemic_ronin/STM32/gcc-arm-none-eabi-9-2019-q4-major/arm-none-eabi/include/newlib-nano]
  collapse include dir [/home/alchemic_ronin/STM32/gcc-arm-none-eabi-9-2019-q4-major/bin/../lib/gcc/arm-none-eabi/9.2.1/include] ==> [/home/alchemic_ronin/STM32/gcc-arm-none-eabi-9-2019-q4-major/lib/gcc/arm-none-eabi/9.2.1/include]
  collapse include dir [/home/alchemic_ronin/STM32/gcc-arm-none-eabi-9-2019-q4-major/bin/../lib/gcc/arm-none-eabi/9.2.1/include-fixed] ==> [/home/alchemic_ronin/STM32/gcc-arm-none-eabi-9-2019-q4-major/lib/gcc/arm-none-eabi/9.2.1/include-fixed]
  collapse include dir [/home/alchemic_ronin/STM32/gcc-arm-none-eabi-9-2019-q4-major/bin/../lib/gcc/arm-none-eabi/9.2.1/../../../../arm-none-eabi/include] ==> [/home/alchemic_ronin/STM32/gcc-arm-none-eabi-9-2019-q4-major/arm-none-eabi/include]
  implicit include dirs: [/home/alchemic_ronin/STM32/gcc-arm-none-eabi-9-2019-q4-major/arm-none-eabi/include/newlib-nano;/home/alchemic_ronin/STM32/gcc-arm-none-eabi-9-2019-q4-major/lib/gcc/arm-none-eabi/9.2.1/include;/home/alchemic_ronin/STM32/gcc-arm-none-eabi-9-2019-q4-major/lib/gcc/arm-none-eabi/9.2.1/include-fixed;/home/alchemic_ronin/STM32/gcc-arm-none-eabi-9-2019-q4-major/arm-none-eabi/include]


Parsed C implicit link information from above output:
  link line regex: [^( *|.*[/\])(ld|CMAKE_LINK_STARTFILE-NOTFOUND|([^/\]+-)?ld|collect2)[^/\]*( |$)]
  ignore line: [Change Dir: /home/alchemic_ronin/Documents/-STM32-RoboMaster-/RoboMaster05-1/cmake-build-debug/CMakeFiles/CMakeTmp]
  ignore line: []
  ignore line: [Run Build Command(s):/usr/bin/make cmTC_89b21/fast && /usr/bin/make -f CMakeFiles/cmTC_89b21.dir/build.make CMakeFiles/cmTC_89b21.dir/build]
  ignore line: [make[1]: Entering directory '/home/alchemic_ronin/Documents/-STM32-RoboMaster-/RoboMaster05-1/cmake-build-debug/CMakeFiles/CMakeTmp']
  ignore line: [Building C object CMakeFiles/cmTC_89b21.dir/CMakeCCompilerABI.c.obj]
  ignore line: [/home/alchemic_ronin/STM32/gcc-arm-none-eabi-9-2019-q4-major/bin/arm-none-eabi-gcc   -mcpu=cortex-m4  -mthumb -mthumb-interwork -ffunction-sections -fdata-sections     -g -fno-common -fmessage-length=0 -specs=nosys.specs -specs=nano.specs -std=gnu99    -v -o CMakeFiles/cmTC_89b21.dir/CMakeCCompilerABI.c.obj   -c /opt/clion-2019.3.4/bin/cmake/linux/share/cmake-3.15/Modules/CMakeCCompilerABI.c]
  ignore line: [Using built-in specs.]
  ignore line: [Reading specs from /home/alchemic_ronin/STM32/gcc-arm-none-eabi-9-2019-q4-major/bin/../lib/gcc/arm-none-eabi/9.2.1/../../../../arm-none-eabi/lib/nosys.specs]
  ignore line: [rename spec link_gcc_c_sequence to nosys_link_gcc_c_sequence]
  ignore line: [Reading specs from /home/alchemic_ronin/STM32/gcc-arm-none-eabi-9-2019-q4-major/bin/../lib/gcc/arm-none-eabi/9.2.1/../../../../arm-none-eabi/lib/nano.specs]
  ignore line: [rename spec link to nano_link]
  ignore line: [rename spec link_gcc_c_sequence to nano_link_gcc_c_sequence]
  ignore line: [rename spec cpp_unique_options to nano_cpp_unique_options]
  ignore line: [COLLECT_GCC=/home/alchemic_ronin/STM32/gcc-arm-none-eabi-9-2019-q4-major/bin/arm-none-eabi-gcc]
  ignore line: [Target: arm-none-eabi]
  ignore line: [Configured with: /mnt/workspace/workspace/GCC-9-pipeline/jenkins-GCC-9-pipeline-100_20191030_1572397542/src/gcc/configure --target=arm-none-eabi --prefix=/mnt/workspace/workspace/GCC-9-pipeline/jenkins-GCC-9-pipeline-100_20191030_1572397542/install-native --libexecdir=/mnt/workspace/workspace/GCC-9-pipeline/jenkins-GCC-9-pipeline-100_20191030_1572397542/install-native/lib --infodir=/mnt/workspace/workspace/GCC-9-pipeline/jenkins-GCC-9-pipeline-100_20191030_1572397542/install-native/share/doc/gcc-arm-none-eabi/info --mandir=/mnt/workspace/workspace/GCC-9-pipeline/jenkins-GCC-9-pipeline-100_20191030_1572397542/install-native/share/doc/gcc-arm-none-eabi/man --htmldir=/mnt/workspace/workspace/GCC-9-pipeline/jenkins-GCC-9-pipeline-100_20191030_1572397542/install-native/share/doc/gcc-arm-none-eabi/html --pdfdir=/mnt/workspace/workspace/GCC-9-pipeline/jenkins-GCC-9-pipeline-100_20191030_1572397542/install-native/share/doc/gcc-arm-none-eabi/pdf --enable-languages=c,c++ --enable-plugins --disable-decimal-float --disable-libffi --disable-libgomp --disable-libmudflap --disable-libquadmath --disable-libssp --disable-libstdcxx-pch --disable-nls --disable-shared --disable-threads --disable-tls --with-gnu-as --with-gnu-ld --with-newlib --with-headers=yes --with-python-dir=share/gcc-arm-none-eabi --with-sysroot=/mnt/workspace/workspace/GCC-9-pipeline/jenkins-GCC-9-pipeline-100_20191030_1572397542/install-native/arm-none-eabi --build=x86_64-linux-gnu --host=x86_64-linux-gnu --with-gmp=/mnt/workspace/workspace/GCC-9-pipeline/jenkins-GCC-9-pipeline-100_20191030_1572397542/build-native/host-libs/usr --with-mpfr=/mnt/workspace/workspace/GCC-9-pipeline/jenkins-GCC-9-pipeline-100_20191030_1572397542/build-native/host-libs/usr --with-mpc=/mnt/workspace/workspace/GCC-9-pipeline/jenkins-GCC-9-pipeline-100_20191030_1572397542/build-native/host-libs/usr --with-isl=/mnt/workspace/workspace/GCC-9-pipeline/jenkins-GCC-9-pipeline-100_20191030_1572397542/build-native/host-libs/usr --with-libelf=/mnt/workspace/workspace/GCC-9-pipeline/jenkins-GCC-9-pipeline-100_20191030_1572397542/build-native/host-libs/usr --with-host-libstdcxx='-static-libgcc -Wl,-Bstatic,-lstdc++,-Bdynamic -lm' --with-pkgversion='GNU Tools for Arm Embedded Processors 9-2019-q4-major' --with-multilib-list=rmprofile]
  ignore line: [Thread model: single]
  ignore line: [gcc version 9.2.1 20191025 (release) [ARM/arm-9-branch revision 277599] (GNU Tools for Arm Embedded Processors 9-2019-q4-major) ]
  ignore line: [COLLECT_GCC_OPTIONS='-mcpu=cortex-m4' '-mthumb' '-mthumb-interwork' '-ffunction-sections' '-fdata-sections' '-g' '-fno-common' '-fmessage-length=0' '-specs=nosys.specs' '-specs=nano.specs' '-std=gnu99' '-v' '-o' 'CMakeFiles/cmTC_89b21.dir/CMakeCCompilerABI.c.obj' '-c' '-mfloat-abi=soft' '-march=armv7e-m']
  ignore line: [ /home/alchemic_ronin/STM32/gcc-arm-none-eabi-9-2019-q4-major/bin/../lib/gcc/arm-none-eabi/9.2.1/cc1 -isystem =/include/newlib-nano -quiet -v -imultilib thumb/v7e-m/nofp -iprefix /home/alchemic_ronin/STM32/gcc-arm-none-eabi-9-2019-q4-major/bin/../lib/gcc/arm-none-eabi/9.2.1/ -isysroot /home/alchemic_ronin/STM32/gcc-arm-none-eabi-9-2019-q4-major/bin/../arm-none-eabi -D__USES_INITFINI__ /opt/clion-2019.3.4/bin/cmake/linux/share/cmake-3.15/Modules/CMakeCCompilerABI.c -quiet -dumpbase CMakeCCompilerABI.c -mcpu=cortex-m4 -mthumb -mthumb-interwork -mfloat-abi=soft -march=armv7e-m -auxbase-strip CMakeFiles/cmTC_89b21.dir/CMakeCCompilerABI.c.obj -g -std=gnu99 -version -ffunction-sections -fdata-sections -fno-common -fmessage-length=0 -o /tmp/ccYyJFFe.s]
  ignore line: [GNU C99 (GNU Tools for Arm Embedded Processors 9-2019-q4-major) version 9.2.1 20191025 (release) [ARM/arm-9-branch revision 277599] (arm-none-eabi)]
  ignore line: [	compiled by GNU C version 4.8.4, GMP version 6.1.0, MPFR version 3.1.4, MPC version 1.0.3, isl version isl-0.18-GMP]
  ignore line: []
  ignore line: [GGC heuristics: --param ggc-min-expand=100 --param ggc-min-heapsize=131072]
  ignore line: [ignoring duplicate directory "/home/alchemic_ronin/STM32/gcc-arm-none-eabi-9-2019-q4-major/bin/../lib/gcc/../../lib/gcc/arm-none-eabi/9.2.1/include"]
  ignore line: [ignoring nonexistent directory "/home/alchemic_ronin/STM32/gcc-arm-none-eabi-9-2019-q4-major/bin/../arm-none-eabi/usr/local/include"]
  ignore line: [ignoring duplicate directory "/home/alchemic_ronin/STM32/gcc-arm-none-eabi-9-2019-q4-major/bin/../lib/gcc/../../lib/gcc/arm-none-eabi/9.2.1/include-fixed"]
  ignore line: [ignoring duplicate directory "/home/alchemic_ronin/STM32/gcc-arm-none-eabi-9-2019-q4-major/bin/../lib/gcc/../../lib/gcc/arm-none-eabi/9.2.1/../../../../arm-none-eabi/include"]
  ignore line: [ignoring nonexistent directory "/home/alchemic_ronin/STM32/gcc-arm-none-eabi-9-2019-q4-major/bin/../arm-none-eabi/usr/include"]
  ignore line: [#include "..." search starts here:]
  ignore line: [#include <...> search starts here:]
  ignore line: [ /home/alchemic_ronin/STM32/gcc-arm-none-eabi-9-2019-q4-major/bin/../arm-none-eabi/include/newlib-nano]
  ignore line: [ /home/alchemic_ronin/STM32/gcc-arm-none-eabi-9-2019-q4-major/bin/../lib/gcc/arm-none-eabi/9.2.1/include]
  ignore line: [ /home/alchemic_ronin/STM32/gcc-arm-none-eabi-9-2019-q4-major/bin/../lib/gcc/arm-none-eabi/9.2.1/include-fixed]
  ignore line: [ /home/alchemic_ronin/STM32/gcc-arm-none-eabi-9-2019-q4-major/bin/../lib/gcc/arm-none-eabi/9.2.1/../../../../arm-none-eabi/include]
  ignore line: [End of search list.]
  ignore line: [GNU C99 (GNU Tools for Arm Embedded Processors 9-2019-q4-major) version 9.2.1 20191025 (release) [ARM/arm-9-branch revision 277599] (arm-none-eabi)]
  ignore line: [	compiled by GNU C version 4.8.4, GMP version 6.1.0, MPFR version 3.1.4, MPC version 1.0.3, isl version isl-0.18-GMP]
  ignore line: []
  ignore line: [GGC heuristics: --param ggc-min-expand=100 --param ggc-min-heapsize=131072]
  ignore line: [Compiler executable checksum: 4381e146d4f016ae8e44a645dba65184]
  ignore line: [COLLECT_GCC_OPTIONS='-mcpu=cortex-m4' '-mthumb' '-mthumb-interwork' '-ffunction-sections' '-fdata-sections' '-g' '-fno-common' '-fmessage-length=0' '-specs=nosys.specs' '-specs=nano.specs' '-std=gnu99' '-v' '-o' 'CMakeFiles/cmTC_89b21.dir/CMakeCCompilerABI.c.obj' '-c' '-mfloat-abi=soft' '-march=armv7e-m']
  ignore line: [ /home/alchemic_ronin/STM32/gcc-arm-none-eabi-9-2019-q4-major/bin/../lib/gcc/arm-none-eabi/9.2.1/../../../../arm-none-eabi/bin/as -v -march=armv7e-m -mthumb-interwork -mfloat-abi=soft -meabi=5 -o CMakeFiles/cmTC_89b21.dir/CMakeCCompilerABI.c.obj /tmp/ccYyJFFe.s]
  ignore line: [GNU assembler version 2.33.1 (arm-none-eabi) using BFD version (GNU Tools for Arm Embedded Processors 9-2019-q4-major) 2.33.1.20191025]
  ignore line: [COMPILER_PATH=/home/alchemic_ronin/STM32/gcc-arm-none-eabi-9-2019-q4-major/bin/../lib/gcc/arm-none-eabi/9.2.1/:/home/alchemic_ronin/STM32/gcc-arm-none-eabi-9-2019-q4-major/bin/../lib/gcc/:/home/alchemic_ronin/STM32/gcc-arm-none-eabi-9-2019-q4-major/bin/../lib/gcc/arm-none-eabi/9.2.1/../../../../arm-none-eabi/bin/]
  ignore line: [LIBRARY_PATH=/home/alchemic_ronin/STM32/gcc-arm-none-eabi-9-2019-q4-major/bin/../lib/gcc/arm-none-eabi/9.2.1/thumb/v7e-m/nofp/:/home/alchemic_ronin/STM32/gcc-arm-none-eabi-9-2019-q4-major/bin/../lib/gcc/arm-none-eabi/9.2.1/../../../../arm-none-eabi/lib/thumb/v7e-m/nofp/:/home/alchemic_ronin/STM32/gcc-arm-none-eabi-9-2019-q4-major/bin/../arm-none-eabi/lib/thumb/v7e-m/nofp/:/home/alchemic_ronin/STM32/gcc-arm-none-eabi-9-2019-q4-major/bin/../lib/gcc/arm-none-eabi/9.2.1/:/home/alchemic_ronin/STM32/gcc-arm-none-eabi-9-2019-q4-major/bin/../lib/gcc/:/home/alchemic_ronin/STM32/gcc-arm-none-eabi-9-2019-q4-major/bin/../lib/gcc/arm-none-eabi/9.2.1/../../../../arm-none-eabi/lib/:/home/alchemic_ronin/STM32/gcc-arm-none-eabi-9-2019-q4-major/bin/../arm-none-eabi/lib/]
  ignore line: [COLLECT_GCC_OPTIONS='-mcpu=cortex-m4' '-mthumb' '-mthumb-interwork' '-ffunction-sections' '-fdata-sections' '-g' '-fno-common' '-fmessage-length=0' '-specs=nosys.specs' '-specs=nano.specs' '-std=gnu99' '-v' '-o' 'CMakeFiles/cmTC_89b21.dir/CMakeCCompilerABI.c.obj' '-c' '-mfloat-abi=soft' '-march=armv7e-m']
  ignore line: [Linking C executable cmTC_89b21]
  ignore line: [/opt/clion-2019.3.4/bin/cmake/linux/bin/cmake -E cmake_link_script CMakeFiles/cmTC_89b21.dir/link.txt --verbose=1]
  ignore line: [/home/alchemic_ronin/STM32/gcc-arm-none-eabi-9-2019-q4-major/bin/arm-none-eabi-gcc -mcpu=cortex-m4  -mthumb -mthumb-interwork -ffunction-sections -fdata-sections     -g -fno-common -fmessage-length=0 -specs=nosys.specs -specs=nano.specs -std=gnu99   -Wl,-gc-sections,--print-memory-usage -T /home/alchemic_ronin/Documents/-STM32-RoboMaster-/RoboMaster05-1/STM32F427IIHx_FLASH.ld -v CMakeFiles/cmTC_89b21.dir/CMakeCCompilerABI.c.obj  -o cmTC_89b21 ]
  ignore line: [Using built-in specs.]
  ignore line: [Reading specs from /home/alchemic_ronin/STM32/gcc-arm-none-eabi-9-2019-q4-major/bin/../lib/gcc/arm-none-eabi/9.2.1/../../../../arm-none-eabi/lib/nosys.specs]
  ignore line: [rename spec link_gcc_c_sequence to nosys_link_gcc_c_sequence]
  ignore line: [Reading specs from /home/alchemic_ronin/STM32/gcc-arm-none-eabi-9-2019-q4-major/bin/../lib/gcc/arm-none-eabi/9.2.1/../../../../arm-none-eabi/lib/nano.specs]
  ignore line: [rename spec link to nano_link]
  ignore line: [rename spec link_gcc_c_sequence to nano_link_gcc_c_sequence]
  ignore line: [rename spec cpp_unique_options to nano_cpp_unique_options]
  ignore line: [COLLECT_GCC=/home/alchemic_ronin/STM32/gcc-arm-none-eabi-9-2019-q4-major/bin/arm-none-eabi-gcc]
  ignore line: [COLLECT_LTO_WRAPPER=/home/alchemic_ronin/STM32/gcc-arm-none-eabi-9-2019-q4-major/bin/../lib/gcc/arm-none-eabi/9.2.1/lto-wrapper]
  ignore line: [Target: arm-none-eabi]
  ignore line: [Configured with: /mnt/workspace/workspace/GCC-9-pipeline/jenkins-GCC-9-pipeline-100_20191030_1572397542/src/gcc/configure --target=arm-none-eabi --prefix=/mnt/workspace/workspace/GCC-9-pipeline/jenkins-GCC-9-pipeline-100_20191030_1572397542/install-native --libexecdir=/mnt/workspace/workspace/GCC-9-pipeline/jenkins-GCC-9-pipeline-100_20191030_1572397542/install-native/lib --infodir=/mnt/workspace/workspace/GCC-9-pipeline/jenkins-GCC-9-pipeline-100_20191030_1572397542/install-native/share/doc/gcc-arm-none-eabi/info --mandir=/mnt/workspace/workspace/GCC-9-pipeline/jenkins-GCC-9-pipeline-100_20191030_1572397542/install-native/share/doc/gcc-arm-none-eabi/man --htmldir=/mnt/workspace/workspace/GCC-9-pipeline/jenkins-GCC-9-pipeline-100_20191030_1572397542/install-native/share/doc/gcc-arm-none-eabi/html --pdfdir=/mnt/workspace/workspace/GCC-9-pipeline/jenkins-GCC-9-pipeline-100_20191030_1572397542/install-native/share/doc/gcc-arm-none-eabi/pdf --enable-languages=c,c++ --enable-plugins --disable-decimal-float --disable-libffi --disable-libgomp --disable-libmudflap --disable-libquadmath --disable-libssp --disable-libstdcxx-pch --disable-nls --disable-shared --disable-threads --disable-tls --with-gnu-as --with-gnu-ld --with-newlib --with-headers=yes --with-python-dir=share/gcc-arm-none-eabi --with-sysroot=/mnt/workspace/workspace/GCC-9-pipeline/jenkins-GCC-9-pipeline-100_20191030_1572397542/install-native/arm-none-eabi --build=x86_64-linux-gnu --host=x86_64-linux-gnu --with-gmp=/mnt/workspace/workspace/GCC-9-pipeline/jenkins-GCC-9-pipeline-100_20191030_1572397542/build-native/host-libs/usr --with-mpfr=/mnt/workspace/workspace/GCC-9-pipeline/jenkins-GCC-9-pipeline-100_20191030_1572397542/build-native/host-libs/usr --with-mpc=/mnt/workspace/workspace/GCC-9-pipeline/jenkins-GCC-9-pipeline-100_20191030_1572397542/build-native/host-libs/usr --with-isl=/mnt/workspace/workspace/GCC-9-pipeline/jenkins-GCC-9-pipeline-100_20191030_1572397542/build-native/host-libs/usr --with-libelf=/mnt/workspace/workspace/GCC-9-pipeline/jenkins-GCC-9-pipeline-100_20191030_1572397542/build-native/host-libs/usr --with-host-libstdcxx='-static-libgcc -Wl,-Bstatic,-lstdc++,-Bdynamic -lm' --with-pkgversion='GNU Tools for Arm Embedded Processors 9-2019-q4-major' --with-multilib-list=rmprofile]
  ignore line: [Thread model: single]
  ignore line: [gcc version 9.2.1 20191025 (release) [ARM/arm-9-branch revision 277599] (GNU Tools for Arm Embedded Processors 9-2019-q4-major) ]
  ignore line: [COMPILER_PATH=/home/alchemic_ronin/STM32/gcc-arm-none-eabi-9-2019-q4-major/bin/../lib/gcc/arm-none-eabi/9.2.1/:/home/alchemic_ronin/STM32/gcc-arm-none-eabi-9-2019-q4-major/bin/../lib/gcc/:/home/alchemic_ronin/STM32/gcc-arm-none-eabi-9-2019-q4-major/bin/../lib/gcc/arm-none-eabi/9.2.1/../../../../arm-none-eabi/bin/]
  ignore line: [LIBRARY_PATH=/home/alchemic_ronin/STM32/gcc-arm-none-eabi-9-2019-q4-major/bin/../lib/gcc/arm-none-eabi/9.2.1/thumb/v7e-m/nofp/:/home/alchemic_ronin/STM32/gcc-arm-none-eabi-9-2019-q4-major/bin/../lib/gcc/arm-none-eabi/9.2.1/../../../../arm-none-eabi/lib/thumb/v7e-m/nofp/:/home/alchemic_ronin/STM32/gcc-arm-none-eabi-9-2019-q4-major/bin/../arm-none-eabi/lib/thumb/v7e-m/nofp/:/home/alchemic_ronin/STM32/gcc-arm-none-eabi-9-2019-q4-major/bin/../lib/gcc/arm-none-eabi/9.2.1/:/home/alchemic_ronin/STM32/gcc-arm-none-eabi-9-2019-q4-major/bin/../lib/gcc/:/home/alchemic_ronin/STM32/gcc-arm-none-eabi-9-2019-q4-major/bin/../lib/gcc/arm-none-eabi/9.2.1/../../../../arm-none-eabi/lib/:/home/alchemic_ronin/STM32/gcc-arm-none-eabi-9-2019-q4-major/bin/../arm-none-eabi/lib/]
  ignore line: [COLLECT_GCC_OPTIONS='-mcpu=cortex-m4' '-mthumb' '-mthumb-interwork' '-ffunction-sections' '-fdata-sections' '-g' '-fno-common' '-fmessage-length=0' '-specs=nosys.specs' '-specs=nano.specs' '-std=gnu99' '-T' '/home/alchemic_ronin/Documents/-STM32-RoboMaster-/RoboMaster05-1/STM32F427IIHx_FLASH.ld' '-v' '-o' 'cmTC_89b21' '-mfloat-abi=soft' '-march=armv7e-m']
  link line: [ /home/alchemic_ronin/STM32/gcc-arm-none-eabi-9-2019-q4-major/bin/../lib/gcc/arm-none-eabi/9.2.1/collect2 -plugin /home/alchemic_ronin/STM32/gcc-arm-none-eabi-9-2019-q4-major/bin/../lib/gcc/arm-none-eabi/9.2.1/liblto_plugin.so -plugin-opt=/home/alchemic_ronin/STM32/gcc-arm-none-eabi-9-2019-q4-major/bin/../lib/gcc/arm-none-eabi/9.2.1/lto-wrapper -plugin-opt=-fresolution=/tmp/cc4xHCLg.res -plugin-opt=-pass-through=-lgcc -plugin-opt=-pass-through=-lg_nano -plugin-opt=-pass-through=-lc_nano -plugin-opt=-pass-through=-lgcc -plugin-opt=-pass-through=-lc_nano -plugin-opt=-pass-through=-lnosys -plugin-opt=-pass-through=-lgcc -plugin-opt=-pass-through=-lc_nano -plugin-opt=-pass-through=-lnosys --sysroot=/home/alchemic_ronin/STM32/gcc-arm-none-eabi-9-2019-q4-major/bin/../arm-none-eabi -X -o cmTC_89b21 /home/alchemic_ronin/STM32/gcc-arm-none-eabi-9-2019-q4-major/bin/../lib/gcc/arm-none-eabi/9.2.1/thumb/v7e-m/nofp/crti.o /home/alchemic_ronin/STM32/gcc-arm-none-eabi-9-2019-q4-major/bin/../lib/gcc/arm-none-eabi/9.2.1/thumb/v7e-m/nofp/crtbegin.o /home/alchemic_ronin/STM32/gcc-arm-none-eabi-9-2019-q4-major/bin/../lib/gcc/arm-none-eabi/9.2.1/../../../../arm-none-eabi/lib/thumb/v7e-m/nofp/crt0.o -L/home/alchemic_ronin/STM32/gcc-arm-none-eabi-9-2019-q4-major/bin/../lib/gcc/arm-none-eabi/9.2.1/thumb/v7e-m/nofp -L/home/alchemic_ronin/STM32/gcc-arm-none-eabi-9-2019-q4-major/bin/../lib/gcc/arm-none-eabi/9.2.1/../../../../arm-none-eabi/lib/thumb/v7e-m/nofp -L/home/alchemic_ronin/STM32/gcc-arm-none-eabi-9-2019-q4-major/bin/../arm-none-eabi/lib/thumb/v7e-m/nofp -L/home/alchemic_ronin/STM32/gcc-arm-none-eabi-9-2019-q4-major/bin/../lib/gcc/arm-none-eabi/9.2.1 -L/home/alchemic_ronin/STM32/gcc-arm-none-eabi-9-2019-q4-major/bin/../lib/gcc -L/home/alchemic_ronin/STM32/gcc-arm-none-eabi-9-2019-q4-major/bin/../lib/gcc/arm-none-eabi/9.2.1/../../../../arm-none-eabi/lib -L/home/alchemic_ronin/STM32/gcc-arm-none-eabi-9-2019-q4-major/bin/../arm-none-eabi/lib -gc-sections --print-memory-usage CMakeFiles/cmTC_89b21.dir/CMakeCCompilerABI.c.obj --start-group -lgcc -lg_nano -lc_nano --end-group --start-group -lgcc -lc_nano -lnosys --end-group --start-group -lgcc -lc_nano -lnosys --end-group /home/alchemic_ronin/STM32/gcc-arm-none-eabi-9-2019-q4-major/bin/../lib/gcc/arm-none-eabi/9.2.1/thumb/v7e-m/nofp/crtend.o /home/alchemic_ronin/STM32/gcc-arm-none-eabi-9-2019-q4-major/bin/../lib/gcc/arm-none-eabi/9.2.1/thumb/v7e-m/nofp/crtn.o -T /home/alchemic_ronin/Documents/-STM32-RoboMaster-/RoboMaster05-1/STM32F427IIHx_FLASH.ld]
    arg [/home/alchemic_ronin/STM32/gcc-arm-none-eabi-9-2019-q4-major/bin/../lib/gcc/arm-none-eabi/9.2.1/collect2] ==> ignore
    arg [-plugin] ==> ignore
    arg [/home/alchemic_ronin/STM32/gcc-arm-none-eabi-9-2019-q4-major/bin/../lib/gcc/arm-none-eabi/9.2.1/liblto_plugin.so] ==> ignore
    arg [-plugin-opt=/home/alchemic_ronin/STM32/gcc-arm-none-eabi-9-2019-q4-major/bin/../lib/gcc/arm-none-eabi/9.2.1/lto-wrapper] ==> ignore
    arg [-plugin-opt=-fresolution=/tmp/cc4xHCLg.res] ==> ignore
    arg [-plugin-opt=-pass-through=-lgcc] ==> ignore
    arg [-plugin-opt=-pass-through=-lg_nano] ==> ignore
    arg [-plugin-opt=-pass-through=-lc_nano] ==> ignore
    arg [-plugin-opt=-pass-through=-lgcc] ==> ignore
    arg [-plugin-opt=-pass-through=-lc_nano] ==> ignore
    arg [-plugin-opt=-pass-through=-lnosys] ==> ignore
    arg [-plugin-opt=-pass-through=-lgcc] ==> ignore
    arg [-plugin-opt=-pass-through=-lc_nano] ==> ignore
    arg [-plugin-opt=-pass-through=-lnosys] ==> ignore
    arg [--sysroot=/home/alchemic_ronin/STM32/gcc-arm-none-eabi-9-2019-q4-major/bin/../arm-none-eabi] ==> ignore
    arg [-X] ==> ignore
    arg [-o] ==> ignore
    arg [cmTC_89b21] ==> ignore
    arg [/home/alchemic_ronin/STM32/gcc-arm-none-eabi-9-2019-q4-major/bin/../lib/gcc/arm-none-eabi/9.2.1/thumb/v7e-m/nofp/crti.o] ==> ignore
    arg [/home/alchemic_ronin/STM32/gcc-arm-none-eabi-9-2019-q4-major/bin/../lib/gcc/arm-none-eabi/9.2.1/thumb/v7e-m/nofp/crtbegin.o] ==> ignore
    arg [/home/alchemic_ronin/STM32/gcc-arm-none-eabi-9-2019-q4-major/bin/../lib/gcc/arm-none-eabi/9.2.1/../../../../arm-none-eabi/lib/thumb/v7e-m/nofp/crt0.o] ==> ignore
    arg [-L/home/alchemic_ronin/STM32/gcc-arm-none-eabi-9-2019-q4-major/bin/../lib/gcc/arm-none-eabi/9.2.1/thumb/v7e-m/nofp] ==> dir [/home/alchemic_ronin/STM32/gcc-arm-none-eabi-9-2019-q4-major/bin/../lib/gcc/arm-none-eabi/9.2.1/thumb/v7e-m/nofp]
    arg [-L/home/alchemic_ronin/STM32/gcc-arm-none-eabi-9-2019-q4-major/bin/../lib/gcc/arm-none-eabi/9.2.1/../../../../arm-none-eabi/lib/thumb/v7e-m/nofp] ==> dir [/home/alchemic_ronin/STM32/gcc-arm-none-eabi-9-2019-q4-major/bin/../lib/gcc/arm-none-eabi/9.2.1/../../../../arm-none-eabi/lib/thumb/v7e-m/nofp]
    arg [-L/home/alchemic_ronin/STM32/gcc-arm-none-eabi-9-2019-q4-major/bin/../arm-none-eabi/lib/thumb/v7e-m/nofp] ==> dir [/home/alchemic_ronin/STM32/gcc-arm-none-eabi-9-2019-q4-major/bin/../arm-none-eabi/lib/thumb/v7e-m/nofp]
    arg [-L/home/alchemic_ronin/STM32/gcc-arm-none-eabi-9-2019-q4-major/bin/../lib/gcc/arm-none-eabi/9.2.1] ==> dir [/home/alchemic_ronin/STM32/gcc-arm-none-eabi-9-2019-q4-major/bin/../lib/gcc/arm-none-eabi/9.2.1]
    arg [-L/home/alchemic_ronin/STM32/gcc-arm-none-eabi-9-2019-q4-major/bin/../lib/gcc] ==> dir [/home/alchemic_ronin/STM32/gcc-arm-none-eabi-9-2019-q4-major/bin/../lib/gcc]
    arg [-L/home/alchemic_ronin/STM32/gcc-arm-none-eabi-9-2019-q4-major/bin/../lib/gcc/arm-none-eabi/9.2.1/../../../../arm-none-eabi/lib] ==> dir [/home/alchemic_ronin/STM32/gcc-arm-none-eabi-9-2019-q4-major/bin/../lib/gcc/arm-none-eabi/9.2.1/../../../../arm-none-eabi/lib]
    arg [-L/home/alchemic_ronin/STM32/gcc-arm-none-eabi-9-2019-q4-major/bin/../arm-none-eabi/lib] ==> dir [/home/alchemic_ronin/STM32/gcc-arm-none-eabi-9-2019-q4-major/bin/../arm-none-eabi/lib]
    arg [-gc-sections] ==> ignore
    arg [--print-memory-usage] ==> ignore
    arg [CMakeFiles/cmTC_89b21.dir/CMakeCCompilerABI.c.obj] ==> ignore
    arg [--start-group] ==> ignore
    arg [-lgcc] ==> lib [gcc]
    arg [-lg_nano] ==> lib [g_nano]
    arg [-lc_nano] ==> lib [c_nano]
    arg [--end-group] ==> ignore
    arg [--start-group] ==> ignore
    arg [-lgcc] ==> lib [gcc]
    arg [-lc_nano] ==> lib [c_nano]
    arg [-lnosys] ==> lib [nosys]
    arg [--end-group] ==> ignore
    arg [--start-group] ==> ignore
    arg [-lgcc] ==> lib [gcc]
    arg [-lc_nano] ==> lib [c_nano]
    arg [-lnosys] ==> lib [nosys]
    arg [--end-group] ==> ignore
    arg [/home/alchemic_ronin/STM32/gcc-arm-none-eabi-9-2019-q4-major/bin/../lib/gcc/arm-none-eabi/9.2.1/thumb/v7e-m/nofp/crtend.o] ==> ignore
    arg [/home/alchemic_ronin/STM32/gcc-arm-none-eabi-9-2019-q4-major/bin/../lib/gcc/arm-none-eabi/9.2.1/thumb/v7e-m/nofp/crtn.o] ==> ignore
    arg [-T] ==> ignore
    arg [/home/alchemic_ronin/Documents/-STM32-RoboMaster-/RoboMaster05-1/STM32F427IIHx_FLASH.ld] ==> ignore
  collapse library dir [/home/alchemic_ronin/STM32/gcc-arm-none-eabi-9-2019-q4-major/bin/../lib/gcc/arm-none-eabi/9.2.1/thumb/v7e-m/nofp] ==> [/home/alchemic_ronin/STM32/gcc-arm-none-eabi-9-2019-q4-major/lib/gcc/arm-none-eabi/9.2.1/thumb/v7e-m/nofp]
  collapse library dir [/home/alchemic_ronin/STM32/gcc-arm-none-eabi-9-2019-q4-major/bin/../lib/gcc/arm-none-eabi/9.2.1/../../../../arm-none-eabi/lib/thumb/v7e-m/nofp] ==> [/home/alchemic_ronin/STM32/gcc-arm-none-eabi-9-2019-q4-major/arm-none-eabi/lib/thumb/v7e-m/nofp]
  collapse library dir [/home/alchemic_ronin/STM32/gcc-arm-none-eabi-9-2019-q4-major/bin/../arm-none-eabi/lib/thumb/v7e-m/nofp] ==> [/home/alchemic_ronin/STM32/gcc-arm-none-eabi-9-2019-q4-major/arm-none-eabi/lib/thumb/v7e-m/nofp]
  collapse library dir [/home/alchemic_ronin/STM32/gcc-arm-none-eabi-9-2019-q4-major/bin/../lib/gcc/arm-none-eabi/9.2.1] ==> [/home/alchemic_ronin/STM32/gcc-arm-none-eabi-9-2019-q4-major/lib/gcc/arm-none-eabi/9.2.1]
  collapse library dir [/home/alchemic_ronin/STM32/gcc-arm-none-eabi-9-2019-q4-major/bin/../lib/gcc] ==> [/home/alchemic_ronin/STM32/gcc-arm-none-eabi-9-2019-q4-major/lib/gcc]
  collapse library dir [/home/alchemic_ronin/STM32/gcc-arm-none-eabi-9-2019-q4-major/bin/../lib/gcc/arm-none-eabi/9.2.1/../../../../arm-none-eabi/lib] ==> [/home/alchemic_ronin/STM32/gcc-arm-none-eabi-9-2019-q4-major/arm-none-eabi/lib]
  collapse library dir [/home/alchemic_ronin/STM32/gcc-arm-none-eabi-9-2019-q4-major/bin/../arm-none-eabi/lib] ==> [/home/alchemic_ronin/STM32/gcc-arm-none-eabi-9-2019-q4-major/arm-none-eabi/lib]
  implicit libs: [gcc;g_nano;c_nano;gcc;c_nano;nosys;gcc;c_nano;nosys]
  implicit dirs: [/home/alchemic_ronin/STM32/gcc-arm-none-eabi-9-2019-q4-major/lib/gcc/arm-none-eabi/9.2.1/thumb/v7e-m/nofp;/home/alchemic_ronin/STM32/gcc-arm-none-eabi-9-2019-q4-major/arm-none-eabi/lib/thumb/v7e-m/nofp;/home/alchemic_ronin/STM32/gcc-arm-none-eabi-9-2019-q4-major/lib/gcc/arm-none-eabi/9.2.1;/home/alchemic_ronin/STM32/gcc-arm-none-eabi-9-2019-q4-major/lib/gcc;/home/alchemic_ronin/STM32/gcc-arm-none-eabi-9-2019-q4-major/arm-none-eabi/lib]
  implicit fwks: []


Detecting CXX compiler ABI info compiled with the following output:
Change Dir: /home/alchemic_ronin/Documents/-STM32-RoboMaster-/RoboMaster05-1/cmake-build-debug/CMakeFiles/CMakeTmp

Run Build Command(s):/usr/bin/make cmTC_da770/fast && /usr/bin/make -f CMakeFiles/cmTC_da770.dir/build.make CMakeFiles/cmTC_da770.dir/build
make[1]: Entering directory '/home/alchemic_ronin/Documents/-STM32-RoboMaster-/RoboMaster05-1/cmake-build-debug/CMakeFiles/CMakeTmp'
Building CXX object CMakeFiles/cmTC_da770.dir/CMakeCXXCompilerABI.cpp.obj
/home/alchemic_ronin/STM32/gcc-arm-none-eabi-9-2019-q4-major/bin/arm-none-eabi-g++    -mcpu=cortex-m4  -mthumb -mthumb-interwork -ffunction-sections -fdata-sections     -g -fno-common -fmessage-length=0 -specs=nosys.specs -specs=nano.specs -std=c++11    -v -o CMakeFiles/cmTC_da770.dir/CMakeCXXCompilerABI.cpp.obj -c /opt/clion-2019.3.4/bin/cmake/linux/share/cmake-3.15/Modules/CMakeCXXCompilerABI.cpp
Using built-in specs.
Reading specs from /home/alchemic_ronin/STM32/gcc-arm-none-eabi-9-2019-q4-major/bin/../lib/gcc/arm-none-eabi/9.2.1/../../../../arm-none-eabi/lib/nosys.specs
rename spec link_gcc_c_sequence to nosys_link_gcc_c_sequence
Reading specs from /home/alchemic_ronin/STM32/gcc-arm-none-eabi-9-2019-q4-major/bin/../lib/gcc/arm-none-eabi/9.2.1/../../../../arm-none-eabi/lib/nano.specs
rename spec link to nano_link
rename spec link_gcc_c_sequence to nano_link_gcc_c_sequence
rename spec cpp_unique_options to nano_cpp_unique_options
COLLECT_GCC=/home/alchemic_ronin/STM32/gcc-arm-none-eabi-9-2019-q4-major/bin/arm-none-eabi-g++
Target: arm-none-eabi
Configured with: /mnt/workspace/workspace/GCC-9-pipeline/jenkins-GCC-9-pipeline-100_20191030_1572397542/src/gcc/configure --target=arm-none-eabi --prefix=/mnt/workspace/workspace/GCC-9-pipeline/jenkins-GCC-9-pipeline-100_20191030_1572397542/install-native --libexecdir=/mnt/workspace/workspace/GCC-9-pipeline/jenkins-GCC-9-pipeline-100_20191030_1572397542/install-native/lib --infodir=/mnt/workspace/workspace/GCC-9-pipeline/jenkins-GCC-9-pipeline-100_20191030_1572397542/install-native/share/doc/gcc-arm-none-eabi/info --mandir=/mnt/workspace/workspace/GCC-9-pipeline/jenkins-GCC-9-pipeline-100_20191030_1572397542/install-native/share/doc/gcc-arm-none-eabi/man --htmldir=/mnt/workspace/workspace/GCC-9-pipeline/jenkins-GCC-9-pipeline-100_20191030_1572397542/install-native/share/doc/gcc-arm-none-eabi/html --pdfdir=/mnt/workspace/workspace/GCC-9-pipeline/jenkins-GCC-9-pipeline-100_20191030_1572397542/install-native/share/doc/gcc-arm-none-eabi/pdf --enable-languages=c,c++ --enable-plugins --disable-decimal-float --disable-libffi --disable-libgomp --disable-libmudflap --disable-libquadmath --disable-libssp --disable-libstdcxx-pch --disable-nls --disable-shared --disable-threads --disable-tls --with-gnu-as --with-gnu-ld --with-newlib --with-headers=yes --with-python-dir=share/gcc-arm-none-eabi --with-sysroot=/mnt/workspace/workspace/GCC-9-pipeline/jenkins-GCC-9-pipeline-100_20191030_1572397542/install-native/arm-none-eabi --build=x86_64-linux-gnu --host=x86_64-linux-gnu --with-gmp=/mnt/workspace/workspace/GCC-9-pipeline/jenkins-GCC-9-pipeline-100_20191030_1572397542/build-native/host-libs/usr --with-mpfr=/mnt/workspace/workspace/GCC-9-pipeline/jenkins-GCC-9-pipeline-100_20191030_1572397542/build-native/host-libs/usr --with-mpc=/mnt/workspace/workspace/GCC-9-pipeline/jenkins-GCC-9-pipeline-100_20191030_1572397542/build-native/host-libs/usr --with-isl=/mnt/workspace/workspace/GCC-9-pipeline/jenkins-GCC-9-pipeline-100_20191030_1572397542/build-native/host-libs/usr --with-libelf=/mnt/workspace/workspace/GCC-9-pipeline/jenkins-GCC-9-pipeline-100_20191030_1572397542/build-native/host-libs/usr --with-host-libstdcxx='-static-libgcc -Wl,-Bstatic,-lstdc++,-Bdynamic -lm' --with-pkgversion='GNU Tools for Arm Embedded Processors 9-2019-q4-major' --with-multilib-list=rmprofile
Thread model: single
gcc version 9.2.1 20191025 (release) [ARM/arm-9-branch revision 277599] (GNU Tools for Arm Embedded Processors 9-2019-q4-major) 
COLLECT_GCC_OPTIONS='-mcpu=cortex-m4' '-mthumb' '-mthumb-interwork' '-ffunction-sections' '-fdata-sections' '-g' '-fno-common' '-fmessage-length=0' '-specs=nosys.specs' '-specs=nano.specs' '-std=c++11' '-v' '-o' 'CMakeFiles/cmTC_da770.dir/CMakeCXXCompilerABI.cpp.obj' '-c' '-mfloat-abi=soft' '-march=armv7e-m'
 /home/alchemic_ronin/STM32/gcc-arm-none-eabi-9-2019-q4-major/bin/../lib/gcc/arm-none-eabi/9.2.1/cc1plus -isystem =/include/newlib-nano -quiet -v -imultilib thumb/v7e-m/nofp -iprefix /home/alchemic_ronin/STM32/gcc-arm-none-eabi-9-2019-q4-major/bin/../lib/gcc/arm-none-eabi/9.2.1/ -isysroot /home/alchemic_ronin/STM32/gcc-arm-none-eabi-9-2019-q4-major/bin/../arm-none-eabi -D__USES_INITFINI__ /opt/clion-2019.3.4/bin/cmake/linux/share/cmake-3.15/Modules/CMakeCXXCompilerABI.cpp -quiet -dumpbase CMakeCXXCompilerABI.cpp -mcpu=cortex-m4 -mthumb -mthumb-interwork -mfloat-abi=soft -march=armv7e-m -auxbase-strip CMakeFiles/cmTC_da770.dir/CMakeCXXCompilerABI.cpp.obj -g -std=c++11 -version -ffunction-sections -fdata-sections -fno-common -fmessage-length=0 -o /tmp/cct4h9pl.s
GNU C++11 (GNU Tools for Arm Embedded Processors 9-2019-q4-major) version 9.2.1 20191025 (release) [ARM/arm-9-branch revision 277599] (arm-none-eabi)
	compiled by GNU C version 4.8.4, GMP version 6.1.0, MPFR version 3.1.4, MPC version 1.0.3, isl version isl-0.18-GMP

GGC heuristics: --param ggc-min-expand=100 --param ggc-min-heapsize=131072
ignoring duplicate directory "/home/alchemic_ronin/STM32/gcc-arm-none-eabi-9-2019-q4-major/bin/../lib/gcc/../../lib/gcc/arm-none-eabi/9.2.1/../../../../arm-none-eabi/include/c++/9.2.1"
ignoring duplicate directory "/home/alchemic_ronin/STM32/gcc-arm-none-eabi-9-2019-q4-major/bin/../lib/gcc/../../lib/gcc/arm-none-eabi/9.2.1/../../../../arm-none-eabi/include/c++/9.2.1/arm-none-eabi/thumb/v7e-m/nofp"
ignoring duplicate directory "/home/alchemic_ronin/STM32/gcc-arm-none-eabi-9-2019-q4-major/bin/../lib/gcc/../../lib/gcc/arm-none-eabi/9.2.1/../../../../arm-none-eabi/include/c++/9.2.1/backward"
ignoring duplicate directory "/home/alchemic_ronin/STM32/gcc-arm-none-eabi-9-2019-q4-major/bin/../lib/gcc/../../lib/gcc/arm-none-eabi/9.2.1/include"
ignoring nonexistent directory "/home/alchemic_ronin/STM32/gcc-arm-none-eabi-9-2019-q4-major/bin/../arm-none-eabi/usr/local/include"
ignoring duplicate directory "/home/alchemic_ronin/STM32/gcc-arm-none-eabi-9-2019-q4-major/bin/../lib/gcc/../../lib/gcc/arm-none-eabi/9.2.1/include-fixed"
ignoring duplicate directory "/home/alchemic_ronin/STM32/gcc-arm-none-eabi-9-2019-q4-major/bin/../lib/gcc/../../lib/gcc/arm-none-eabi/9.2.1/../../../../arm-none-eabi/include"
ignoring nonexistent directory "/home/alchemic_ronin/STM32/gcc-arm-none-eabi-9-2019-q4-major/bin/../arm-none-eabi/usr/include"
#include "..." search starts here:
#include <...> search starts here:
 /home/alchemic_ronin/STM32/gcc-arm-none-eabi-9-2019-q4-major/bin/../arm-none-eabi/include/newlib-nano
 /home/alchemic_ronin/STM32/gcc-arm-none-eabi-9-2019-q4-major/bin/../lib/gcc/arm-none-eabi/9.2.1/../../../../arm-none-eabi/include/c++/9.2.1
 /home/alchemic_ronin/STM32/gcc-arm-none-eabi-9-2019-q4-major/bin/../lib/gcc/arm-none-eabi/9.2.1/../../../../arm-none-eabi/include/c++/9.2.1/arm-none-eabi/thumb/v7e-m/nofp
 /home/alchemic_ronin/STM32/gcc-arm-none-eabi-9-2019-q4-major/bin/../lib/gcc/arm-none-eabi/9.2.1/../../../../arm-none-eabi/include/c++/9.2.1/backward
 /home/alchemic_ronin/STM32/gcc-arm-none-eabi-9-2019-q4-major/bin/../lib/gcc/arm-none-eabi/9.2.1/include
 /home/alchemic_ronin/STM32/gcc-arm-none-eabi-9-2019-q4-major/bin/../lib/gcc/arm-none-eabi/9.2.1/include-fixed
 /home/alchemic_ronin/STM32/gcc-arm-none-eabi-9-2019-q4-major/bin/../lib/gcc/arm-none-eabi/9.2.1/../../../../arm-none-eabi/include
End of search list.
GNU C++11 (GNU Tools for Arm Embedded Processors 9-2019-q4-major) version 9.2.1 20191025 (release) [ARM/arm-9-branch revision 277599] (arm-none-eabi)
	compiled by GNU C version 4.8.4, GMP version 6.1.0, MPFR version 3.1.4, MPC version 1.0.3, isl version isl-0.18-GMP

GGC heuristics: --param ggc-min-expand=100 --param ggc-min-heapsize=131072
Compiler executable checksum: f480ec8acc882d1f6d9f2efa85949468
COLLECT_GCC_OPTIONS='-mcpu=cortex-m4' '-mthumb' '-mthumb-interwork' '-ffunction-sections' '-fdata-sections' '-g' '-fno-common' '-fmessage-length=0' '-specs=nosys.specs' '-specs=nano.specs' '-std=c++11' '-v' '-o' 'CMakeFiles/cmTC_da770.dir/CMakeCXXCompilerABI.cpp.obj' '-c' '-mfloat-abi=soft' '-march=armv7e-m'
 /home/alchemic_ronin/STM32/gcc-arm-none-eabi-9-2019-q4-major/bin/../lib/gcc/arm-none-eabi/9.2.1/../../../../arm-none-eabi/bin/as -v -march=armv7e-m -mthumb-interwork -mfloat-abi=soft -meabi=5 -o CMakeFiles/cmTC_da770.dir/CMakeCXXCompilerABI.cpp.obj /tmp/cct4h9pl.s
GNU assembler version 2.33.1 (arm-none-eabi) using BFD version (GNU Tools for Arm Embedded Processors 9-2019-q4-major) 2.33.1.20191025
COMPILER_PATH=/home/alchemic_ronin/STM32/gcc-arm-none-eabi-9-2019-q4-major/bin/../lib/gcc/arm-none-eabi/9.2.1/:/home/alchemic_ronin/STM32/gcc-arm-none-eabi-9-2019-q4-major/bin/../lib/gcc/:/home/alchemic_ronin/STM32/gcc-arm-none-eabi-9-2019-q4-major/bin/../lib/gcc/arm-none-eabi/9.2.1/../../../../arm-none-eabi/bin/
LIBRARY_PATH=/home/alchemic_ronin/STM32/gcc-arm-none-eabi-9-2019-q4-major/bin/../lib/gcc/arm-none-eabi/9.2.1/thumb/v7e-m/nofp/:/home/alchemic_ronin/STM32/gcc-arm-none-eabi-9-2019-q4-major/bin/../lib/gcc/arm-none-eabi/9.2.1/../../../../arm-none-eabi/lib/thumb/v7e-m/nofp/:/home/alchemic_ronin/STM32/gcc-arm-none-eabi-9-2019-q4-major/bin/../arm-none-eabi/lib/thumb/v7e-m/nofp/:/home/alchemic_ronin/STM32/gcc-arm-none-eabi-9-2019-q4-major/bin/../lib/gcc/arm-none-eabi/9.2.1/:/home/alchemic_ronin/STM32/gcc-arm-none-eabi-9-2019-q4-major/bin/../lib/gcc/:/home/alchemic_ronin/STM32/gcc-arm-none-eabi-9-2019-q4-major/bin/../lib/gcc/arm-none-eabi/9.2.1/../../../../arm-none-eabi/lib/:/home/alchemic_ronin/STM32/gcc-arm-none-eabi-9-2019-q4-major/bin/../arm-none-eabi/lib/
COLLECT_GCC_OPTIONS='-mcpu=cortex-m4' '-mthumb' '-mthumb-interwork' '-ffunction-sections' '-fdata-sections' '-g' '-fno-common' '-fmessage-length=0' '-specs=nosys.specs' '-specs=nano.specs' '-std=c++11' '-v' '-o' 'CMakeFiles/cmTC_da770.dir/CMakeCXXCompilerABI.cpp.obj' '-c' '-mfloat-abi=soft' '-march=armv7e-m'
Linking CXX executable cmTC_da770
/opt/clion-2019.3.4/bin/cmake/linux/bin/cmake -E cmake_link_script CMakeFiles/cmTC_da770.dir/link.txt --verbose=1
/home/alchemic_ronin/STM32/gcc-arm-none-eabi-9-2019-q4-major/bin/arm-none-eabi-g++  -mcpu=cortex-m4  -mthumb -mthumb-interwork -ffunction-sections -fdata-sections     -g -fno-common -fmessage-length=0 -specs=nosys.specs -specs=nano.specs -std=c++11   -Wl,-gc-sections,--print-memory-usage -T /home/alchemic_ronin/Documents/-STM32-RoboMaster-/RoboMaster05-1/STM32F427IIHx_FLASH.ld -v CMakeFiles/cmTC_da770.dir/CMakeCXXCompilerABI.cpp.obj  -o cmTC_da770 
Using built-in specs.
Reading specs from /home/alchemic_ronin/STM32/gcc-arm-none-eabi-9-2019-q4-major/bin/../lib/gcc/arm-none-eabi/9.2.1/../../../../arm-none-eabi/lib/nosys.specs
rename spec link_gcc_c_sequence to nosys_link_gcc_c_sequence
Reading specs from /home/alchemic_ronin/STM32/gcc-arm-none-eabi-9-2019-q4-major/bin/../lib/gcc/arm-none-eabi/9.2.1/../../../../arm-none-eabi/lib/nano.specs
rename spec link to nano_link
rename spec link_gcc_c_sequence to nano_link_gcc_c_sequence
rename spec cpp_unique_options to nano_cpp_unique_options
COLLECT_GCC=/home/alchemic_ronin/STM32/gcc-arm-none-eabi-9-2019-q4-major/bin/arm-none-eabi-g++
COLLECT_LTO_WRAPPER=/home/alchemic_ronin/STM32/gcc-arm-none-eabi-9-2019-q4-major/bin/../lib/gcc/arm-none-eabi/9.2.1/lto-wrapper
Target: arm-none-eabi
Configured with: /mnt/workspace/workspace/GCC-9-pipeline/jenkins-GCC-9-pipeline-100_20191030_1572397542/src/gcc/configure --target=arm-none-eabi --prefix=/mnt/workspace/workspace/GCC-9-pipeline/jenkins-GCC-9-pipeline-100_20191030_1572397542/install-native --libexecdir=/mnt/workspace/workspace/GCC-9-pipeline/jenkins-GCC-9-pipeline-100_20191030_1572397542/install-native/lib --infodir=/mnt/workspace/workspace/GCC-9-pipeline/jenkins-GCC-9-pipeline-100_20191030_1572397542/install-native/share/doc/gcc-arm-none-eabi/info --mandir=/mnt/workspace/workspace/GCC-9-pipeline/jenkins-GCC-9-pipeline-100_20191030_1572397542/install-native/share/doc/gcc-arm-none-eabi/man --htmldir=/mnt/workspace/workspace/GCC-9-pipeline/jenkins-GCC-9-pipeline-100_20191030_1572397542/install-native/share/doc/gcc-arm-none-eabi/html --pdfdir=/mnt/workspace/workspace/GCC-9-pipeline/jenkins-GCC-9-pipeline-100_20191030_1572397542/install-native/share/doc/gcc-arm-none-eabi/pdf --enable-languages=c,c++ --enable-plugins --disable-decimal-float --disable-libffi --disable-libgomp --disable-libmudflap --disable-libquadmath --disable-libssp --disable-libstdcxx-pch --disable-nls --disable-shared --disable-threads --disable-tls --with-gnu-as --with-gnu-ld --with-newlib --with-headers=yes --with-python-dir=share/gcc-arm-none-eabi --with-sysroot=/mnt/workspace/workspace/GCC-9-pipeline/jenkins-GCC-9-pipeline-100_20191030_1572397542/install-native/arm-none-eabi --build=x86_64-linux-gnu --host=x86_64-linux-gnu --with-gmp=/mnt/workspace/workspace/GCC-9-pipeline/jenkins-GCC-9-pipeline-100_20191030_1572397542/build-native/host-libs/usr --with-mpfr=/mnt/workspace/workspace/GCC-9-pipeline/jenkins-GCC-9-pipeline-100_20191030_1572397542/build-native/host-libs/usr --with-mpc=/mnt/workspace/workspace/GCC-9-pipeline/jenkins-GCC-9-pipeline-100_20191030_1572397542/build-native/host-libs/usr --with-isl=/mnt/workspace/workspace/GCC-9-pipeline/jenkins-GCC-9-pipeline-100_20191030_1572397542/build-native/host-libs/usr --with-libelf=/mnt/workspace/workspace/GCC-9-pipeline/jenkins-GCC-9-pipeline-100_20191030_1572397542/build-native/host-libs/usr --with-host-libstdcxx='-static-libgcc -Wl,-Bstatic,-lstdc++,-Bdynamic -lm' --with-pkgversion='GNU Tools for Arm Embedded Processors 9-2019-q4-major' --with-multilib-list=rmprofile
Thread model: single
gcc version 9.2.1 20191025 (release) [ARM/arm-9-branch revision 277599] (GNU Tools for Arm Embedded Processors 9-2019-q4-major) 
COMPILER_PATH=/home/alchemic_ronin/STM32/gcc-arm-none-eabi-9-2019-q4-major/bin/../lib/gcc/arm-none-eabi/9.2.1/:/home/alchemic_ronin/STM32/gcc-arm-none-eabi-9-2019-q4-major/bin/../lib/gcc/:/home/alchemic_ronin/STM32/gcc-arm-none-eabi-9-2019-q4-major/bin/../lib/gcc/arm-none-eabi/9.2.1/../../../../arm-none-eabi/bin/
LIBRARY_PATH=/home/alchemic_ronin/STM32/gcc-arm-none-eabi-9-2019-q4-major/bin/../lib/gcc/arm-none-eabi/9.2.1/thumb/v7e-m/nofp/:/home/alchemic_ronin/STM32/gcc-arm-none-eabi-9-2019-q4-major/bin/../lib/gcc/arm-none-eabi/9.2.1/../../../../arm-none-eabi/lib/thumb/v7e-m/nofp/:/home/alchemic_ronin/STM32/gcc-arm-none-eabi-9-2019-q4-major/bin/../arm-none-eabi/lib/thumb/v7e-m/nofp/:/home/alchemic_ronin/STM32/gcc-arm-none-eabi-9-2019-q4-major/bin/../lib/gcc/arm-none-eabi/9.2.1/:/home/alchemic_ronin/STM32/gcc-arm-none-eabi-9-2019-q4-major/bin/../lib/gcc/:/home/alchemic_ronin/STM32/gcc-arm-none-eabi-9-2019-q4-major/bin/../lib/gcc/arm-none-eabi/9.2.1/../../../../arm-none-eabi/lib/:/home/alchemic_ronin/STM32/gcc-arm-none-eabi-9-2019-q4-major/bin/../arm-none-eabi/lib/
COLLECT_GCC_OPTIONS='-mcpu=cortex-m4' '-mthumb' '-mthumb-interwork' '-ffunction-sections' '-fdata-sections' '-g' '-fno-common' '-fmessage-length=0' '-specs=nosys.specs' '-specs=nano.specs' '-std=c++11' '-T' '/home/alchemic_ronin/Documents/-STM32-RoboMaster-/RoboMaster05-1/STM32F427IIHx_FLASH.ld' '-v' '-o' 'cmTC_da770' '-mfloat-abi=soft' '-march=armv7e-m'
 /home/alchemic_ronin/STM32/gcc-arm-none-eabi-9-2019-q4-major/bin/../lib/gcc/arm-none-eabi/9.2.1/collect2 -plugin /home/alchemic_ronin/STM32/gcc-arm-none-eabi-9-2019-q4-major/bin/../lib/gcc/arm-none-eabi/9.2.1/liblto_plugin.so -plugin-opt=/home/alchemic_ronin/STM32/gcc-arm-none-eabi-9-2019-q4-major/bin/../lib/gcc/arm-none-eabi/9.2.1/lto-wrapper -plugin-opt=-fresolution=/tmp/ccOrqYVm.res -plugin-opt=-pass-through=-lgcc -plugin-opt=-pass-through=-lg_nano -plugin-opt=-pass-through=-lc_nano -plugin-opt=-pass-through=-lgcc -plugin-opt=-pass-through=-lc_nano -plugin-opt=-pass-through=-lnosys -plugin-opt=-pass-through=-lgcc -plugin-opt=-pass-through=-lc_nano -plugin-opt=-pass-through=-lnosys --sysroot=/home/alchemic_ronin/STM32/gcc-arm-none-eabi-9-2019-q4-major/bin/../arm-none-eabi -X -o cmTC_da770 /home/alchemic_ronin/STM32/gcc-arm-none-eabi-9-2019-q4-major/bin/../lib/gcc/arm-none-eabi/9.2.1/thumb/v7e-m/nofp/crti.o /home/alchemic_ronin/STM32/gcc-arm-none-eabi-9-2019-q4-major/bin/../lib/gcc/arm-none-eabi/9.2.1/thumb/v7e-m/nofp/crtbegin.o /home/alchemic_ronin/STM32/gcc-arm-none-eabi-9-2019-q4-major/bin/../lib/gcc/arm-none-eabi/9.2.1/../../../../arm-none-eabi/lib/thumb/v7e-m/nofp/crt0.o -L/home/alchemic_ronin/STM32/gcc-arm-none-eabi-9-2019-q4-major/bin/../lib/gcc/arm-none-eabi/9.2.1/thumb/v7e-m/nofp -L/home/alchemic_ronin/STM32/gcc-arm-none-eabi-9-2019-q4-major/bin/../lib/gcc/arm-none-eabi/9.2.1/../../../../arm-none-eabi/lib/thumb/v7e-m/nofp -L/home/alchemic_ronin/STM32/gcc-arm-none-eabi-9-2019-q4-major/bin/../arm-none-eabi/lib/thumb/v7e-m/nofp -L/home/alchemic_ronin/STM32/gcc-arm-none-eabi-9-2019-q4-major/bin/../lib/gcc/arm-none-eabi/9.2.1 -L/home/alchemic_ronin/STM32/gcc-arm-none-eabi-9-2019-q4-major/bin/../lib/gcc -L/home/alchemic_ronin/STM32/gcc-arm-none-eabi-9-2019-q4-major/bin/../lib/gcc/arm-none-eabi/9.2.1/../../../../arm-none-eabi/lib -L/home/alchemic_ronin/STM32/gcc-arm-none-eabi-9-2019-q4-major/bin/../arm-none-eabi/lib -gc-sections --print-memory-usage CMakeFiles/cmTC_da770.dir/CMakeCXXCompilerABI.cpp.obj -lstdc++_nano -lm --start-group -lgcc -lg_nano -lc_nano --end-group --start-group -lgcc -lc_nano -lnosys --end-group --start-group -lgcc -lc_nano -lnosys --end-group /home/alchemic_ronin/STM32/gcc-arm-none-eabi-9-2019-q4-major/bin/../lib/gcc/arm-none-eabi/9.2.1/thumb/v7e-m/nofp/crtend.o /home/alchemic_ronin/STM32/gcc-arm-none-eabi-9-2019-q4-major/bin/../lib/gcc/arm-none-eabi/9.2.1/thumb/v7e-m/nofp/crtn.o -T /home/alchemic_ronin/Documents/-STM32-RoboMaster-/RoboMaster05-1/STM32F427IIHx_FLASH.ld
Memory region         Used Size  Region Size  %age Used
             RAM:        1568 B       192 KB      0.80%
          CCMRAM:          0 GB        64 KB      0.00%
           FLASH:          96 B         2 MB      0.00/home/alchemic_ronin/STM32/gcc-arm-none-eabi-9-2019-q4-major/bin/../lib/gcc/arm-none-eabi/9.2.1/../../../../arm-none-eabi/bin/ld: warning: cannot find entry symbol Reset_Handler; defaulting to 0000000008000000
%
COLLECT_GCC_OPTIONS='-mcpu=cortex-m4' '-mthumb' '-mthumb-interwork' '-ffunction-sections' '-fdata-sections' '-g' '-fno-common' '-fmessage-length=0' '-specs=nosys.specs' '-specs=nano.specs' '-std=c++11' '-T' '/home/alchemic_ronin/Documents/-STM32-RoboMaster-/RoboMaster05-1/STM32F427IIHx_FLASH.ld' '-v' '-o' 'cmTC_da770' '-mfloat-abi=soft' '-march=armv7e-m'
make[1]: Leaving directory '/home/alchemic_ronin/Documents/-STM32-RoboMaster-/RoboMaster05-1/cmake-build-debug/CMakeFiles/CMakeTmp'



Parsed CXX implicit include dir info from above output: rv=done
  found start of include info
  found start of implicit include info
    add: [/home/alchemic_ronin/STM32/gcc-arm-none-eabi-9-2019-q4-major/bin/../arm-none-eabi/include/newlib-nano]
    add: [/home/alchemic_ronin/STM32/gcc-arm-none-eabi-9-2019-q4-major/bin/../lib/gcc/arm-none-eabi/9.2.1/../../../../arm-none-eabi/include/c++/9.2.1]
    add: [/home/alchemic_ronin/STM32/gcc-arm-none-eabi-9-2019-q4-major/bin/../lib/gcc/arm-none-eabi/9.2.1/../../../../arm-none-eabi/include/c++/9.2.1/arm-none-eabi/thumb/v7e-m/nofp]
    add: [/home/alchemic_ronin/STM32/gcc-arm-none-eabi-9-2019-q4-major/bin/../lib/gcc/arm-none-eabi/9.2.1/../../../../arm-none-eabi/include/c++/9.2.1/backward]
    add: [/home/alchemic_ronin/STM32/gcc-arm-none-eabi-9-2019-q4-major/bin/../lib/gcc/arm-none-eabi/9.2.1/include]
    add: [/home/alchemic_ronin/STM32/gcc-arm-none-eabi-9-2019-q4-major/bin/../lib/gcc/arm-none-eabi/9.2.1/include-fixed]
    add: [/home/alchemic_ronin/STM32/gcc-arm-none-eabi-9-2019-q4-major/bin/../lib/gcc/arm-none-eabi/9.2.1/../../../../arm-none-eabi/include]
  end of search list found
  collapse include dir [/home/alchemic_ronin/STM32/gcc-arm-none-eabi-9-2019-q4-major/bin/../arm-none-eabi/include/newlib-nano] ==> [/home/alchemic_ronin/STM32/gcc-arm-none-eabi-9-2019-q4-major/arm-none-eabi/include/newlib-nano]
  collapse include dir [/home/alchemic_ronin/STM32/gcc-arm-none-eabi-9-2019-q4-major/bin/../lib/gcc/arm-none-eabi/9.2.1/../../../../arm-none-eabi/include/c++/9.2.1] ==> [/home/alchemic_ronin/STM32/gcc-arm-none-eabi-9-2019-q4-major/arm-none-eabi/include/c++/9.2.1]
  collapse include dir [/home/alchemic_ronin/STM32/gcc-arm-none-eabi-9-2019-q4-major/bin/../lib/gcc/arm-none-eabi/9.2.1/../../../../arm-none-eabi/include/c++/9.2.1/arm-none-eabi/thumb/v7e-m/nofp] ==> [/home/alchemic_ronin/STM32/gcc-arm-none-eabi-9-2019-q4-major/arm-none-eabi/include/c++/9.2.1/arm-none-eabi/thumb/v7e-m/nofp]
  collapse include dir [/home/alchemic_ronin/STM32/gcc-arm-none-eabi-9-2019-q4-major/bin/../lib/gcc/arm-none-eabi/9.2.1/../../../../arm-none-eabi/include/c++/9.2.1/backward] ==> [/home/alchemic_ronin/STM32/gcc-arm-none-eabi-9-2019-q4-major/arm-none-eabi/include/c++/9.2.1/backward]
  collapse include dir [/home/alchemic_ronin/STM32/gcc-arm-none-eabi-9-2019-q4-major/bin/../lib/gcc/arm-none-eabi/9.2.1/include] ==> [/home/alchemic_ronin/STM32/gcc-arm-none-eabi-9-2019-q4-major/lib/gcc/arm-none-eabi/9.2.1/include]
  collapse include dir [/home/alchemic_ronin/STM32/gcc-arm-none-eabi-9-2019-q4-major/bin/../lib/gcc/arm-none-eabi/9.2.1/include-fixed] ==> [/home/alchemic_ronin/STM32/gcc-arm-none-eabi-9-2019-q4-major/lib/gcc/arm-none-eabi/9.2.1/include-fixed]
  collapse include dir [/home/alchemic_ronin/STM32/gcc-arm-none-eabi-9-2019-q4-major/bin/../lib/gcc/arm-none-eabi/9.2.1/../../../../arm-none-eabi/include] ==> [/home/alchemic_ronin/STM32/gcc-arm-none-eabi-9-2019-q4-major/arm-none-eabi/include]
  implicit include dirs: [/home/alchemic_ronin/STM32/gcc-arm-none-eabi-9-2019-q4-major/arm-none-eabi/include/newlib-nano;/home/alchemic_ronin/STM32/gcc-arm-none-eabi-9-2019-q4-major/arm-none-eabi/include/c++/9.2.1;/home/alchemic_ronin/STM32/gcc-arm-none-eabi-9-2019-q4-major/arm-none-eabi/include/c++/9.2.1/arm-none-eabi/thumb/v7e-m/nofp;/home/alchemic_ronin/STM32/gcc-arm-none-eabi-9-2019-q4-major/arm-none-eabi/include/c++/9.2.1/backward;/home/alchemic_ronin/STM32/gcc-arm-none-eabi-9-2019-q4-major/lib/gcc/arm-none-eabi/9.2.1/include;/home/alchemic_ronin/STM32/gcc-arm-none-eabi-9-2019-q4-major/lib/gcc/arm-none-eabi/9.2.1/include-fixed;/home/alchemic_ronin/STM32/gcc-arm-none-eabi-9-2019-q4-major/arm-none-eabi/include]


Parsed CXX implicit link information from above output:
  link line regex: [^( *|.*[/\])(ld|CMAKE_LINK_STARTFILE-NOTFOUND|([^/\]+-)?ld|collect2)[^/\]*( |$)]
  ignore line: [Change Dir: /home/alchemic_ronin/Documents/-STM32-RoboMaster-/RoboMaster05-1/cmake-build-debug/CMakeFiles/CMakeTmp]
  ignore line: []
  ignore line: [Run Build Command(s):/usr/bin/make cmTC_da770/fast && /usr/bin/make -f CMakeFiles/cmTC_da770.dir/build.make CMakeFiles/cmTC_da770.dir/build]
  ignore line: [make[1]: Entering directory '/home/alchemic_ronin/Documents/-STM32-RoboMaster-/RoboMaster05-1/cmake-build-debug/CMakeFiles/CMakeTmp']
  ignore line: [Building CXX object CMakeFiles/cmTC_da770.dir/CMakeCXXCompilerABI.cpp.obj]
  ignore line: [/home/alchemic_ronin/STM32/gcc-arm-none-eabi-9-2019-q4-major/bin/arm-none-eabi-g++    -mcpu=cortex-m4  -mthumb -mthumb-interwork -ffunction-sections -fdata-sections     -g -fno-common -fmessage-length=0 -specs=nosys.specs -specs=nano.specs -std=c++11    -v -o CMakeFiles/cmTC_da770.dir/CMakeCXXCompilerABI.cpp.obj -c /opt/clion-2019.3.4/bin/cmake/linux/share/cmake-3.15/Modules/CMakeCXXCompilerABI.cpp]
  ignore line: [Using built-in specs.]
  ignore line: [Reading specs from /home/alchemic_ronin/STM32/gcc-arm-none-eabi-9-2019-q4-major/bin/../lib/gcc/arm-none-eabi/9.2.1/../../../../arm-none-eabi/lib/nosys.specs]
  ignore line: [rename spec link_gcc_c_sequence to nosys_link_gcc_c_sequence]
  ignore line: [Reading specs from /home/alchemic_ronin/STM32/gcc-arm-none-eabi-9-2019-q4-major/bin/../lib/gcc/arm-none-eabi/9.2.1/../../../../arm-none-eabi/lib/nano.specs]
  ignore line: [rename spec link to nano_link]
  ignore line: [rename spec link_gcc_c_sequence to nano_link_gcc_c_sequence]
  ignore line: [rename spec cpp_unique_options to nano_cpp_unique_options]
  ignore line: [COLLECT_GCC=/home/alchemic_ronin/STM32/gcc-arm-none-eabi-9-2019-q4-major/bin/arm-none-eabi-g++]
  ignore line: [Target: arm-none-eabi]
  ignore line: [Configured with: /mnt/workspace/workspace/GCC-9-pipeline/jenkins-GCC-9-pipeline-100_20191030_1572397542/src/gcc/configure --target=arm-none-eabi --prefix=/mnt/workspace/workspace/GCC-9-pipeline/jenkins-GCC-9-pipeline-100_20191030_1572397542/install-native --libexecdir=/mnt/workspace/workspace/GCC-9-pipeline/jenkins-GCC-9-pipeline-100_20191030_1572397542/install-native/lib --infodir=/mnt/workspace/workspace/GCC-9-pipeline/jenkins-GCC-9-pipeline-100_20191030_1572397542/install-native/share/doc/gcc-arm-none-eabi/info --mandir=/mnt/workspace/workspace/GCC-9-pipeline/jenkins-GCC-9-pipeline-100_20191030_1572397542/install-native/share/doc/gcc-arm-none-eabi/man --htmldir=/mnt/workspace/workspace/GCC-9-pipeline/jenkins-GCC-9-pipeline-100_20191030_1572397542/install-native/share/doc/gcc-arm-none-eabi/html --pdfdir=/mnt/workspace/workspace/GCC-9-pipeline/jenkins-GCC-9-pipeline-100_20191030_1572397542/install-native/share/doc/gcc-arm-none-eabi/pdf --enable-languages=c,c++ --enable-plugins --disable-decimal-float --disable-libffi --disable-libgomp --disable-libmudflap --disable-libquadmath --disable-libssp --disable-libstdcxx-pch --disable-nls --disable-shared --disable-threads --disable-tls --with-gnu-as --with-gnu-ld --with-newlib --with-headers=yes --with-python-dir=share/gcc-arm-none-eabi --with-sysroot=/mnt/workspace/workspace/GCC-9-pipeline/jenkins-GCC-9-pipeline-100_20191030_1572397542/install-native/arm-none-eabi --build=x86_64-linux-gnu --host=x86_64-linux-gnu --with-gmp=/mnt/workspace/workspace/GCC-9-pipeline/jenkins-GCC-9-pipeline-100_20191030_1572397542/build-native/host-libs/usr --with-mpfr=/mnt/workspace/workspace/GCC-9-pipeline/jenkins-GCC-9-pipeline-100_20191030_1572397542/build-native/host-libs/usr --with-mpc=/mnt/workspace/workspace/GCC-9-pipeline/jenkins-GCC-9-pipeline-100_20191030_1572397542/build-native/host-libs/usr --with-isl=/mnt/workspace/workspace/GCC-9-pipeline/jenkins-GCC-9-pipeline-100_20191030_1572397542/build-native/host-libs/usr --with-libelf=/mnt/workspace/workspace/GCC-9-pipeline/jenkins-GCC-9-pipeline-100_20191030_1572397542/build-native/host-libs/usr --with-host-libstdcxx='-static-libgcc -Wl,-Bstatic,-lstdc++,-Bdynamic -lm' --with-pkgversion='GNU Tools for Arm Embedded Processors 9-2019-q4-major' --with-multilib-list=rmprofile]
  ignore line: [Thread model: single]
  ignore line: [gcc version 9.2.1 20191025 (release) [ARM/arm-9-branch revision 277599] (GNU Tools for Arm Embedded Processors 9-2019-q4-major) ]
  ignore line: [COLLECT_GCC_OPTIONS='-mcpu=cortex-m4' '-mthumb' '-mthumb-interwork' '-ffunction-sections' '-fdata-sections' '-g' '-fno-common' '-fmessage-length=0' '-specs=nosys.specs' '-specs=nano.specs' '-std=c++11' '-v' '-o' 'CMakeFiles/cmTC_da770.dir/CMakeCXXCompilerABI.cpp.obj' '-c' '-mfloat-abi=soft' '-march=armv7e-m']
  ignore line: [ /home/alchemic_ronin/STM32/gcc-arm-none-eabi-9-2019-q4-major/bin/../lib/gcc/arm-none-eabi/9.2.1/cc1plus -isystem =/include/newlib-nano -quiet -v -imultilib thumb/v7e-m/nofp -iprefix /home/alchemic_ronin/STM32/gcc-arm-none-eabi-9-2019-q4-major/bin/../lib/gcc/arm-none-eabi/9.2.1/ -isysroot /home/alchemic_ronin/STM32/gcc-arm-none-eabi-9-2019-q4-major/bin/../arm-none-eabi -D__USES_INITFINI__ /opt/clion-2019.3.4/bin/cmake/linux/share/cmake-3.15/Modules/CMakeCXXCompilerABI.cpp -quiet -dumpbase CMakeCXXCompilerABI.cpp -mcpu=cortex-m4 -mthumb -mthumb-interwork -mfloat-abi=soft -march=armv7e-m -auxbase-strip CMakeFiles/cmTC_da770.dir/CMakeCXXCompilerABI.cpp.obj -g -std=c++11 -version -ffunction-sections -fdata-sections -fno-common -fmessage-length=0 -o /tmp/cct4h9pl.s]
  ignore line: [GNU C++11 (GNU Tools for Arm Embedded Processors 9-2019-q4-major) version 9.2.1 20191025 (release) [ARM/arm-9-branch revision 277599] (arm-none-eabi)]
  ignore line: [	compiled by GNU C version 4.8.4, GMP version 6.1.0, MPFR version 3.1.4, MPC version 1.0.3, isl version isl-0.18-GMP]
  ignore line: []
  ignore line: [GGC heuristics: --param ggc-min-expand=100 --param ggc-min-heapsize=131072]
  ignore line: [ignoring duplicate directory "/home/alchemic_ronin/STM32/gcc-arm-none-eabi-9-2019-q4-major/bin/../lib/gcc/../../lib/gcc/arm-none-eabi/9.2.1/../../../../arm-none-eabi/include/c++/9.2.1"]
  ignore line: [ignoring duplicate directory "/home/alchemic_ronin/STM32/gcc-arm-none-eabi-9-2019-q4-major/bin/../lib/gcc/../../lib/gcc/arm-none-eabi/9.2.1/../../../../arm-none-eabi/include/c++/9.2.1/arm-none-eabi/thumb/v7e-m/nofp"]
  ignore line: [ignoring duplicate directory "/home/alchemic_ronin/STM32/gcc-arm-none-eabi-9-2019-q4-major/bin/../lib/gcc/../../lib/gcc/arm-none-eabi/9.2.1/../../../../arm-none-eabi/include/c++/9.2.1/backward"]
  ignore line: [ignoring duplicate directory "/home/alchemic_ronin/STM32/gcc-arm-none-eabi-9-2019-q4-major/bin/../lib/gcc/../../lib/gcc/arm-none-eabi/9.2.1/include"]
  ignore line: [ignoring nonexistent directory "/home/alchemic_ronin/STM32/gcc-arm-none-eabi-9-2019-q4-major/bin/../arm-none-eabi/usr/local/include"]
  ignore line: [ignoring duplicate directory "/home/alchemic_ronin/STM32/gcc-arm-none-eabi-9-2019-q4-major/bin/../lib/gcc/../../lib/gcc/arm-none-eabi/9.2.1/include-fixed"]
  ignore line: [ignoring duplicate directory "/home/alchemic_ronin/STM32/gcc-arm-none-eabi-9-2019-q4-major/bin/../lib/gcc/../../lib/gcc/arm-none-eabi/9.2.1/../../../../arm-none-eabi/include"]
  ignore line: [ignoring nonexistent directory "/home/alchemic_ronin/STM32/gcc-arm-none-eabi-9-2019-q4-major/bin/../arm-none-eabi/usr/include"]
  ignore line: [#include "..." search starts here:]
  ignore line: [#include <...> search starts here:]
  ignore line: [ /home/alchemic_ronin/STM32/gcc-arm-none-eabi-9-2019-q4-major/bin/../arm-none-eabi/include/newlib-nano]
  ignore line: [ /home/alchemic_ronin/STM32/gcc-arm-none-eabi-9-2019-q4-major/bin/../lib/gcc/arm-none-eabi/9.2.1/../../../../arm-none-eabi/include/c++/9.2.1]
  ignore line: [ /home/alchemic_ronin/STM32/gcc-arm-none-eabi-9-2019-q4-major/bin/../lib/gcc/arm-none-eabi/9.2.1/../../../../arm-none-eabi/include/c++/9.2.1/arm-none-eabi/thumb/v7e-m/nofp]
  ignore line: [ /home/alchemic_ronin/STM32/gcc-arm-none-eabi-9-2019-q4-major/bin/../lib/gcc/arm-none-eabi/9.2.1/../../../../arm-none-eabi/include/c++/9.2.1/backward]
  ignore line: [ /home/alchemic_ronin/STM32/gcc-arm-none-eabi-9-2019-q4-major/bin/../lib/gcc/arm-none-eabi/9.2.1/include]
  ignore line: [ /home/alchemic_ronin/STM32/gcc-arm-none-eabi-9-2019-q4-major/bin/../lib/gcc/arm-none-eabi/9.2.1/include-fixed]
  ignore line: [ /home/alchemic_ronin/STM32/gcc-arm-none-eabi-9-2019-q4-major/bin/../lib/gcc/arm-none-eabi/9.2.1/../../../../arm-none-eabi/include]
  ignore line: [End of search list.]
  ignore line: [GNU C++11 (GNU Tools for Arm Embedded Processors 9-2019-q4-major) version 9.2.1 20191025 (release) [ARM/arm-9-branch revision 277599] (arm-none-eabi)]
  ignore line: [	compiled by GNU C version 4.8.4, GMP version 6.1.0, MPFR version 3.1.4, MPC version 1.0.3, isl version isl-0.18-GMP]
  ignore line: []
  ignore line: [GGC heuristics: --param ggc-min-expand=100 --param ggc-min-heapsize=131072]
  ignore line: [Compiler executable checksum: f480ec8acc882d1f6d9f2efa85949468]
  ignore line: [COLLECT_GCC_OPTIONS='-mcpu=cortex-m4' '-mthumb' '-mthumb-interwork' '-ffunction-sections' '-fdata-sections' '-g' '-fno-common' '-fmessage-length=0' '-specs=nosys.specs' '-specs=nano.specs' '-std=c++11' '-v' '-o' 'CMakeFiles/cmTC_da770.dir/CMakeCXXCompilerABI.cpp.obj' '-c' '-mfloat-abi=soft' '-march=armv7e-m']
  ignore line: [ /home/alchemic_ronin/STM32/gcc-arm-none-eabi-9-2019-q4-major/bin/../lib/gcc/arm-none-eabi/9.2.1/../../../../arm-none-eabi/bin/as -v -march=armv7e-m -mthumb-interwork -mfloat-abi=soft -meabi=5 -o CMakeFiles/cmTC_da770.dir/CMakeCXXCompilerABI.cpp.obj /tmp/cct4h9pl.s]
  ignore line: [GNU assembler version 2.33.1 (arm-none-eabi) using BFD version (GNU Tools for Arm Embedded Processors 9-2019-q4-major) 2.33.1.20191025]
  ignore line: [COMPILER_PATH=/home/alchemic_ronin/STM32/gcc-arm-none-eabi-9-2019-q4-major/bin/../lib/gcc/arm-none-eabi/9.2.1/:/home/alchemic_ronin/STM32/gcc-arm-none-eabi-9-2019-q4-major/bin/../lib/gcc/:/home/alchemic_ronin/STM32/gcc-arm-none-eabi-9-2019-q4-major/bin/../lib/gcc/arm-none-eabi/9.2.1/../../../../arm-none-eabi/bin/]
  ignore line: [LIBRARY_PATH=/home/alchemic_ronin/STM32/gcc-arm-none-eabi-9-2019-q4-major/bin/../lib/gcc/arm-none-eabi/9.2.1/thumb/v7e-m/nofp/:/home/alchemic_ronin/STM32/gcc-arm-none-eabi-9-2019-q4-major/bin/../lib/gcc/arm-none-eabi/9.2.1/../../../../arm-none-eabi/lib/thumb/v7e-m/nofp/:/home/alchemic_ronin/STM32/gcc-arm-none-eabi-9-2019-q4-major/bin/../arm-none-eabi/lib/thumb/v7e-m/nofp/:/home/alchemic_ronin/STM32/gcc-arm-none-eabi-9-2019-q4-major/bin/../lib/gcc/arm-none-eabi/9.2.1/:/home/alchemic_ronin/STM32/gcc-arm-none-eabi-9-2019-q4-major/bin/../lib/gcc/:/home/alchemic_ronin/STM32/gcc-arm-none-eabi-9-2019-q4-major/bin/../lib/gcc/arm-none-eabi/9.2.1/../../../../arm-none-eabi/lib/:/home/alchemic_ronin/STM32/gcc-arm-none-eabi-9-2019-q4-major/bin/../arm-none-eabi/lib/]
  ignore line: [COLLECT_GCC_OPTIONS='-mcpu=cortex-m4' '-mthumb' '-mthumb-interwork' '-ffunction-sections' '-fdata-sections' '-g' '-fno-common' '-fmessage-length=0' '-specs=nosys.specs' '-specs=nano.specs' '-std=c++11' '-v' '-o' 'CMakeFiles/cmTC_da770.dir/CMakeCXXCompilerABI.cpp.obj' '-c' '-mfloat-abi=soft' '-march=armv7e-m']
  ignore line: [Linking CXX executable cmTC_da770]
  ignore line: [/opt/clion-2019.3.4/bin/cmake/linux/bin/cmake -E cmake_link_script CMakeFiles/cmTC_da770.dir/link.txt --verbose=1]
  ignore line: [/home/alchemic_ronin/STM32/gcc-arm-none-eabi-9-2019-q4-major/bin/arm-none-eabi-g++  -mcpu=cortex-m4  -mthumb -mthumb-interwork -ffunction-sections -fdata-sections     -g -fno-common -fmessage-length=0 -specs=nosys.specs -specs=nano.specs -std=c++11   -Wl,-gc-sections,--print-memory-usage -T /home/alchemic_ronin/Documents/-STM32-RoboMaster-/RoboMaster05-1/STM32F427IIHx_FLASH.ld -v CMakeFiles/cmTC_da770.dir/CMakeCXXCompilerABI.cpp.obj  -o cmTC_da770 ]
  ignore line: [Using built-in specs.]
  ignore line: [Reading specs from /home/alchemic_ronin/STM32/gcc-arm-none-eabi-9-2019-q4-major/bin/../lib/gcc/arm-none-eabi/9.2.1/../../../../arm-none-eabi/lib/nosys.specs]
  ignore line: [rename spec link_gcc_c_sequence to nosys_link_gcc_c_sequence]
  ignore line: [Reading specs from /home/alchemic_ronin/STM32/gcc-arm-none-eabi-9-2019-q4-major/bin/../lib/gcc/arm-none-eabi/9.2.1/../../../../arm-none-eabi/lib/nano.specs]
  ignore line: [rename spec link to nano_link]
  ignore line: [rename spec link_gcc_c_sequence to nano_link_gcc_c_sequence]
  ignore line: [rename spec cpp_unique_options to nano_cpp_unique_options]
  ignore line: [COLLECT_GCC=/home/alchemic_ronin/STM32/gcc-arm-none-eabi-9-2019-q4-major/bin/arm-none-eabi-g++]
  ignore line: [COLLECT_LTO_WRAPPER=/home/alchemic_ronin/STM32/gcc-arm-none-eabi-9-2019-q4-major/bin/../lib/gcc/arm-none-eabi/9.2.1/lto-wrapper]
  ignore line: [Target: arm-none-eabi]
  ignore line: [Configured with: /mnt/workspace/workspace/GCC-9-pipeline/jenkins-GCC-9-pipeline-100_20191030_1572397542/src/gcc/configure --target=arm-none-eabi --prefix=/mnt/workspace/workspace/GCC-9-pipeline/jenkins-GCC-9-pipeline-100_20191030_1572397542/install-native --libexecdir=/mnt/workspace/workspace/GCC-9-pipeline/jenkins-GCC-9-pipeline-100_20191030_1572397542/install-native/lib --infodir=/mnt/workspace/workspace/GCC-9-pipeline/jenkins-GCC-9-pipeline-100_20191030_1572397542/install-native/share/doc/gcc-arm-none-eabi/info --mandir=/mnt/workspace/workspace/GCC-9-pipeline/jenkins-GCC-9-pipeline-100_20191030_1572397542/install-native/share/doc/gcc-arm-none-eabi/man --htmldir=/mnt/workspace/workspace/GCC-9-pipeline/jenkins-GCC-9-pipeline-100_20191030_1572397542/install-native/share/doc/gcc-arm-none-eabi/html --pdfdir=/mnt/workspace/workspace/GCC-9-pipeline/jenkins-GCC-9-pipeline-100_20191030_1572397542/install-native/share/doc/gcc-arm-none-eabi/pdf --enable-languages=c,c++ --enable-plugins --disable-decimal-float --disable-libffi --disable-libgomp --disable-libmudflap --disable-libquadmath --disable-libssp --disable-libstdcxx-pch --disable-nls --disable-shared --disable-threads --disable-tls --with-gnu-as --with-gnu-ld --with-newlib --with-headers=yes --with-python-dir=share/gcc-arm-none-eabi --with-sysroot=/mnt/workspace/workspace/GCC-9-pipeline/jenkins-GCC-9-pipeline-100_20191030_1572397542/install-native/arm-none-eabi --build=x86_64-linux-gnu --host=x86_64-linux-gnu --with-gmp=/mnt/workspace/workspace/GCC-9-pipeline/jenkins-GCC-9-pipeline-100_20191030_1572397542/build-native/host-libs/usr --with-mpfr=/mnt/workspace/workspace/GCC-9-pipeline/jenkins-GCC-9-pipeline-100_20191030_1572397542/build-native/host-libs/usr --with-mpc=/mnt/workspace/workspace/GCC-9-pipeline/jenkins-GCC-9-pipeline-100_20191030_1572397542/build-native/host-libs/usr --with-isl=/mnt/workspace/workspace/GCC-9-pipeline/jenkins-GCC-9-pipeline-100_20191030_1572397542/build-native/host-libs/usr --with-libelf=/mnt/workspace/workspace/GCC-9-pipeline/jenkins-GCC-9-pipeline-100_20191030_1572397542/build-native/host-libs/usr --with-host-libstdcxx='-static-libgcc -Wl,-Bstatic,-lstdc++,-Bdynamic -lm' --with-pkgversion='GNU Tools for Arm Embedded Processors 9-2019-q4-major' --with-multilib-list=rmprofile]
  ignore line: [Thread model: single]
  ignore line: [gcc version 9.2.1 20191025 (release) [ARM/arm-9-branch revision 277599] (GNU Tools for Arm Embedded Processors 9-2019-q4-major) ]
  ignore line: [COMPILER_PATH=/home/alchemic_ronin/STM32/gcc-arm-none-eabi-9-2019-q4-major/bin/../lib/gcc/arm-none-eabi/9.2.1/:/home/alchemic_ronin/STM32/gcc-arm-none-eabi-9-2019-q4-major/bin/../lib/gcc/:/home/alchemic_ronin/STM32/gcc-arm-none-eabi-9-2019-q4-major/bin/../lib/gcc/arm-none-eabi/9.2.1/../../../../arm-none-eabi/bin/]
  ignore line: [LIBRARY_PATH=/home/alchemic_ronin/STM32/gcc-arm-none-eabi-9-2019-q4-major/bin/../lib/gcc/arm-none-eabi/9.2.1/thumb/v7e-m/nofp/:/home/alchemic_ronin/STM32/gcc-arm-none-eabi-9-2019-q4-major/bin/../lib/gcc/arm-none-eabi/9.2.1/../../../../arm-none-eabi/lib/thumb/v7e-m/nofp/:/home/alchemic_ronin/STM32/gcc-arm-none-eabi-9-2019-q4-major/bin/../arm-none-eabi/lib/thumb/v7e-m/nofp/:/home/alchemic_ronin/STM32/gcc-arm-none-eabi-9-2019-q4-major/bin/../lib/gcc/arm-none-eabi/9.2.1/:/home/alchemic_ronin/STM32/gcc-arm-none-eabi-9-2019-q4-major/bin/../lib/gcc/:/home/alchemic_ronin/STM32/gcc-arm-none-eabi-9-2019-q4-major/bin/../lib/gcc/arm-none-eabi/9.2.1/../../../../arm-none-eabi/lib/:/home/alchemic_ronin/STM32/gcc-arm-none-eabi-9-2019-q4-major/bin/../arm-none-eabi/lib/]
  ignore line: [COLLECT_GCC_OPTIONS='-mcpu=cortex-m4' '-mthumb' '-mthumb-interwork' '-ffunction-sections' '-fdata-sections' '-g' '-fno-common' '-fmessage-length=0' '-specs=nosys.specs' '-specs=nano.specs' '-std=c++11' '-T' '/home/alchemic_ronin/Documents/-STM32-RoboMaster-/RoboMaster05-1/STM32F427IIHx_FLASH.ld' '-v' '-o' 'cmTC_da770' '-mfloat-abi=soft' '-march=armv7e-m']
  link line: [ /home/alchemic_ronin/STM32/gcc-arm-none-eabi-9-2019-q4-major/bin/../lib/gcc/arm-none-eabi/9.2.1/collect2 -plugin /home/alchemic_ronin/STM32/gcc-arm-none-eabi-9-2019-q4-major/bin/../lib/gcc/arm-none-eabi/9.2.1/liblto_plugin.so -plugin-opt=/home/alchemic_ronin/STM32/gcc-arm-none-eabi-9-2019-q4-major/bin/../lib/gcc/arm-none-eabi/9.2.1/lto-wrapper -plugin-opt=-fresolution=/tmp/ccOrqYVm.res -plugin-opt=-pass-through=-lgcc -plugin-opt=-pass-through=-lg_nano -plugin-opt=-pass-through=-lc_nano -plugin-opt=-pass-through=-lgcc -plugin-opt=-pass-through=-lc_nano -plugin-opt=-pass-through=-lnosys -plugin-opt=-pass-through=-lgcc -plugin-opt=-pass-through=-lc_nano -plugin-opt=-pass-through=-lnosys --sysroot=/home/alchemic_ronin/STM32/gcc-arm-none-eabi-9-2019-q4-major/bin/../arm-none-eabi -X -o cmTC_da770 /home/alchemic_ronin/STM32/gcc-arm-none-eabi-9-2019-q4-major/bin/../lib/gcc/arm-none-eabi/9.2.1/thumb/v7e-m/nofp/crti.o /home/alchemic_ronin/STM32/gcc-arm-none-eabi-9-2019-q4-major/bin/../lib/gcc/arm-none-eabi/9.2.1/thumb/v7e-m/nofp/crtbegin.o /home/alchemic_ronin/STM32/gcc-arm-none-eabi-9-2019-q4-major/bin/../lib/gcc/arm-none-eabi/9.2.1/../../../../arm-none-eabi/lib/thumb/v7e-m/nofp/crt0.o -L/home/alchemic_ronin/STM32/gcc-arm-none-eabi-9-2019-q4-major/bin/../lib/gcc/arm-none-eabi/9.2.1/thumb/v7e-m/nofp -L/home/alchemic_ronin/STM32/gcc-arm-none-eabi-9-2019-q4-major/bin/../lib/gcc/arm-none-eabi/9.2.1/../../../../arm-none-eabi/lib/thumb/v7e-m/nofp -L/home/alchemic_ronin/STM32/gcc-arm-none-eabi-9-2019-q4-major/bin/../arm-none-eabi/lib/thumb/v7e-m/nofp -L/home/alchemic_ronin/STM32/gcc-arm-none-eabi-9-2019-q4-major/bin/../lib/gcc/arm-none-eabi/9.2.1 -L/home/alchemic_ronin/STM32/gcc-arm-none-eabi-9-2019-q4-major/bin/../lib/gcc -L/home/alchemic_ronin/STM32/gcc-arm-none-eabi-9-2019-q4-major/bin/../lib/gcc/arm-none-eabi/9.2.1/../../../../arm-none-eabi/lib -L/home/alchemic_ronin/STM32/gcc-arm-none-eabi-9-2019-q4-major/bin/../arm-none-eabi/lib -gc-sections --print-memory-usage CMakeFiles/cmTC_da770.dir/CMakeCXXCompilerABI.cpp.obj -lstdc++_nano -lm --start-group -lgcc -lg_nano -lc_nano --end-group --start-group -lgcc -lc_nano -lnosys --end-group --start-group -lgcc -lc_nano -lnosys --end-group /home/alchemic_ronin/STM32/gcc-arm-none-eabi-9-2019-q4-major/bin/../lib/gcc/arm-none-eabi/9.2.1/thumb/v7e-m/nofp/crtend.o /home/alchemic_ronin/STM32/gcc-arm-none-eabi-9-2019-q4-major/bin/../lib/gcc/arm-none-eabi/9.2.1/thumb/v7e-m/nofp/crtn.o -T /home/alchemic_ronin/Documents/-STM32-RoboMaster-/RoboMaster05-1/STM32F427IIHx_FLASH.ld]
    arg [/home/alchemic_ronin/STM32/gcc-arm-none-eabi-9-2019-q4-major/bin/../lib/gcc/arm-none-eabi/9.2.1/collect2] ==> ignore
    arg [-plugin] ==> ignore
    arg [/home/alchemic_ronin/STM32/gcc-arm-none-eabi-9-2019-q4-major/bin/../lib/gcc/arm-none-eabi/9.2.1/liblto_plugin.so] ==> ignore
    arg [-plugin-opt=/home/alchemic_ronin/STM32/gcc-arm-none-eabi-9-2019-q4-major/bin/../lib/gcc/arm-none-eabi/9.2.1/lto-wrapper] ==> ignore
    arg [-plugin-opt=-fresolution=/tmp/ccOrqYVm.res] ==> ignore
    arg [-plugin-opt=-pass-through=-lgcc] ==> ignore
    arg [-plugin-opt=-pass-through=-lg_nano] ==> ignore
    arg [-plugin-opt=-pass-through=-lc_nano] ==> ignore
    arg [-plugin-opt=-pass-through=-lgcc] ==> ignore
    arg [-plugin-opt=-pass-through=-lc_nano] ==> ignore
    arg [-plugin-opt=-pass-through=-lnosys] ==> ignore
    arg [-plugin-opt=-pass-through=-lgcc] ==> ignore
    arg [-plugin-opt=-pass-through=-lc_nano] ==> ignore
    arg [-plugin-opt=-pass-through=-lnosys] ==> ignore
    arg [--sysroot=/home/alchemic_ronin/STM32/gcc-arm-none-eabi-9-2019-q4-major/bin/../arm-none-eabi] ==> ignore
    arg [-X] ==> ignore
    arg [-o] ==> ignore
    arg [cmTC_da770] ==> ignore
    arg [/home/alchemic_ronin/STM32/gcc-arm-none-eabi-9-2019-q4-major/bin/../lib/gcc/arm-none-eabi/9.2.1/thumb/v7e-m/nofp/crti.o] ==> ignore
    arg [/home/alchemic_ronin/STM32/gcc-arm-none-eabi-9-2019-q4-major/bin/../lib/gcc/arm-none-eabi/9.2.1/thumb/v7e-m/nofp/crtbegin.o] ==> ignore
    arg [/home/alchemic_ronin/STM32/gcc-arm-none-eabi-9-2019-q4-major/bin/../lib/gcc/arm-none-eabi/9.2.1/../../../../arm-none-eabi/lib/thumb/v7e-m/nofp/crt0.o] ==> ignore
    arg [-L/home/alchemic_ronin/STM32/gcc-arm-none-eabi-9-2019-q4-major/bin/../lib/gcc/arm-none-eabi/9.2.1/thumb/v7e-m/nofp] ==> dir [/home/alchemic_ronin/STM32/gcc-arm-none-eabi-9-2019-q4-major/bin/../lib/gcc/arm-none-eabi/9.2.1/thumb/v7e-m/nofp]
    arg [-L/home/alchemic_ronin/STM32/gcc-arm-none-eabi-9-2019-q4-major/bin/../lib/gcc/arm-none-eabi/9.2.1/../../../../arm-none-eabi/lib/thumb/v7e-m/nofp] ==> dir [/home/alchemic_ronin/STM32/gcc-arm-none-eabi-9-2019-q4-major/bin/../lib/gcc/arm-none-eabi/9.2.1/../../../../arm-none-eabi/lib/thumb/v7e-m/nofp]
    arg [-L/home/alchemic_ronin/STM32/gcc-arm-none-eabi-9-2019-q4-major/bin/../arm-none-eabi/lib/thumb/v7e-m/nofp] ==> dir [/home/alchemic_ronin/STM32/gcc-arm-none-eabi-9-2019-q4-major/bin/../arm-none-eabi/lib/thumb/v7e-m/nofp]
    arg [-L/home/alchemic_ronin/STM32/gcc-arm-none-eabi-9-2019-q4-major/bin/../lib/gcc/arm-none-eabi/9.2.1] ==> dir [/home/alchemic_ronin/STM32/gcc-arm-none-eabi-9-2019-q4-major/bin/../lib/gcc/arm-none-eabi/9.2.1]
    arg [-L/home/alchemic_ronin/STM32/gcc-arm-none-eabi-9-2019-q4-major/bin/../lib/gcc] ==> dir [/home/alchemic_ronin/STM32/gcc-arm-none-eabi-9-2019-q4-major/bin/../lib/gcc]
    arg [-L/home/alchemic_ronin/STM32/gcc-arm-none-eabi-9-2019-q4-major/bin/../lib/gcc/arm-none-eabi/9.2.1/../../../../arm-none-eabi/lib] ==> dir [/home/alchemic_ronin/STM32/gcc-arm-none-eabi-9-2019-q4-major/bin/../lib/gcc/arm-none-eabi/9.2.1/../../../../arm-none-eabi/lib]
    arg [-L/home/alchemic_ronin/STM32/gcc-arm-none-eabi-9-2019-q4-major/bin/../arm-none-eabi/lib] ==> dir [/home/alchemic_ronin/STM32/gcc-arm-none-eabi-9-2019-q4-major/bin/../arm-none-eabi/lib]
    arg [-gc-sections] ==> ignore
    arg [--print-memory-usage] ==> ignore
    arg [CMakeFiles/cmTC_da770.dir/CMakeCXXCompilerABI.cpp.obj] ==> ignore
    arg [-lstdc++_nano] ==> lib [stdc++_nano]
    arg [-lm] ==> lib [m]
    arg [--start-group] ==> ignore
    arg [-lgcc] ==> lib [gcc]
    arg [-lg_nano] ==> lib [g_nano]
    arg [-lc_nano] ==> lib [c_nano]
    arg [--end-group] ==> ignore
    arg [--start-group] ==> ignore
    arg [-lgcc] ==> lib [gcc]
    arg [-lc_nano] ==> lib [c_nano]
    arg [-lnosys] ==> lib [nosys]
    arg [--end-group] ==> ignore
    arg [--start-group] ==> ignore
    arg [-lgcc] ==> lib [gcc]
    arg [-lc_nano] ==> lib [c_nano]
    arg [-lnosys] ==> lib [nosys]
    arg [--end-group] ==> ignore
    arg [/home/alchemic_ronin/STM32/gcc-arm-none-eabi-9-2019-q4-major/bin/../lib/gcc/arm-none-eabi/9.2.1/thumb/v7e-m/nofp/crtend.o] ==> ignore
    arg [/home/alchemic_ronin/STM32/gcc-arm-none-eabi-9-2019-q4-major/bin/../lib/gcc/arm-none-eabi/9.2.1/thumb/v7e-m/nofp/crtn.o] ==> ignore
    arg [-T] ==> ignore
    arg [/home/alchemic_ronin/Documents/-STM32-RoboMaster-/RoboMaster05-1/STM32F427IIHx_FLASH.ld] ==> ignore
  collapse library dir [/home/alchemic_ronin/STM32/gcc-arm-none-eabi-9-2019-q4-major/bin/../lib/gcc/arm-none-eabi/9.2.1/thumb/v7e-m/nofp] ==> [/home/alchemic_ronin/STM32/gcc-arm-none-eabi-9-2019-q4-major/lib/gcc/arm-none-eabi/9.2.1/thumb/v7e-m/nofp]
  collapse library dir [/home/alchemic_ronin/STM32/gcc-arm-none-eabi-9-2019-q4-major/bin/../lib/gcc/arm-none-eabi/9.2.1/../../../../arm-none-eabi/lib/thumb/v7e-m/nofp] ==> [/home/alchemic_ronin/STM32/gcc-arm-none-eabi-9-2019-q4-major/arm-none-eabi/lib/thumb/v7e-m/nofp]
  collapse library dir [/home/alchemic_ronin/STM32/gcc-arm-none-eabi-9-2019-q4-major/bin/../arm-none-eabi/lib/thumb/v7e-m/nofp] ==> [/home/alchemic_ronin/STM32/gcc-arm-none-eabi-9-2019-q4-major/arm-none-eabi/lib/thumb/v7e-m/nofp]
  collapse library dir [/home/alchemic_ronin/STM32/gcc-arm-none-eabi-9-2019-q4-major/bin/../lib/gcc/arm-none-eabi/9.2.1] ==> [/home/alchemic_ronin/STM32/gcc-arm-none-eabi-9-2019-q4-major/lib/gcc/arm-none-eabi/9.2.1]
  collapse library dir [/home/alchemic_ronin/STM32/gcc-arm-none-eabi-9-2019-q4-major/bin/../lib/gcc] ==> [/home/alchemic_ronin/STM32/gcc-arm-none-eabi-9-2019-q4-major/lib/gcc]
  collapse library dir [/home/alchemic_ronin/STM32/gcc-arm-none-eabi-9-2019-q4-major/bin/../lib/gcc/arm-none-eabi/9.2.1/../../../../arm-none-eabi/lib] ==> [/home/alchemic_ronin/STM32/gcc-arm-none-eabi-9-2019-q4-major/arm-none-eabi/lib]
  collapse library dir [/home/alchemic_ronin/STM32/gcc-arm-none-eabi-9-2019-q4-major/bin/../arm-none-eabi/lib] ==> [/home/alchemic_ronin/STM32/gcc-arm-none-eabi-9-2019-q4-major/arm-none-eabi/lib]
  implicit libs: [stdc++_nano;m;gcc;g_nano;c_nano;gcc;c_nano;nosys;gcc;c_nano;nosys]
  implicit dirs: [/home/alchemic_ronin/STM32/gcc-arm-none-eabi-9-2019-q4-major/lib/gcc/arm-none-eabi/9.2.1/thumb/v7e-m/nofp;/home/alchemic_ronin/STM32/gcc-arm-none-eabi-9-2019-q4-major/arm-none-eabi/lib/thumb/v7e-m/nofp;/home/alchemic_ronin/STM32/gcc-arm-none-eabi-9-2019-q4-major/lib/gcc/arm-none-eabi/9.2.1;/home/alchemic_ronin/STM32/gcc-arm-none-eabi-9-2019-q4-major/lib/gcc;/home/alchemic_ronin/STM32/gcc-arm-none-eabi-9-2019-q4-major/arm-none-eabi/lib]
  implicit fwks: []


