


ARM Macro Assembler    Page 1 


    1 00000000         ;******************** (C) COPYRIGHT 2016 STMicroelectron
                       ics ********************
    2 00000000         ;* File Name          : startup_stm32f427xx.s
    3 00000000         ;* Author             : MCD Application Team
    4 00000000         ;* Version            : V2.5.1
    5 00000000         ;* Date               : 28-June-2016
    6 00000000         ;* Description        : STM32F427x devices vector table 
                       for MDK-ARM toolchain. 
    7 00000000         ;*                      This module performs:
    8 00000000         ;*                      - Set the initial SP
    9 00000000         ;*                      - Set the initial PC == Reset_Ha
                       ndler
   10 00000000         ;*                      - Set the vector table entries w
                       ith the exceptions ISR address
   11 00000000         ;*                      After Reset the CortexM4 process
                       or is in Thread mode,
   12 00000000         ;*                      priority is Privileged, and the 
                       Stack is set to Main.
   13 00000000         ;* <<< Use Configuration Wizard in Context Menu >>>   
   14 00000000         ;*******************************************************
                       ************************
   15 00000000         ; 
   16 00000000         ;* Redistribution and use in source and binary forms, wi
                       th or without modification,
   17 00000000         ;* are permitted provided that the following conditions 
                       are met:
   18 00000000         ;*   1. Redistributions of source code must retain the a
                       bove copyright notice,
   19 00000000         ;*      this list of conditions and the following discla
                       imer.
   20 00000000         ;*   2. Redistributions in binary form must reproduce th
                       e above copyright notice,
   21 00000000         ;*      this list of conditions and the following discla
                       imer in the documentation
   22 00000000         ;*      and/or other materials provided with the distrib
                       ution.
   23 00000000         ;*   3. Neither the name of STMicroelectronics nor the n
                       ames of its contributors
   24 00000000         ;*      may be used to endorse or promote products deriv
                       ed from this software
   25 00000000         ;*      without specific prior written permission.
   26 00000000         ;*
   27 00000000         ;* THIS SOFTWARE IS PROVIDED BY THE COPYRIGHT HOLDERS AN
                       D CONTRIBUTORS "AS IS"
   28 00000000         ;* AND ANY EXPRESS OR IMPLIED WARRANTIES, INCLUDING, BUT
                        NOT LIMITED TO, THE
   29 00000000         ;* IMPLIED WARRANTIES OF MERCHANTABILITY AND FITNESS FOR
                        A PARTICULAR PURPOSE ARE
   30 00000000         ;* DISCLAIMED. IN NO EVENT SHALL THE COPYRIGHT HOLDER OR
                        CONTRIBUTORS BE LIABLE
   31 00000000         ;* FOR ANY DIRECT, INDIRECT, INCIDENTAL, SPECIAL, EXEMPL
                       ARY, OR CONSEQUENTIAL
   32 00000000         ;* DAMAGES (INCLUDING, BUT NOT LIMITED TO, PROCUREMENT O
                       F SUBSTITUTE GOODS OR
   33 00000000         ;* SERVICES; LOSS OF USE, DATA, OR PROFITS; OR BUSINESS 
                       INTERRUPTION) HOWEVER
   34 00000000         ;* CAUSED AND ON ANY THEORY OF LIABILITY, WHETHER IN CON
                       TRACT, STRICT LIABILITY,
   35 00000000         ;* OR TORT (INCLUDING NEGLIGENCE OR OTHERWISE) ARISING I



ARM Macro Assembler    Page 2 


                       N ANY WAY OUT OF THE USE
   36 00000000         ;* OF THIS SOFTWARE, EVEN IF ADVISED OF THE POSSIBILITY 
                       OF SUCH DAMAGE.
   37 00000000         ; 
   38 00000000         ;*******************************************************
                       ************************
   39 00000000         
   40 00000000         ; Amount of memory (in bytes) allocated for Stack
   41 00000000         ; Tailor this value to your application needs
   42 00000000         ; <h> Stack Configuration
   43 00000000         ;   <o> Stack Size (in Bytes) <0x0-0xFFFFFFFF:8>
   44 00000000         ; </h>
   45 00000000         
   46 00000000 00000400 
                       Stack_Size
                               EQU              0x00000400
   47 00000000         
   48 00000000                 AREA             STACK, NOINIT, READWRITE, ALIGN
=3
   49 00000000         Stack_Mem
                               SPACE            Stack_Size
   50 00000400         __initial_sp
   51 00000400         
   52 00000400         
   53 00000400         ; <h> Heap Configuration
   54 00000400         ;   <o>  Heap Size (in Bytes) <0x0-0xFFFFFFFF:8>
   55 00000400         ; </h>
   56 00000400         
   57 00000400 00000000 
                       Heap_Size
                               EQU              0x00000000
   58 00000400         
   59 00000400                 AREA             HEAP, NOINIT, READWRITE, ALIGN=
3
   60 00000000         __heap_base
   61 00000000         Heap_Mem
                               SPACE            Heap_Size
   62 00000000         __heap_limit
   63 00000000         
   64 00000000                 PRESERVE8
   65 00000000                 THUMB
   66 00000000         
   67 00000000         
   68 00000000         ; Vector Table Mapped to Address 0 at Reset
   69 00000000                 AREA             RESET, DATA, READONLY
   70 00000000                 EXPORT           __Vectors
   71 00000000                 EXPORT           __Vectors_End
   72 00000000                 EXPORT           __Vectors_Size
   73 00000000         
   74 00000000 00000000 
                       __Vectors
                               DCD              __initial_sp ; Top of Stack
   75 00000004 00000000        DCD              Reset_Handler ; Reset Handler
   76 00000008 00000000        DCD              NMI_Handler ; NMI Handler
   77 0000000C 00000000        DCD              HardFault_Handler ; Hard Fault 
                                                            Handler
   78 00000010 00000000        DCD              MemManage_Handler 
                                                            ; MPU Fault Handler
                                                            



ARM Macro Assembler    Page 3 


   79 00000014 00000000        DCD              BusFault_Handler 
                                                            ; Bus Fault Handler
                                                            
   80 00000018 00000000        DCD              UsageFault_Handler ; Usage Faul
                                                            t Handler
   81 0000001C 00000000        DCD              0           ; Reserved
   82 00000020 00000000        DCD              0           ; Reserved
   83 00000024 00000000        DCD              0           ; Reserved
   84 00000028 00000000        DCD              0           ; Reserved
   85 0000002C 00000000        DCD              SVC_Handler ; SVCall Handler
   86 00000030 00000000        DCD              DebugMon_Handler ; Debug Monito
                                                            r Handler
   87 00000034 00000000        DCD              0           ; Reserved
   88 00000038 00000000        DCD              PendSV_Handler ; PendSV Handler
                                                            
   89 0000003C 00000000        DCD              SysTick_Handler 
                                                            ; SysTick Handler
   90 00000040         
   91 00000040         ; External Interrupts
   92 00000040 00000000        DCD              WWDG_IRQHandler ; Window WatchD
                                                            og                 
                                                                               
                                                                
   93 00000044 00000000        DCD              PVD_IRQHandler ; PVD through EX
                                                            TI Line detection  
                                                                               
                                                               
   94 00000048 00000000        DCD              TAMP_STAMP_IRQHandler ; Tamper 
                                                            and TimeStamps thro
                                                            ugh the EXTI line  
                                                                      
   95 0000004C 00000000        DCD              RTC_WKUP_IRQHandler ; RTC Wakeu
                                                            p through the EXTI 
                                                            line               
                                                                    
   96 00000050 00000000        DCD              FLASH_IRQHandler ; FLASH       
                                                                               
                                                                             
   97 00000054 00000000        DCD              RCC_IRQHandler ; RCC           
                                                                               
                                                                           
   98 00000058 00000000        DCD              EXTI0_IRQHandler ; EXTI Line0  
                                                                               
                                                                               
                                                                 
   99 0000005C 00000000        DCD              EXTI1_IRQHandler ; EXTI Line1  
                                                                               
                                                                               
                                                                 
  100 00000060 00000000        DCD              EXTI2_IRQHandler ; EXTI Line2  
                                                                               
                                                                               
                                                                 
  101 00000064 00000000        DCD              EXTI3_IRQHandler ; EXTI Line3  
                                                                               
                                                                               
                                                                 
  102 00000068 00000000        DCD              EXTI4_IRQHandler ; EXTI Line4  
                                                                               



ARM Macro Assembler    Page 4 


                                                                               
                                                                 
  103 0000006C 00000000        DCD              DMA1_Stream0_IRQHandler ; DMA1 
                                                            Stream 0           
                                                                               
                                                                 
  104 00000070 00000000        DCD              DMA1_Stream1_IRQHandler ; DMA1 
                                                            Stream 1           
                                                                               
                                                                 
  105 00000074 00000000        DCD              DMA1_Stream2_IRQHandler ; DMA1 
                                                            Stream 2           
                                                                               
                                                                 
  106 00000078 00000000        DCD              DMA1_Stream3_IRQHandler ; DMA1 
                                                            Stream 3           
                                                                               
                                                                 
  107 0000007C 00000000        DCD              DMA1_Stream4_IRQHandler ; DMA1 
                                                            Stream 4           
                                                                               
                                                                 
  108 00000080 00000000        DCD              DMA1_Stream5_IRQHandler ; DMA1 
                                                            Stream 5           
                                                                               
                                                                 
  109 00000084 00000000        DCD              DMA1_Stream6_IRQHandler ; DMA1 
                                                            Stream 6           
                                                                               
                                                                 
  110 00000088 00000000        DCD              ADC_IRQHandler ; ADC1, ADC2 and
                                                             ADC3s             
                                                                           
  111 0000008C 00000000        DCD              CAN1_TX_IRQHandler ; CAN1 TX   
                                                                               
                                                                               
                                                                   
  112 00000090 00000000        DCD              CAN1_RX0_IRQHandler ; CAN1 RX0 
                                                                               
                                                                               
                                                                    
  113 00000094 00000000        DCD              CAN1_RX1_IRQHandler ; CAN1 RX1 
                                                                               
                                                                               
                                                                    
  114 00000098 00000000        DCD              CAN1_SCE_IRQHandler ; CAN1 SCE 
                                                                               
                                                                               
                                                                    
  115 0000009C 00000000        DCD              EXTI9_5_IRQHandler ; External L
                                                            ine[9:5]s          
                                                                               
                                                                   
  116 000000A0 00000000        DCD              TIM1_BRK_TIM9_IRQHandler ; TIM1
                                                             Break and TIM9    
                                                                           
  117 000000A4 00000000        DCD              TIM1_UP_TIM10_IRQHandler ; TIM1
                                                             Update and TIM10  
                                                                           



ARM Macro Assembler    Page 5 


  118 000000A8 00000000        DCD              TIM1_TRG_COM_TIM11_IRQHandler ;
                                                             TIM1 Trigger and C
                                                            ommutation and TIM1
                                                            1
  119 000000AC 00000000        DCD              TIM1_CC_IRQHandler ; TIM1 Captu
                                                            re Compare         
                                                                               
                                                                   
  120 000000B0 00000000        DCD              TIM2_IRQHandler ; TIM2         
                                                                               
                                                                            
  121 000000B4 00000000        DCD              TIM3_IRQHandler ; TIM3         
                                                                               
                                                                            
  122 000000B8 00000000        DCD              TIM4_IRQHandler ; TIM4         
                                                                               
                                                                            
  123 000000BC 00000000        DCD              I2C1_EV_IRQHandler ; I2C1 Event
                                                                               
                                                                               
                                                                   
  124 000000C0 00000000        DCD              I2C1_ER_IRQHandler ; I2C1 Error
                                                                               
                                                                               
                                                                   
  125 000000C4 00000000        DCD              I2C2_EV_IRQHandler ; I2C2 Event
                                                                               
                                                                               
                                                                   
  126 000000C8 00000000        DCD              I2C2_ER_IRQHandler ; I2C2 Error
                                                                               
                                                                               
                                                                     
  127 000000CC 00000000        DCD              SPI1_IRQHandler ; SPI1         
                                                                               
                                                                            
  128 000000D0 00000000        DCD              SPI2_IRQHandler ; SPI2         
                                                                               
                                                                            
  129 000000D4 00000000        DCD              USART1_IRQHandler ; USART1     
                                                                               
                                                                              
  130 000000D8 00000000        DCD              USART2_IRQHandler ; USART2     
                                                                               
                                                                              
  131 000000DC 00000000        DCD              USART3_IRQHandler ; USART3     
                                                                               
                                                                              
  132 000000E0 00000000        DCD              EXTI15_10_IRQHandler ; External
                                                             Line[15:10]s      
                                                                               
                                                                     
  133 000000E4 00000000        DCD              RTC_Alarm_IRQHandler ; RTC Alar
                                                            m (A and B) through
                                                             EXTI Line         
                                                                     
  134 000000E8 00000000        DCD              OTG_FS_WKUP_IRQHandler ; USB OT
                                                            G FS Wakeup through
                                                             EXTI line         



ARM Macro Assembler    Page 6 


                                                                           
  135 000000EC 00000000        DCD              TIM8_BRK_TIM12_IRQHandler ; TIM
                                                            8 Break and TIM12  
                                                                            
  136 000000F0 00000000        DCD              TIM8_UP_TIM13_IRQHandler ; TIM8
                                                             Update and TIM13  
                                                                           
  137 000000F4 00000000        DCD              TIM8_TRG_COM_TIM14_IRQHandler ;
                                                             TIM8 Trigger and C
                                                            ommutation and TIM1
                                                            4
  138 000000F8 00000000        DCD              TIM8_CC_IRQHandler ; TIM8 Captu
                                                            re Compare         
                                                                               
                                                                   
  139 000000FC 00000000        DCD              DMA1_Stream7_IRQHandler ; DMA1 
                                                            Stream7            
                                                                               
                                                                        
  140 00000100 00000000        DCD              FMC_IRQHandler ; FMC           
                                                                               
                                                                           
  141 00000104 00000000        DCD              SDIO_IRQHandler ; SDIO         
                                                                               
                                                                            
  142 00000108 00000000        DCD              TIM5_IRQHandler ; TIM5         
                                                                               
                                                                            
  143 0000010C 00000000        DCD              SPI3_IRQHandler ; SPI3         
                                                                               
                                                                            
  144 00000110 00000000        DCD              UART4_IRQHandler ; UART4       
                                                                               
                                                                             
  145 00000114 00000000        DCD              UART5_IRQHandler ; UART5       
                                                                               
                                                                             
  146 00000118 00000000        DCD              TIM6_DAC_IRQHandler ; TIM6 and 
                                                            DAC1&2 underrun err
                                                            ors                
                                                               
  147 0000011C 00000000        DCD              TIM7_IRQHandler ; TIM7         
                                                                      
  148 00000120 00000000        DCD              DMA2_Stream0_IRQHandler ; DMA2 
                                                            Stream 0           
                                                                               
                                                                 
  149 00000124 00000000        DCD              DMA2_Stream1_IRQHandler ; DMA2 
                                                            Stream 1           
                                                                               
                                                                 
  150 00000128 00000000        DCD              DMA2_Stream2_IRQHandler ; DMA2 
                                                            Stream 2           
                                                                               
                                                                 
  151 0000012C 00000000        DCD              DMA2_Stream3_IRQHandler ; DMA2 
                                                            Stream 3           
                                                                               
                                                                 



ARM Macro Assembler    Page 7 


  152 00000130 00000000        DCD              DMA2_Stream4_IRQHandler ; DMA2 
                                                            Stream 4           
                                                                               
                                                                 
  153 00000134 00000000        DCD              ETH_IRQHandler ; Ethernet      
                                                                               
                                                                           
  154 00000138 00000000        DCD              ETH_WKUP_IRQHandler ; Ethernet 
                                                            Wakeup through EXTI
                                                             line              
                                                                    
  155 0000013C 00000000        DCD              CAN2_TX_IRQHandler ; CAN2 TX   
                                                                               
                                                                               
                                                                   
  156 00000140 00000000        DCD              CAN2_RX0_IRQHandler ; CAN2 RX0 
                                                                               
                                                                               
                                                                    
  157 00000144 00000000        DCD              CAN2_RX1_IRQHandler ; CAN2 RX1 
                                                                               
                                                                               
                                                                    
  158 00000148 00000000        DCD              CAN2_SCE_IRQHandler ; CAN2 SCE 
                                                                               
                                                                               
                                                                    
  159 0000014C 00000000        DCD              OTG_FS_IRQHandler ; USB OTG FS 
                                                                               
                                                                              
  160 00000150 00000000        DCD              DMA2_Stream5_IRQHandler ; DMA2 
                                                            Stream 5           
                                                                               
                                                                 
  161 00000154 00000000        DCD              DMA2_Stream6_IRQHandler ; DMA2 
                                                            Stream 6           
                                                                               
                                                                 
  162 00000158 00000000        DCD              DMA2_Stream7_IRQHandler ; DMA2 
                                                            Stream 7           
                                                                               
                                                                 
  163 0000015C 00000000        DCD              USART6_IRQHandler ; USART6     
                                                                               
                                                                               
                                                            
  164 00000160 00000000        DCD              I2C3_EV_IRQHandler ; I2C3 event
                                                                               
                                                                               
                                                                   
  165 00000164 00000000        DCD              I2C3_ER_IRQHandler ; I2C3 error
                                                                               
                                                                               
                                                                   
  166 00000168 00000000        DCD              OTG_HS_EP1_OUT_IRQHandler ; USB
                                                             OTG HS End Point 1
                                                             Out               
                                                                   
  167 0000016C 00000000        DCD              OTG_HS_EP1_IN_IRQHandler ; USB 



ARM Macro Assembler    Page 8 


                                                            OTG HS End Point 1 
                                                            In                 
                                                                  
  168 00000170 00000000        DCD              OTG_HS_WKUP_IRQHandler ; USB OT
                                                            G HS Wakeup through
                                                             EXTI              
                                                                       
  169 00000174 00000000        DCD              OTG_HS_IRQHandler ; USB OTG HS 
                                                                               
                                                                              
  170 00000178 00000000        DCD              DCMI_IRQHandler ; DCMI  
  171 0000017C 00000000        DCD              0           ; Reserved         
                                                                               
                                                                  
  172 00000180 00000000        DCD              HASH_RNG_IRQHandler 
                                                            ; Hash and Rng
  173 00000184 00000000        DCD              FPU_IRQHandler ; FPU
  174 00000188 00000000        DCD              UART7_IRQHandler ; UART7
  175 0000018C 00000000        DCD              UART8_IRQHandler ; UART8
  176 00000190 00000000        DCD              SPI4_IRQHandler ; SPI4
  177 00000194 00000000        DCD              SPI5_IRQHandler ; SPI5
  178 00000198 00000000        DCD              SPI6_IRQHandler ; SPI6
  179 0000019C 00000000        DCD              SAI1_IRQHandler ; SAI1
  180 000001A0 00000000        DCD              0           ; Reserved
  181 000001A4 00000000        DCD              0           ; Reserved
  182 000001A8 00000000        DCD              DMA2D_IRQHandler ; DMA2D
  183 000001AC         
  184 000001AC         __Vectors_End
  185 000001AC         
  186 000001AC 000001AC 
                       __Vectors_Size
                               EQU              __Vectors_End - __Vectors
  187 000001AC         
  188 000001AC                 AREA             |.text|, CODE, READONLY
  189 00000000         
  190 00000000         ; Reset handler
  191 00000000         Reset_Handler
                               PROC
  192 00000000                 EXPORT           Reset_Handler             [WEAK
]
  193 00000000                 IMPORT           SystemInit
  194 00000000                 IMPORT           __main
  195 00000000 480C            LDR              R0, =0xE000ED88
  196 00000002 6801            LDR              R1,[R0]
  197 00000004 F441 0170       ORR              R1,R1,#(0xF << 20)
  198 00000008 6001            STR              R1,[R0]
  199 0000000A 480B            LDR              R0, =SystemInit
  200 0000000C 4780            BLX              R0
  201 0000000E 480B            LDR              R0, =__main
  202 00000010 4700            BX               R0
  203 00000012                 ENDP
  204 00000012         
  205 00000012         ; Dummy Exception Handlers (infinite loops which can be 
                       modified)
  206 00000012         
  207 00000012         NMI_Handler
                               PROC
  208 00000012                 EXPORT           NMI_Handler                [WEA
K]



ARM Macro Assembler    Page 9 


  209 00000012 E7FE            B                .
  210 00000014                 ENDP
  212 00000014         HardFault_Handler
                               PROC
  213 00000014                 EXPORT           HardFault_Handler          [WEA
K]
  214 00000014 E7FE            B                .
  215 00000016                 ENDP
  217 00000016         MemManage_Handler
                               PROC
  218 00000016                 EXPORT           MemManage_Handler          [WEA
K]
  219 00000016 E7FE            B                .
  220 00000018                 ENDP
  222 00000018         BusFault_Handler
                               PROC
  223 00000018                 EXPORT           BusFault_Handler           [WEA
K]
  224 00000018 E7FE            B                .
  225 0000001A                 ENDP
  227 0000001A         UsageFault_Handler
                               PROC
  228 0000001A                 EXPORT           UsageFault_Handler         [WEA
K]
  229 0000001A E7FE            B                .
  230 0000001C                 ENDP
  231 0000001C         SVC_Handler
                               PROC
  232 0000001C                 EXPORT           SVC_Handler                [WEA
K]
  233 0000001C E7FE            B                .
  234 0000001E                 ENDP
  236 0000001E         DebugMon_Handler
                               PROC
  237 0000001E                 EXPORT           DebugMon_Handler           [WEA
K]
  238 0000001E E7FE            B                .
  239 00000020                 ENDP
  240 00000020         PendSV_Handler
                               PROC
  241 00000020                 EXPORT           PendSV_Handler             [WEA
K]
  242 00000020 E7FE            B                .
  243 00000022                 ENDP
  244 00000022         SysTick_Handler
                               PROC
  245 00000022                 EXPORT           SysTick_Handler            [WEA
K]
  246 00000022 E7FE            B                .
  247 00000024                 ENDP
  248 00000024         
  249 00000024         Default_Handler
                               PROC
  250 00000024         
  251 00000024                 EXPORT           WWDG_IRQHandler                
   [WEAK]
  252 00000024                 EXPORT           PVD_IRQHandler                 
   [WEAK]
  253 00000024                 EXPORT           TAMP_STAMP_IRQHandler          



ARM Macro Assembler    Page 10 


   [WEAK]
  254 00000024                 EXPORT           RTC_WKUP_IRQHandler            
   [WEAK]
  255 00000024                 EXPORT           FLASH_IRQHandler               
   [WEAK]
  256 00000024                 EXPORT           RCC_IRQHandler                 
   [WEAK]
  257 00000024                 EXPORT           EXTI0_IRQHandler               
   [WEAK]
  258 00000024                 EXPORT           EXTI1_IRQHandler               
   [WEAK]
  259 00000024                 EXPORT           EXTI2_IRQHandler               
   [WEAK]
  260 00000024                 EXPORT           EXTI3_IRQHandler               
   [WEAK]
  261 00000024                 EXPORT           EXTI4_IRQHandler               
   [WEAK]
  262 00000024                 EXPORT           DMA1_Stream0_IRQHandler        
   [WEAK]
  263 00000024                 EXPORT           DMA1_Stream1_IRQHandler        
   [WEAK]
  264 00000024                 EXPORT           DMA1_Stream2_IRQHandler        
   [WEAK]
  265 00000024                 EXPORT           DMA1_Stream3_IRQHandler        
   [WEAK]
  266 00000024                 EXPORT           DMA1_Stream4_IRQHandler        
   [WEAK]
  267 00000024                 EXPORT           DMA1_Stream5_IRQHandler        
   [WEAK]
  268 00000024                 EXPORT           DMA1_Stream6_IRQHandler        
   [WEAK]
  269 00000024                 EXPORT           ADC_IRQHandler                 
   [WEAK]
  270 00000024                 EXPORT           CAN1_TX_IRQHandler             
   [WEAK]
  271 00000024                 EXPORT           CAN1_RX0_IRQHandler            
   [WEAK]
  272 00000024                 EXPORT           CAN1_RX1_IRQHandler            
   [WEAK]
  273 00000024                 EXPORT           CAN1_SCE_IRQHandler            
   [WEAK]
  274 00000024                 EXPORT           EXTI9_5_IRQHandler             
   [WEAK]
  275 00000024                 EXPORT           TIM1_BRK_TIM9_IRQHandler       
   [WEAK]
  276 00000024                 EXPORT           TIM1_UP_TIM10_IRQHandler       
   [WEAK]
  277 00000024                 EXPORT           TIM1_TRG_COM_TIM11_IRQHandler  
   [WEAK]
  278 00000024                 EXPORT           TIM1_CC_IRQHandler             
   [WEAK]
  279 00000024                 EXPORT           TIM2_IRQHandler                
   [WEAK]
  280 00000024                 EXPORT           TIM3_IRQHandler                
   [WEAK]
  281 00000024                 EXPORT           TIM4_IRQHandler                
   [WEAK]
  282 00000024                 EXPORT           I2C1_EV_IRQHandler             
   [WEAK]



ARM Macro Assembler    Page 11 


  283 00000024                 EXPORT           I2C1_ER_IRQHandler             
   [WEAK]
  284 00000024                 EXPORT           I2C2_EV_IRQHandler             
   [WEAK]
  285 00000024                 EXPORT           I2C2_ER_IRQHandler             
   [WEAK]
  286 00000024                 EXPORT           SPI1_IRQHandler                
   [WEAK]
  287 00000024                 EXPORT           SPI2_IRQHandler                
   [WEAK]
  288 00000024                 EXPORT           USART1_IRQHandler              
   [WEAK]
  289 00000024                 EXPORT           USART2_IRQHandler              
   [WEAK]
  290 00000024                 EXPORT           USART3_IRQHandler              
   [WEAK]
  291 00000024                 EXPORT           EXTI15_10_IRQHandler           
   [WEAK]
  292 00000024                 EXPORT           RTC_Alarm_IRQHandler           
   [WEAK]
  293 00000024                 EXPORT           OTG_FS_WKUP_IRQHandler         
   [WEAK]
  294 00000024                 EXPORT           TIM8_BRK_TIM12_IRQHandler      
   [WEAK]
  295 00000024                 EXPORT           TIM8_UP_TIM13_IRQHandler       
   [WEAK]
  296 00000024                 EXPORT           TIM8_TRG_COM_TIM14_IRQHandler  
   [WEAK]
  297 00000024                 EXPORT           TIM8_CC_IRQHandler             
   [WEAK]
  298 00000024                 EXPORT           DMA1_Stream7_IRQHandler        
   [WEAK]
  299 00000024                 EXPORT           FMC_IRQHandler                 
   [WEAK]
  300 00000024                 EXPORT           SDIO_IRQHandler                
   [WEAK]
  301 00000024                 EXPORT           TIM5_IRQHandler                
   [WEAK]
  302 00000024                 EXPORT           SPI3_IRQHandler                
   [WEAK]
  303 00000024                 EXPORT           UART4_IRQHandler               
   [WEAK]
  304 00000024                 EXPORT           UART5_IRQHandler               
   [WEAK]
  305 00000024                 EXPORT           TIM6_DAC_IRQHandler            
   [WEAK]
  306 00000024                 EXPORT           TIM7_IRQHandler                
   [WEAK]
  307 00000024                 EXPORT           DMA2_Stream0_IRQHandler        
   [WEAK]
  308 00000024                 EXPORT           DMA2_Stream1_IRQHandler        
   [WEAK]
  309 00000024                 EXPORT           DMA2_Stream2_IRQHandler        
   [WEAK]
  310 00000024                 EXPORT           DMA2_Stream3_IRQHandler        
   [WEAK]
  311 00000024                 EXPORT           DMA2_Stream4_IRQHandler        
   [WEAK]
  312 00000024                 EXPORT           ETH_IRQHandler                 



ARM Macro Assembler    Page 12 


   [WEAK]
  313 00000024                 EXPORT           ETH_WKUP_IRQHandler            
   [WEAK]
  314 00000024                 EXPORT           CAN2_TX_IRQHandler             
   [WEAK]
  315 00000024                 EXPORT           CAN2_RX0_IRQHandler            
   [WEAK]
  316 00000024                 EXPORT           CAN2_RX1_IRQHandler            
   [WEAK]
  317 00000024                 EXPORT           CAN2_SCE_IRQHandler            
   [WEAK]
  318 00000024                 EXPORT           OTG_FS_IRQHandler              
   [WEAK]
  319 00000024                 EXPORT           DMA2_Stream5_IRQHandler        
   [WEAK]
  320 00000024                 EXPORT           DMA2_Stream6_IRQHandler        
   [WEAK]
  321 00000024                 EXPORT           DMA2_Stream7_IRQHandler        
   [WEAK]
  322 00000024                 EXPORT           USART6_IRQHandler              
   [WEAK]
  323 00000024                 EXPORT           I2C3_EV_IRQHandler             
   [WEAK]
  324 00000024                 EXPORT           I2C3_ER_IRQHandler             
   [WEAK]
  325 00000024                 EXPORT           OTG_HS_EP1_OUT_IRQHandler      
   [WEAK]
  326 00000024                 EXPORT           OTG_HS_EP1_IN_IRQHandler       
   [WEAK]
  327 00000024                 EXPORT           OTG_HS_WKUP_IRQHandler         
   [WEAK]
  328 00000024                 EXPORT           OTG_HS_IRQHandler              
   [WEAK]
  329 00000024                 EXPORT           DCMI_IRQHandler                
   [WEAK]
  330 00000024                 EXPORT           HASH_RNG_IRQHandler            
   [WEAK]
  331 00000024                 EXPORT           FPU_IRQHandler                 
   [WEAK]
  332 00000024                 EXPORT           UART7_IRQHandler               
   [WEAK]
  333 00000024                 EXPORT           UART8_IRQHandler               
   [WEAK]
  334 00000024                 EXPORT           SPI4_IRQHandler                
   [WEAK]
  335 00000024                 EXPORT           SPI5_IRQHandler                
   [WEAK]
  336 00000024                 EXPORT           SPI6_IRQHandler                
   [WEAK]
  337 00000024                 EXPORT           SAI1_IRQHandler                
   [WEAK]
  338 00000024                 EXPORT           DMA2D_IRQHandler               
   [WEAK]
  339 00000024         
  340 00000024         WWDG_IRQHandler
  341 00000024         PVD_IRQHandler
  342 00000024         TAMP_STAMP_IRQHandler
  343 00000024         RTC_WKUP_IRQHandler
  344 00000024         FLASH_IRQHandler



ARM Macro Assembler    Page 13 


  345 00000024         RCC_IRQHandler
  346 00000024         EXTI0_IRQHandler
  347 00000024         EXTI1_IRQHandler
  348 00000024         EXTI2_IRQHandler
  349 00000024         EXTI3_IRQHandler
  350 00000024         EXTI4_IRQHandler
  351 00000024         DMA1_Stream0_IRQHandler
  352 00000024         DMA1_Stream1_IRQHandler
  353 00000024         DMA1_Stream2_IRQHandler
  354 00000024         DMA1_Stream3_IRQHandler
  355 00000024         DMA1_Stream4_IRQHandler
  356 00000024         DMA1_Stream5_IRQHandler
  357 00000024         DMA1_Stream6_IRQHandler
  358 00000024         ADC_IRQHandler
  359 00000024         CAN1_TX_IRQHandler
  360 00000024         CAN1_RX0_IRQHandler
  361 00000024         CAN1_RX1_IRQHandler
  362 00000024         CAN1_SCE_IRQHandler
  363 00000024         EXTI9_5_IRQHandler
  364 00000024         TIM1_BRK_TIM9_IRQHandler
  365 00000024         TIM1_UP_TIM10_IRQHandler
  366 00000024         TIM1_TRG_COM_TIM11_IRQHandler
  367 00000024         TIM1_CC_IRQHandler
  368 00000024         TIM2_IRQHandler
  369 00000024         TIM3_IRQHandler
  370 00000024         TIM4_IRQHandler
  371 00000024         I2C1_EV_IRQHandler
  372 00000024         I2C1_ER_IRQHandler
  373 00000024         I2C2_EV_IRQHandler
  374 00000024         I2C2_ER_IRQHandler
  375 00000024         SPI1_IRQHandler
  376 00000024         SPI2_IRQHandler
  377 00000024         USART1_IRQHandler
  378 00000024         USART2_IRQHandler
  379 00000024         USART3_IRQHandler
  380 00000024         EXTI15_10_IRQHandler
  381 00000024         RTC_Alarm_IRQHandler
  382 00000024         OTG_FS_WKUP_IRQHandler
  383 00000024         TIM8_BRK_TIM12_IRQHandler
  384 00000024         TIM8_UP_TIM13_IRQHandler
  385 00000024         TIM8_TRG_COM_TIM14_IRQHandler
  386 00000024         TIM8_CC_IRQHandler
  387 00000024         DMA1_Stream7_IRQHandler
  388 00000024         FMC_IRQHandler
  389 00000024         SDIO_IRQHandler
  390 00000024         TIM5_IRQHandler
  391 00000024         SPI3_IRQHandler
  392 00000024         UART4_IRQHandler
  393 00000024         UART5_IRQHandler
  394 00000024         TIM6_DAC_IRQHandler
  395 00000024         TIM7_IRQHandler
  396 00000024         DMA2_Stream0_IRQHandler
  397 00000024         DMA2_Stream1_IRQHandler
  398 00000024         DMA2_Stream2_IRQHandler
  399 00000024         DMA2_Stream3_IRQHandler
  400 00000024         DMA2_Stream4_IRQHandler
  401 00000024         ETH_IRQHandler
  402 00000024         ETH_WKUP_IRQHandler
  403 00000024         CAN2_TX_IRQHandler



ARM Macro Assembler    Page 14 


  404 00000024         CAN2_RX0_IRQHandler
  405 00000024         CAN2_RX1_IRQHandler
  406 00000024         CAN2_SCE_IRQHandler
  407 00000024         OTG_FS_IRQHandler
  408 00000024         DMA2_Stream5_IRQHandler
  409 00000024         DMA2_Stream6_IRQHandler
  410 00000024         DMA2_Stream7_IRQHandler
  411 00000024         USART6_IRQHandler
  412 00000024         I2C3_EV_IRQHandler
  413 00000024         I2C3_ER_IRQHandler
  414 00000024         OTG_HS_EP1_OUT_IRQHandler
  415 00000024         OTG_HS_EP1_IN_IRQHandler
  416 00000024         OTG_HS_WKUP_IRQHandler
  417 00000024         OTG_HS_IRQHandler
  418 00000024         DCMI_IRQHandler
  419 00000024         HASH_RNG_IRQHandler
  420 00000024         FPU_IRQHandler
  421 00000024         UART7_IRQHandler
  422 00000024         UART8_IRQHandler
  423 00000024         SPI4_IRQHandler
  424 00000024         SPI5_IRQHandler
  425 00000024         SPI6_IRQHandler
  426 00000024         SAI1_IRQHandler
  427 00000024         DMA2D_IRQHandler
  428 00000024 E7FE            B                .
  429 00000026         
  430 00000026                 ENDP
  431 00000026         
  432 00000026 00 00           ALIGN
  433 00000028         
  434 00000028         ;*******************************************************
                       ************************
  435 00000028         ; User Stack and Heap initialization
  436 00000028         ;*******************************************************
                       ************************
  437 00000028                 IF               :DEF:__MICROLIB
  444 00000028         
  445 00000028                 IMPORT           __use_two_region_memory
  446 00000028                 EXPORT           __user_initial_stackheap
  447 00000028         
  448 00000028         __user_initial_stackheap
  449 00000028         
  450 00000028 4805            LDR              R0, =  Heap_Mem
  451 0000002A 4906            LDR              R1, =(Stack_Mem + Stack_Size)
  452 0000002C 4A04            LDR              R2, = (Heap_Mem +  Heap_Size)
  453 0000002E 4B06            LDR              R3, = Stack_Mem
  454 00000030 4770            BX               LR
  455 00000032         
  456 00000032 00 00           ALIGN
  457 00000034         
  458 00000034                 ENDIF
  459 00000034         
  460 00000034                 END
              E000ED88 
              00000000 
              00000000 
              00000000 
              00000400 
              00000000 



ARM Macro Assembler    Page 15 


Command Line: --debug --xref --diag_suppress=9931 --cpu=Cortex-M4.fp --apcs=int
erwork --depend=..\obj\startup_stm32f427xx.d -o..\obj\startup_stm32f427xx.o -I"
C:\Users\Macbook\Desktop\MistyMoon\3\V4 ²¦µ¯\USER\RTE" -IC:\Keil_v5\ARM\PACK\Ke
il\STM32F4xx_DFP\2.5.0\Drivers\CMSIS\Device\ST\STM32F4xx\Include -IC:\Keil_v5\A
RM\CMSIS\Include -IC:\Keil_v5\ARM\PACK\Keil\STM32F4xx_DFP\2.5.0\Device\Include 
--predefine="__UVISION_VERSION SETA 515" --predefine="STM32F427xx SETA 1" --lis
t=..\obj\startup_stm32f427xx.lst ..\CORE\startup_stm32f427xx.s



ARM Macro Assembler    Page 1 Alphabetic symbol ordering
Relocatable symbols

STACK 00000000

Symbol: STACK
   Definitions
      At line 48 in file ..\CORE\startup_stm32f427xx.s
   Uses
      None
Comment: STACK unused
Stack_Mem 00000000

Symbol: Stack_Mem
   Definitions
      At line 49 in file ..\CORE\startup_stm32f427xx.s
   Uses
      At line 451 in file ..\CORE\startup_stm32f427xx.s
      At line 453 in file ..\CORE\startup_stm32f427xx.s

__initial_sp 00000400

Symbol: __initial_sp
   Definitions
      At line 50 in file ..\CORE\startup_stm32f427xx.s
   Uses
      At line 74 in file ..\CORE\startup_stm32f427xx.s
Comment: __initial_sp used once
3 symbols



ARM Macro Assembler    Page 1 Alphabetic symbol ordering
Relocatable symbols

HEAP 00000000

Symbol: HEAP
   Definitions
      At line 59 in file ..\CORE\startup_stm32f427xx.s
   Uses
      None
Comment: HEAP unused
Heap_Mem 00000000

Symbol: Heap_Mem
   Definitions
      At line 61 in file ..\CORE\startup_stm32f427xx.s
   Uses
      At line 450 in file ..\CORE\startup_stm32f427xx.s
      At line 452 in file ..\CORE\startup_stm32f427xx.s

__heap_base 00000000

Symbol: __heap_base
   Definitions
      At line 60 in file ..\CORE\startup_stm32f427xx.s
   Uses
      None
Comment: __heap_base unused
__heap_limit 00000000

Symbol: __heap_limit
   Definitions
      At line 62 in file ..\CORE\startup_stm32f427xx.s
   Uses
      None
Comment: __heap_limit unused
4 symbols



ARM Macro Assembler    Page 1 Alphabetic symbol ordering
Relocatable symbols

RESET 00000000

Symbol: RESET
   Definitions
      At line 69 in file ..\CORE\startup_stm32f427xx.s
   Uses
      None
Comment: RESET unused
__Vectors 00000000

Symbol: __Vectors
   Definitions
      At line 74 in file ..\CORE\startup_stm32f427xx.s
   Uses
      At line 70 in file ..\CORE\startup_stm32f427xx.s
      At line 186 in file ..\CORE\startup_stm32f427xx.s

__Vectors_End 000001AC

Symbol: __Vectors_End
   Definitions
      At line 184 in file ..\CORE\startup_stm32f427xx.s
   Uses
      At line 71 in file ..\CORE\startup_stm32f427xx.s
      At line 186 in file ..\CORE\startup_stm32f427xx.s

3 symbols



ARM Macro Assembler    Page 1 Alphabetic symbol ordering
Relocatable symbols

.text 00000000

Symbol: .text
   Definitions
      At line 188 in file ..\CORE\startup_stm32f427xx.s
   Uses
      None
Comment: .text unused
ADC_IRQHandler 00000024

Symbol: ADC_IRQHandler
   Definitions
      At line 358 in file ..\CORE\startup_stm32f427xx.s
   Uses
      At line 110 in file ..\CORE\startup_stm32f427xx.s
      At line 269 in file ..\CORE\startup_stm32f427xx.s

BusFault_Handler 00000018

Symbol: BusFault_Handler
   Definitions
      At line 222 in file ..\CORE\startup_stm32f427xx.s
   Uses
      At line 79 in file ..\CORE\startup_stm32f427xx.s
      At line 223 in file ..\CORE\startup_stm32f427xx.s

CAN1_RX0_IRQHandler 00000024

Symbol: CAN1_RX0_IRQHandler
   Definitions
      At line 360 in file ..\CORE\startup_stm32f427xx.s
   Uses
      At line 112 in file ..\CORE\startup_stm32f427xx.s
      At line 271 in file ..\CORE\startup_stm32f427xx.s

CAN1_RX1_IRQHandler 00000024

Symbol: CAN1_RX1_IRQHandler
   Definitions
      At line 361 in file ..\CORE\startup_stm32f427xx.s
   Uses
      At line 113 in file ..\CORE\startup_stm32f427xx.s
      At line 272 in file ..\CORE\startup_stm32f427xx.s

CAN1_SCE_IRQHandler 00000024

Symbol: CAN1_SCE_IRQHandler
   Definitions
      At line 362 in file ..\CORE\startup_stm32f427xx.s
   Uses
      At line 114 in file ..\CORE\startup_stm32f427xx.s
      At line 273 in file ..\CORE\startup_stm32f427xx.s

CAN1_TX_IRQHandler 00000024

Symbol: CAN1_TX_IRQHandler
   Definitions
      At line 359 in file ..\CORE\startup_stm32f427xx.s
   Uses



ARM Macro Assembler    Page 2 Alphabetic symbol ordering
Relocatable symbols

      At line 111 in file ..\CORE\startup_stm32f427xx.s
      At line 270 in file ..\CORE\startup_stm32f427xx.s

CAN2_RX0_IRQHandler 00000024

Symbol: CAN2_RX0_IRQHandler
   Definitions
      At line 404 in file ..\CORE\startup_stm32f427xx.s
   Uses
      At line 156 in file ..\CORE\startup_stm32f427xx.s
      At line 315 in file ..\CORE\startup_stm32f427xx.s

CAN2_RX1_IRQHandler 00000024

Symbol: CAN2_RX1_IRQHandler
   Definitions
      At line 405 in file ..\CORE\startup_stm32f427xx.s
   Uses
      At line 157 in file ..\CORE\startup_stm32f427xx.s
      At line 316 in file ..\CORE\startup_stm32f427xx.s

CAN2_SCE_IRQHandler 00000024

Symbol: CAN2_SCE_IRQHandler
   Definitions
      At line 406 in file ..\CORE\startup_stm32f427xx.s
   Uses
      At line 158 in file ..\CORE\startup_stm32f427xx.s
      At line 317 in file ..\CORE\startup_stm32f427xx.s

CAN2_TX_IRQHandler 00000024

Symbol: CAN2_TX_IRQHandler
   Definitions
      At line 403 in file ..\CORE\startup_stm32f427xx.s
   Uses
      At line 155 in file ..\CORE\startup_stm32f427xx.s
      At line 314 in file ..\CORE\startup_stm32f427xx.s

DCMI_IRQHandler 00000024

Symbol: DCMI_IRQHandler
   Definitions
      At line 418 in file ..\CORE\startup_stm32f427xx.s
   Uses
      At line 170 in file ..\CORE\startup_stm32f427xx.s
      At line 329 in file ..\CORE\startup_stm32f427xx.s

DMA1_Stream0_IRQHandler 00000024

Symbol: DMA1_Stream0_IRQHandler
   Definitions
      At line 351 in file ..\CORE\startup_stm32f427xx.s
   Uses
      At line 103 in file ..\CORE\startup_stm32f427xx.s
      At line 262 in file ..\CORE\startup_stm32f427xx.s

DMA1_Stream1_IRQHandler 00000024




ARM Macro Assembler    Page 3 Alphabetic symbol ordering
Relocatable symbols

Symbol: DMA1_Stream1_IRQHandler
   Definitions
      At line 352 in file ..\CORE\startup_stm32f427xx.s
   Uses
      At line 104 in file ..\CORE\startup_stm32f427xx.s
      At line 263 in file ..\CORE\startup_stm32f427xx.s

DMA1_Stream2_IRQHandler 00000024

Symbol: DMA1_Stream2_IRQHandler
   Definitions
      At line 353 in file ..\CORE\startup_stm32f427xx.s
   Uses
      At line 105 in file ..\CORE\startup_stm32f427xx.s
      At line 264 in file ..\CORE\startup_stm32f427xx.s

DMA1_Stream3_IRQHandler 00000024

Symbol: DMA1_Stream3_IRQHandler
   Definitions
      At line 354 in file ..\CORE\startup_stm32f427xx.s
   Uses
      At line 106 in file ..\CORE\startup_stm32f427xx.s
      At line 265 in file ..\CORE\startup_stm32f427xx.s

DMA1_Stream4_IRQHandler 00000024

Symbol: DMA1_Stream4_IRQHandler
   Definitions
      At line 355 in file ..\CORE\startup_stm32f427xx.s
   Uses
      At line 107 in file ..\CORE\startup_stm32f427xx.s
      At line 266 in file ..\CORE\startup_stm32f427xx.s

DMA1_Stream5_IRQHandler 00000024

Symbol: DMA1_Stream5_IRQHandler
   Definitions
      At line 356 in file ..\CORE\startup_stm32f427xx.s
   Uses
      At line 108 in file ..\CORE\startup_stm32f427xx.s
      At line 267 in file ..\CORE\startup_stm32f427xx.s

DMA1_Stream6_IRQHandler 00000024

Symbol: DMA1_Stream6_IRQHandler
   Definitions
      At line 357 in file ..\CORE\startup_stm32f427xx.s
   Uses
      At line 109 in file ..\CORE\startup_stm32f427xx.s
      At line 268 in file ..\CORE\startup_stm32f427xx.s

DMA1_Stream7_IRQHandler 00000024

Symbol: DMA1_Stream7_IRQHandler
   Definitions
      At line 387 in file ..\CORE\startup_stm32f427xx.s
   Uses
      At line 139 in file ..\CORE\startup_stm32f427xx.s



ARM Macro Assembler    Page 4 Alphabetic symbol ordering
Relocatable symbols

      At line 298 in file ..\CORE\startup_stm32f427xx.s

DMA2D_IRQHandler 00000024

Symbol: DMA2D_IRQHandler
   Definitions
      At line 427 in file ..\CORE\startup_stm32f427xx.s
   Uses
      At line 182 in file ..\CORE\startup_stm32f427xx.s
      At line 338 in file ..\CORE\startup_stm32f427xx.s

DMA2_Stream0_IRQHandler 00000024

Symbol: DMA2_Stream0_IRQHandler
   Definitions
      At line 396 in file ..\CORE\startup_stm32f427xx.s
   Uses
      At line 148 in file ..\CORE\startup_stm32f427xx.s
      At line 307 in file ..\CORE\startup_stm32f427xx.s

DMA2_Stream1_IRQHandler 00000024

Symbol: DMA2_Stream1_IRQHandler
   Definitions
      At line 397 in file ..\CORE\startup_stm32f427xx.s
   Uses
      At line 149 in file ..\CORE\startup_stm32f427xx.s
      At line 308 in file ..\CORE\startup_stm32f427xx.s

DMA2_Stream2_IRQHandler 00000024

Symbol: DMA2_Stream2_IRQHandler
   Definitions
      At line 398 in file ..\CORE\startup_stm32f427xx.s
   Uses
      At line 150 in file ..\CORE\startup_stm32f427xx.s
      At line 309 in file ..\CORE\startup_stm32f427xx.s

DMA2_Stream3_IRQHandler 00000024

Symbol: DMA2_Stream3_IRQHandler
   Definitions
      At line 399 in file ..\CORE\startup_stm32f427xx.s
   Uses
      At line 151 in file ..\CORE\startup_stm32f427xx.s
      At line 310 in file ..\CORE\startup_stm32f427xx.s

DMA2_Stream4_IRQHandler 00000024

Symbol: DMA2_Stream4_IRQHandler
   Definitions
      At line 400 in file ..\CORE\startup_stm32f427xx.s
   Uses
      At line 152 in file ..\CORE\startup_stm32f427xx.s
      At line 311 in file ..\CORE\startup_stm32f427xx.s

DMA2_Stream5_IRQHandler 00000024

Symbol: DMA2_Stream5_IRQHandler



ARM Macro Assembler    Page 5 Alphabetic symbol ordering
Relocatable symbols

   Definitions
      At line 408 in file ..\CORE\startup_stm32f427xx.s
   Uses
      At line 160 in file ..\CORE\startup_stm32f427xx.s
      At line 319 in file ..\CORE\startup_stm32f427xx.s

DMA2_Stream6_IRQHandler 00000024

Symbol: DMA2_Stream6_IRQHandler
   Definitions
      At line 409 in file ..\CORE\startup_stm32f427xx.s
   Uses
      At line 161 in file ..\CORE\startup_stm32f427xx.s
      At line 320 in file ..\CORE\startup_stm32f427xx.s

DMA2_Stream7_IRQHandler 00000024

Symbol: DMA2_Stream7_IRQHandler
   Definitions
      At line 410 in file ..\CORE\startup_stm32f427xx.s
   Uses
      At line 162 in file ..\CORE\startup_stm32f427xx.s
      At line 321 in file ..\CORE\startup_stm32f427xx.s

DebugMon_Handler 0000001E

Symbol: DebugMon_Handler
   Definitions
      At line 236 in file ..\CORE\startup_stm32f427xx.s
   Uses
      At line 86 in file ..\CORE\startup_stm32f427xx.s
      At line 237 in file ..\CORE\startup_stm32f427xx.s

Default_Handler 00000024

Symbol: Default_Handler
   Definitions
      At line 249 in file ..\CORE\startup_stm32f427xx.s
   Uses
      None
Comment: Default_Handler unused
ETH_IRQHandler 00000024

Symbol: ETH_IRQHandler
   Definitions
      At line 401 in file ..\CORE\startup_stm32f427xx.s
   Uses
      At line 153 in file ..\CORE\startup_stm32f427xx.s
      At line 312 in file ..\CORE\startup_stm32f427xx.s

ETH_WKUP_IRQHandler 00000024

Symbol: ETH_WKUP_IRQHandler
   Definitions
      At line 402 in file ..\CORE\startup_stm32f427xx.s
   Uses
      At line 154 in file ..\CORE\startup_stm32f427xx.s
      At line 313 in file ..\CORE\startup_stm32f427xx.s




ARM Macro Assembler    Page 6 Alphabetic symbol ordering
Relocatable symbols

EXTI0_IRQHandler 00000024

Symbol: EXTI0_IRQHandler
   Definitions
      At line 346 in file ..\CORE\startup_stm32f427xx.s
   Uses
      At line 98 in file ..\CORE\startup_stm32f427xx.s
      At line 257 in file ..\CORE\startup_stm32f427xx.s

EXTI15_10_IRQHandler 00000024

Symbol: EXTI15_10_IRQHandler
   Definitions
      At line 380 in file ..\CORE\startup_stm32f427xx.s
   Uses
      At line 132 in file ..\CORE\startup_stm32f427xx.s
      At line 291 in file ..\CORE\startup_stm32f427xx.s

EXTI1_IRQHandler 00000024

Symbol: EXTI1_IRQHandler
   Definitions
      At line 347 in file ..\CORE\startup_stm32f427xx.s
   Uses
      At line 99 in file ..\CORE\startup_stm32f427xx.s
      At line 258 in file ..\CORE\startup_stm32f427xx.s

EXTI2_IRQHandler 00000024

Symbol: EXTI2_IRQHandler
   Definitions
      At line 348 in file ..\CORE\startup_stm32f427xx.s
   Uses
      At line 100 in file ..\CORE\startup_stm32f427xx.s
      At line 259 in file ..\CORE\startup_stm32f427xx.s

EXTI3_IRQHandler 00000024

Symbol: EXTI3_IRQHandler
   Definitions
      At line 349 in file ..\CORE\startup_stm32f427xx.s
   Uses
      At line 101 in file ..\CORE\startup_stm32f427xx.s
      At line 260 in file ..\CORE\startup_stm32f427xx.s

EXTI4_IRQHandler 00000024

Symbol: EXTI4_IRQHandler
   Definitions
      At line 350 in file ..\CORE\startup_stm32f427xx.s
   Uses
      At line 102 in file ..\CORE\startup_stm32f427xx.s
      At line 261 in file ..\CORE\startup_stm32f427xx.s

EXTI9_5_IRQHandler 00000024

Symbol: EXTI9_5_IRQHandler
   Definitions
      At line 363 in file ..\CORE\startup_stm32f427xx.s



ARM Macro Assembler    Page 7 Alphabetic symbol ordering
Relocatable symbols

   Uses
      At line 115 in file ..\CORE\startup_stm32f427xx.s
      At line 274 in file ..\CORE\startup_stm32f427xx.s

FLASH_IRQHandler 00000024

Symbol: FLASH_IRQHandler
   Definitions
      At line 344 in file ..\CORE\startup_stm32f427xx.s
   Uses
      At line 96 in file ..\CORE\startup_stm32f427xx.s
      At line 255 in file ..\CORE\startup_stm32f427xx.s

FMC_IRQHandler 00000024

Symbol: FMC_IRQHandler
   Definitions
      At line 388 in file ..\CORE\startup_stm32f427xx.s
   Uses
      At line 140 in file ..\CORE\startup_stm32f427xx.s
      At line 299 in file ..\CORE\startup_stm32f427xx.s

FPU_IRQHandler 00000024

Symbol: FPU_IRQHandler
   Definitions
      At line 420 in file ..\CORE\startup_stm32f427xx.s
   Uses
      At line 173 in file ..\CORE\startup_stm32f427xx.s
      At line 331 in file ..\CORE\startup_stm32f427xx.s

HASH_RNG_IRQHandler 00000024

Symbol: HASH_RNG_IRQHandler
   Definitions
      At line 419 in file ..\CORE\startup_stm32f427xx.s
   Uses
      At line 172 in file ..\CORE\startup_stm32f427xx.s
      At line 330 in file ..\CORE\startup_stm32f427xx.s

HardFault_Handler 00000014

Symbol: HardFault_Handler
   Definitions
      At line 212 in file ..\CORE\startup_stm32f427xx.s
   Uses
      At line 77 in file ..\CORE\startup_stm32f427xx.s
      At line 213 in file ..\CORE\startup_stm32f427xx.s

I2C1_ER_IRQHandler 00000024

Symbol: I2C1_ER_IRQHandler
   Definitions
      At line 372 in file ..\CORE\startup_stm32f427xx.s
   Uses
      At line 124 in file ..\CORE\startup_stm32f427xx.s
      At line 283 in file ..\CORE\startup_stm32f427xx.s

I2C1_EV_IRQHandler 00000024



ARM Macro Assembler    Page 8 Alphabetic symbol ordering
Relocatable symbols


Symbol: I2C1_EV_IRQHandler
   Definitions
      At line 371 in file ..\CORE\startup_stm32f427xx.s
   Uses
      At line 123 in file ..\CORE\startup_stm32f427xx.s
      At line 282 in file ..\CORE\startup_stm32f427xx.s

I2C2_ER_IRQHandler 00000024

Symbol: I2C2_ER_IRQHandler
   Definitions
      At line 374 in file ..\CORE\startup_stm32f427xx.s
   Uses
      At line 126 in file ..\CORE\startup_stm32f427xx.s
      At line 285 in file ..\CORE\startup_stm32f427xx.s

I2C2_EV_IRQHandler 00000024

Symbol: I2C2_EV_IRQHandler
   Definitions
      At line 373 in file ..\CORE\startup_stm32f427xx.s
   Uses
      At line 125 in file ..\CORE\startup_stm32f427xx.s
      At line 284 in file ..\CORE\startup_stm32f427xx.s

I2C3_ER_IRQHandler 00000024

Symbol: I2C3_ER_IRQHandler
   Definitions
      At line 413 in file ..\CORE\startup_stm32f427xx.s
   Uses
      At line 165 in file ..\CORE\startup_stm32f427xx.s
      At line 324 in file ..\CORE\startup_stm32f427xx.s

I2C3_EV_IRQHandler 00000024

Symbol: I2C3_EV_IRQHandler
   Definitions
      At line 412 in file ..\CORE\startup_stm32f427xx.s
   Uses
      At line 164 in file ..\CORE\startup_stm32f427xx.s
      At line 323 in file ..\CORE\startup_stm32f427xx.s

MemManage_Handler 00000016

Symbol: MemManage_Handler
   Definitions
      At line 217 in file ..\CORE\startup_stm32f427xx.s
   Uses
      At line 78 in file ..\CORE\startup_stm32f427xx.s
      At line 218 in file ..\CORE\startup_stm32f427xx.s

NMI_Handler 00000012

Symbol: NMI_Handler
   Definitions
      At line 207 in file ..\CORE\startup_stm32f427xx.s
   Uses



ARM Macro Assembler    Page 9 Alphabetic symbol ordering
Relocatable symbols

      At line 76 in file ..\CORE\startup_stm32f427xx.s
      At line 208 in file ..\CORE\startup_stm32f427xx.s

OTG_FS_IRQHandler 00000024

Symbol: OTG_FS_IRQHandler
   Definitions
      At line 407 in file ..\CORE\startup_stm32f427xx.s
   Uses
      At line 159 in file ..\CORE\startup_stm32f427xx.s
      At line 318 in file ..\CORE\startup_stm32f427xx.s

OTG_FS_WKUP_IRQHandler 00000024

Symbol: OTG_FS_WKUP_IRQHandler
   Definitions
      At line 382 in file ..\CORE\startup_stm32f427xx.s
   Uses
      At line 134 in file ..\CORE\startup_stm32f427xx.s
      At line 293 in file ..\CORE\startup_stm32f427xx.s

OTG_HS_EP1_IN_IRQHandler 00000024

Symbol: OTG_HS_EP1_IN_IRQHandler
   Definitions
      At line 415 in file ..\CORE\startup_stm32f427xx.s
   Uses
      At line 167 in file ..\CORE\startup_stm32f427xx.s
      At line 326 in file ..\CORE\startup_stm32f427xx.s

OTG_HS_EP1_OUT_IRQHandler 00000024

Symbol: OTG_HS_EP1_OUT_IRQHandler
   Definitions
      At line 414 in file ..\CORE\startup_stm32f427xx.s
   Uses
      At line 166 in file ..\CORE\startup_stm32f427xx.s
      At line 325 in file ..\CORE\startup_stm32f427xx.s

OTG_HS_IRQHandler 00000024

Symbol: OTG_HS_IRQHandler
   Definitions
      At line 417 in file ..\CORE\startup_stm32f427xx.s
   Uses
      At line 169 in file ..\CORE\startup_stm32f427xx.s
      At line 328 in file ..\CORE\startup_stm32f427xx.s

OTG_HS_WKUP_IRQHandler 00000024

Symbol: OTG_HS_WKUP_IRQHandler
   Definitions
      At line 416 in file ..\CORE\startup_stm32f427xx.s
   Uses
      At line 168 in file ..\CORE\startup_stm32f427xx.s
      At line 327 in file ..\CORE\startup_stm32f427xx.s

PVD_IRQHandler 00000024




ARM Macro Assembler    Page 10 Alphabetic symbol ordering
Relocatable symbols

Symbol: PVD_IRQHandler
   Definitions
      At line 341 in file ..\CORE\startup_stm32f427xx.s
   Uses
      At line 93 in file ..\CORE\startup_stm32f427xx.s
      At line 252 in file ..\CORE\startup_stm32f427xx.s

PendSV_Handler 00000020

Symbol: PendSV_Handler
   Definitions
      At line 240 in file ..\CORE\startup_stm32f427xx.s
   Uses
      At line 88 in file ..\CORE\startup_stm32f427xx.s
      At line 241 in file ..\CORE\startup_stm32f427xx.s

RCC_IRQHandler 00000024

Symbol: RCC_IRQHandler
   Definitions
      At line 345 in file ..\CORE\startup_stm32f427xx.s
   Uses
      At line 97 in file ..\CORE\startup_stm32f427xx.s
      At line 256 in file ..\CORE\startup_stm32f427xx.s

RTC_Alarm_IRQHandler 00000024

Symbol: RTC_Alarm_IRQHandler
   Definitions
      At line 381 in file ..\CORE\startup_stm32f427xx.s
   Uses
      At line 133 in file ..\CORE\startup_stm32f427xx.s
      At line 292 in file ..\CORE\startup_stm32f427xx.s

RTC_WKUP_IRQHandler 00000024

Symbol: RTC_WKUP_IRQHandler
   Definitions
      At line 343 in file ..\CORE\startup_stm32f427xx.s
   Uses
      At line 95 in file ..\CORE\startup_stm32f427xx.s
      At line 254 in file ..\CORE\startup_stm32f427xx.s

Reset_Handler 00000000

Symbol: Reset_Handler
   Definitions
      At line 191 in file ..\CORE\startup_stm32f427xx.s
   Uses
      At line 75 in file ..\CORE\startup_stm32f427xx.s
      At line 192 in file ..\CORE\startup_stm32f427xx.s

SAI1_IRQHandler 00000024

Symbol: SAI1_IRQHandler
   Definitions
      At line 426 in file ..\CORE\startup_stm32f427xx.s
   Uses
      At line 179 in file ..\CORE\startup_stm32f427xx.s



ARM Macro Assembler    Page 11 Alphabetic symbol ordering
Relocatable symbols

      At line 337 in file ..\CORE\startup_stm32f427xx.s

SDIO_IRQHandler 00000024

Symbol: SDIO_IRQHandler
   Definitions
      At line 389 in file ..\CORE\startup_stm32f427xx.s
   Uses
      At line 141 in file ..\CORE\startup_stm32f427xx.s
      At line 300 in file ..\CORE\startup_stm32f427xx.s

SPI1_IRQHandler 00000024

Symbol: SPI1_IRQHandler
   Definitions
      At line 375 in file ..\CORE\startup_stm32f427xx.s
   Uses
      At line 127 in file ..\CORE\startup_stm32f427xx.s
      At line 286 in file ..\CORE\startup_stm32f427xx.s

SPI2_IRQHandler 00000024

Symbol: SPI2_IRQHandler
   Definitions
      At line 376 in file ..\CORE\startup_stm32f427xx.s
   Uses
      At line 128 in file ..\CORE\startup_stm32f427xx.s
      At line 287 in file ..\CORE\startup_stm32f427xx.s

SPI3_IRQHandler 00000024

Symbol: SPI3_IRQHandler
   Definitions
      At line 391 in file ..\CORE\startup_stm32f427xx.s
   Uses
      At line 143 in file ..\CORE\startup_stm32f427xx.s
      At line 302 in file ..\CORE\startup_stm32f427xx.s

SPI4_IRQHandler 00000024

Symbol: SPI4_IRQHandler
   Definitions
      At line 423 in file ..\CORE\startup_stm32f427xx.s
   Uses
      At line 176 in file ..\CORE\startup_stm32f427xx.s
      At line 334 in file ..\CORE\startup_stm32f427xx.s

SPI5_IRQHandler 00000024

Symbol: SPI5_IRQHandler
   Definitions
      At line 424 in file ..\CORE\startup_stm32f427xx.s
   Uses
      At line 177 in file ..\CORE\startup_stm32f427xx.s
      At line 335 in file ..\CORE\startup_stm32f427xx.s

SPI6_IRQHandler 00000024

Symbol: SPI6_IRQHandler



ARM Macro Assembler    Page 12 Alphabetic symbol ordering
Relocatable symbols

   Definitions
      At line 425 in file ..\CORE\startup_stm32f427xx.s
   Uses
      At line 178 in file ..\CORE\startup_stm32f427xx.s
      At line 336 in file ..\CORE\startup_stm32f427xx.s

SVC_Handler 0000001C

Symbol: SVC_Handler
   Definitions
      At line 231 in file ..\CORE\startup_stm32f427xx.s
   Uses
      At line 85 in file ..\CORE\startup_stm32f427xx.s
      At line 232 in file ..\CORE\startup_stm32f427xx.s

SysTick_Handler 00000022

Symbol: SysTick_Handler
   Definitions
      At line 244 in file ..\CORE\startup_stm32f427xx.s
   Uses
      At line 89 in file ..\CORE\startup_stm32f427xx.s
      At line 245 in file ..\CORE\startup_stm32f427xx.s

TAMP_STAMP_IRQHandler 00000024

Symbol: TAMP_STAMP_IRQHandler
   Definitions
      At line 342 in file ..\CORE\startup_stm32f427xx.s
   Uses
      At line 94 in file ..\CORE\startup_stm32f427xx.s
      At line 253 in file ..\CORE\startup_stm32f427xx.s

TIM1_BRK_TIM9_IRQHandler 00000024

Symbol: TIM1_BRK_TIM9_IRQHandler
   Definitions
      At line 364 in file ..\CORE\startup_stm32f427xx.s
   Uses
      At line 116 in file ..\CORE\startup_stm32f427xx.s
      At line 275 in file ..\CORE\startup_stm32f427xx.s

TIM1_CC_IRQHandler 00000024

Symbol: TIM1_CC_IRQHandler
   Definitions
      At line 367 in file ..\CORE\startup_stm32f427xx.s
   Uses
      At line 119 in file ..\CORE\startup_stm32f427xx.s
      At line 278 in file ..\CORE\startup_stm32f427xx.s

TIM1_TRG_COM_TIM11_IRQHandler 00000024

Symbol: TIM1_TRG_COM_TIM11_IRQHandler
   Definitions
      At line 366 in file ..\CORE\startup_stm32f427xx.s
   Uses
      At line 118 in file ..\CORE\startup_stm32f427xx.s
      At line 277 in file ..\CORE\startup_stm32f427xx.s



ARM Macro Assembler    Page 13 Alphabetic symbol ordering
Relocatable symbols


TIM1_UP_TIM10_IRQHandler 00000024

Symbol: TIM1_UP_TIM10_IRQHandler
   Definitions
      At line 365 in file ..\CORE\startup_stm32f427xx.s
   Uses
      At line 117 in file ..\CORE\startup_stm32f427xx.s
      At line 276 in file ..\CORE\startup_stm32f427xx.s

TIM2_IRQHandler 00000024

Symbol: TIM2_IRQHandler
   Definitions
      At line 368 in file ..\CORE\startup_stm32f427xx.s
   Uses
      At line 120 in file ..\CORE\startup_stm32f427xx.s
      At line 279 in file ..\CORE\startup_stm32f427xx.s

TIM3_IRQHandler 00000024

Symbol: TIM3_IRQHandler
   Definitions
      At line 369 in file ..\CORE\startup_stm32f427xx.s
   Uses
      At line 121 in file ..\CORE\startup_stm32f427xx.s
      At line 280 in file ..\CORE\startup_stm32f427xx.s

TIM4_IRQHandler 00000024

Symbol: TIM4_IRQHandler
   Definitions
      At line 370 in file ..\CORE\startup_stm32f427xx.s
   Uses
      At line 122 in file ..\CORE\startup_stm32f427xx.s
      At line 281 in file ..\CORE\startup_stm32f427xx.s

TIM5_IRQHandler 00000024

Symbol: TIM5_IRQHandler
   Definitions
      At line 390 in file ..\CORE\startup_stm32f427xx.s
   Uses
      At line 142 in file ..\CORE\startup_stm32f427xx.s
      At line 301 in file ..\CORE\startup_stm32f427xx.s

TIM6_DAC_IRQHandler 00000024

Symbol: TIM6_DAC_IRQHandler
   Definitions
      At line 394 in file ..\CORE\startup_stm32f427xx.s
   Uses
      At line 146 in file ..\CORE\startup_stm32f427xx.s
      At line 305 in file ..\CORE\startup_stm32f427xx.s

TIM7_IRQHandler 00000024

Symbol: TIM7_IRQHandler
   Definitions



ARM Macro Assembler    Page 14 Alphabetic symbol ordering
Relocatable symbols

      At line 395 in file ..\CORE\startup_stm32f427xx.s
   Uses
      At line 147 in file ..\CORE\startup_stm32f427xx.s
      At line 306 in file ..\CORE\startup_stm32f427xx.s

TIM8_BRK_TIM12_IRQHandler 00000024

Symbol: TIM8_BRK_TIM12_IRQHandler
   Definitions
      At line 383 in file ..\CORE\startup_stm32f427xx.s
   Uses
      At line 135 in file ..\CORE\startup_stm32f427xx.s
      At line 294 in file ..\CORE\startup_stm32f427xx.s

TIM8_CC_IRQHandler 00000024

Symbol: TIM8_CC_IRQHandler
   Definitions
      At line 386 in file ..\CORE\startup_stm32f427xx.s
   Uses
      At line 138 in file ..\CORE\startup_stm32f427xx.s
      At line 297 in file ..\CORE\startup_stm32f427xx.s

TIM8_TRG_COM_TIM14_IRQHandler 00000024

Symbol: TIM8_TRG_COM_TIM14_IRQHandler
   Definitions
      At line 385 in file ..\CORE\startup_stm32f427xx.s
   Uses
      At line 137 in file ..\CORE\startup_stm32f427xx.s
      At line 296 in file ..\CORE\startup_stm32f427xx.s

TIM8_UP_TIM13_IRQHandler 00000024

Symbol: TIM8_UP_TIM13_IRQHandler
   Definitions
      At line 384 in file ..\CORE\startup_stm32f427xx.s
   Uses
      At line 136 in file ..\CORE\startup_stm32f427xx.s
      At line 295 in file ..\CORE\startup_stm32f427xx.s

UART4_IRQHandler 00000024

Symbol: UART4_IRQHandler
   Definitions
      At line 392 in file ..\CORE\startup_stm32f427xx.s
   Uses
      At line 144 in file ..\CORE\startup_stm32f427xx.s
      At line 303 in file ..\CORE\startup_stm32f427xx.s

UART5_IRQHandler 00000024

Symbol: UART5_IRQHandler
   Definitions
      At line 393 in file ..\CORE\startup_stm32f427xx.s
   Uses
      At line 145 in file ..\CORE\startup_stm32f427xx.s
      At line 304 in file ..\CORE\startup_stm32f427xx.s




ARM Macro Assembler    Page 15 Alphabetic symbol ordering
Relocatable symbols

UART7_IRQHandler 00000024

Symbol: UART7_IRQHandler
   Definitions
      At line 421 in file ..\CORE\startup_stm32f427xx.s
   Uses
      At line 174 in file ..\CORE\startup_stm32f427xx.s
      At line 332 in file ..\CORE\startup_stm32f427xx.s

UART8_IRQHandler 00000024

Symbol: UART8_IRQHandler
   Definitions
      At line 422 in file ..\CORE\startup_stm32f427xx.s
   Uses
      At line 175 in file ..\CORE\startup_stm32f427xx.s
      At line 333 in file ..\CORE\startup_stm32f427xx.s

USART1_IRQHandler 00000024

Symbol: USART1_IRQHandler
   Definitions
      At line 377 in file ..\CORE\startup_stm32f427xx.s
   Uses
      At line 129 in file ..\CORE\startup_stm32f427xx.s
      At line 288 in file ..\CORE\startup_stm32f427xx.s

USART2_IRQHandler 00000024

Symbol: USART2_IRQHandler
   Definitions
      At line 378 in file ..\CORE\startup_stm32f427xx.s
   Uses
      At line 130 in file ..\CORE\startup_stm32f427xx.s
      At line 289 in file ..\CORE\startup_stm32f427xx.s

USART3_IRQHandler 00000024

Symbol: USART3_IRQHandler
   Definitions
      At line 379 in file ..\CORE\startup_stm32f427xx.s
   Uses
      At line 131 in file ..\CORE\startup_stm32f427xx.s
      At line 290 in file ..\CORE\startup_stm32f427xx.s

USART6_IRQHandler 00000024

Symbol: USART6_IRQHandler
   Definitions
      At line 411 in file ..\CORE\startup_stm32f427xx.s
   Uses
      At line 163 in file ..\CORE\startup_stm32f427xx.s
      At line 322 in file ..\CORE\startup_stm32f427xx.s

UsageFault_Handler 0000001A

Symbol: UsageFault_Handler
   Definitions
      At line 227 in file ..\CORE\startup_stm32f427xx.s



ARM Macro Assembler    Page 16 Alphabetic symbol ordering
Relocatable symbols

   Uses
      At line 80 in file ..\CORE\startup_stm32f427xx.s
      At line 228 in file ..\CORE\startup_stm32f427xx.s

WWDG_IRQHandler 00000024

Symbol: WWDG_IRQHandler
   Definitions
      At line 340 in file ..\CORE\startup_stm32f427xx.s
   Uses
      At line 92 in file ..\CORE\startup_stm32f427xx.s
      At line 251 in file ..\CORE\startup_stm32f427xx.s

__user_initial_stackheap 00000028

Symbol: __user_initial_stackheap
   Definitions
      At line 448 in file ..\CORE\startup_stm32f427xx.s
   Uses
      At line 446 in file ..\CORE\startup_stm32f427xx.s
Comment: __user_initial_stackheap used once
101 symbols



ARM Macro Assembler    Page 1 Alphabetic symbol ordering
Absolute symbols

Heap_Size 00000000

Symbol: Heap_Size
   Definitions
      At line 57 in file ..\CORE\startup_stm32f427xx.s
   Uses
      At line 61 in file ..\CORE\startup_stm32f427xx.s
      At line 452 in file ..\CORE\startup_stm32f427xx.s

Stack_Size 00000400

Symbol: Stack_Size
   Definitions
      At line 46 in file ..\CORE\startup_stm32f427xx.s
   Uses
      At line 49 in file ..\CORE\startup_stm32f427xx.s
      At line 451 in file ..\CORE\startup_stm32f427xx.s

__Vectors_Size 000001AC

Symbol: __Vectors_Size
   Definitions
      At line 186 in file ..\CORE\startup_stm32f427xx.s
   Uses
      At line 72 in file ..\CORE\startup_stm32f427xx.s
Comment: __Vectors_Size used once
3 symbols



ARM Macro Assembler    Page 1 Alphabetic symbol ordering
External symbols

SystemInit 00000000

Symbol: SystemInit
   Definitions
      At line 193 in file ..\CORE\startup_stm32f427xx.s
   Uses
      At line 199 in file ..\CORE\startup_stm32f427xx.s
Comment: SystemInit used once
__main 00000000

Symbol: __main
   Definitions
      At line 194 in file ..\CORE\startup_stm32f427xx.s
   Uses
      At line 201 in file ..\CORE\startup_stm32f427xx.s
Comment: __main used once
__use_two_region_memory 00000000

Symbol: __use_two_region_memory
   Definitions
      At line 445 in file ..\CORE\startup_stm32f427xx.s
   Uses
      None
Comment: __use_two_region_memory unused
3 symbols
454 symbols in table
